<?xml version="1.0" encoding="UTF-8"?>
<coverage generated="1773410859175" clover="3.2.0">
  <project timestamp="1773410859175" name="All files">
    <metrics statements="514" coveredstatements="390" conditionals="528" coveredconditionals="342" methods="193" coveredmethods="146" elements="1235" coveredelements="878" complexity="0" loc="514" ncloc="514" packages="18" files="22" classes="22"/>
    <package name="app.(app)">
      <metrics statements="1" coveredstatements="1" conditionals="0" coveredconditionals="0" methods="1" coveredmethods="1"/>
      <file name="_layout.tsx" path="/Users/maai/Documents/GitHub/kitchen-assistant/src/frontend/app/(app)/_layout.tsx">
        <metrics statements="1" coveredstatements="1" conditionals="0" coveredconditionals="0" methods="1" coveredmethods="1"/>
        <line num="5" count="1" type="stmt"/>
      </file>
    </package>
    <package name="app.(app).kitchen">
      <metrics statements="1" coveredstatements="1" conditionals="0" coveredconditionals="0" methods="1" coveredmethods="1"/>
      <file name="_layout.tsx" path="/Users/maai/Documents/GitHub/kitchen-assistant/src/frontend/app/(app)/kitchen/_layout.tsx">
        <metrics statements="1" coveredstatements="1" conditionals="0" coveredconditionals="0" methods="1" coveredmethods="1"/>
        <line num="5" count="1" type="stmt"/>
      </file>
    </package>
    <package name="app.(app).planner">
      <metrics statements="1" coveredstatements="1" conditionals="0" coveredconditionals="0" methods="1" coveredmethods="1"/>
      <file name="_layout.tsx" path="/Users/maai/Documents/GitHub/kitchen-assistant/src/frontend/app/(app)/planner/_layout.tsx">
        <metrics statements="1" coveredstatements="1" conditionals="0" coveredconditionals="0" methods="1" coveredmethods="1"/>
        <line num="5" count="1" type="stmt"/>
      </file>
    </package>
    <package name="app.(app).recipes">
      <metrics statements="1" coveredstatements="1" conditionals="0" coveredconditionals="0" methods="1" coveredmethods="1"/>
      <file name="_layout.tsx" path="/Users/maai/Documents/GitHub/kitchen-assistant/src/frontend/app/(app)/recipes/_layout.tsx">
        <metrics statements="1" coveredstatements="1" conditionals="0" coveredconditionals="0" methods="1" coveredmethods="1"/>
        <line num="5" count="1" type="stmt"/>
      </file>
    </package>
    <package name="navigation">
      <metrics statements="4" coveredstatements="4" conditionals="0" coveredconditionals="0" methods="0" coveredmethods="0"/>
      <file name="routeOptions.ts" path="/Users/maai/Documents/GitHub/kitchen-assistant/src/frontend/navigation/routeOptions.ts">
        <metrics statements="4" coveredstatements="4" conditionals="0" coveredconditionals="0" methods="0" coveredmethods="0"/>
        <line num="3" count="1" type="stmt"/>
        <line num="9" count="1" type="stmt"/>
        <line num="15" count="1" type="stmt"/>
        <line num="21" count="1" type="stmt"/>
      </file>
    </package>
    <package name="src.components.layout">
      <metrics statements="10" coveredstatements="10" conditionals="33" coveredconditionals="23" methods="4" coveredmethods="4"/>
      <file name="AppScaffold.tsx" path="/Users/maai/Documents/GitHub/kitchen-assistant/src/frontend/src/components/layout/AppScaffold.tsx">
        <metrics statements="10" coveredstatements="10" conditionals="33" coveredconditionals="23" methods="4" coveredmethods="4"/>
        <line num="10" count="7" type="stmt"/>
        <line num="17" count="7" type="stmt"/>
        <line num="25" count="23" type="stmt"/>
        <line num="27" count="23" type="stmt"/>
        <line num="38" count="92" type="stmt"/>
        <line num="39" count="92" type="stmt"/>
        <line num="40" count="2" type="stmt"/>
        <line num="80" count="19" type="stmt"/>
        <line num="81" count="19" type="cond" truecount="4" falsecount="0"/>
        <line num="83" count="19" type="stmt"/>
      </file>
    </package>
    <package name="src.components.ui">
      <metrics statements="62" coveredstatements="59" conditionals="104" coveredconditionals="88" methods="32" coveredmethods="31"/>
      <file name="ToastHost.tsx" path="/Users/maai/Documents/GitHub/kitchen-assistant/src/frontend/src/components/ui/ToastHost.tsx">
        <metrics statements="17" coveredstatements="16" conditionals="6" coveredconditionals="4" methods="11" coveredmethods="11"/>
        <line num="8" count="2" type="cond" truecount="2" falsecount="0"/>
        <line num="9" count="1" type="stmt"/>
        <line num="16" count="1" type="cond" truecount="1" falsecount="1"/>
        <line num="17" count="1" type="stmt"/>
        <line num="24" count="0" type="stmt"/>
        <line num="32" count="22" type="stmt"/>
        <line num="33" count="22" type="stmt"/>
        <line num="35" count="6" type="stmt"/>
        <line num="36" count="6" type="stmt"/>
        <line num="37" count="2" type="stmt"/>
        <line num="38" count="1" type="stmt"/>
        <line num="42" count="6" type="stmt"/>
        <line num="43" count="6" type="stmt"/>
        <line num="47" count="6" type="stmt"/>
        <line num="50" count="2" type="stmt"/>
        <line num="51" count="2" type="stmt"/>
        <line num="52" count="1" type="stmt"/>
      </file>
      <file name="primitives.tsx" path="/Users/maai/Documents/GitHub/kitchen-assistant/src/frontend/src/components/ui/primitives.tsx">
        <metrics statements="45" coveredstatements="43" conditionals="98" coveredconditionals="84" methods="21" coveredmethods="20"/>
        <line num="6" count="9" type="stmt"/>
        <line num="50" count="56" type="cond" truecount="4" falsecount="0"/>
        <line num="51" count="4" type="stmt"/>
        <line num="57" count="52" type="cond" truecount="2" falsecount="0"/>
        <line num="58" count="2" type="stmt"/>
        <line num="64" count="50" type="cond" truecount="2" falsecount="0"/>
        <line num="65" count="2" type="stmt"/>
        <line num="71" count="48" type="cond" truecount="1" falsecount="1"/>
        <line num="72" count="0" type="stmt"/>
        <line num="78" count="48" type="cond" truecount="2" falsecount="0"/>
        <line num="79" count="6" type="stmt"/>
        <line num="85" count="42" type="stmt"/>
        <line num="100" count="131" type="stmt"/>
        <line num="110" count="56" type="stmt"/>
        <line num="112" count="56" type="stmt"/>
        <line num="135" count="12" type="stmt"/>
        <line num="153" count="17" type="stmt"/>
        <line num="179" count="11" type="stmt"/>
        <line num="238" count="11" type="stmt"/>
        <line num="272" count="1" type="stmt"/>
        <line num="275" count="2" type="stmt"/>
        <line num="277" count="2" type="stmt"/>
        <line num="278" count="1" type="stmt"/>
        <line num="312" count="25" type="stmt"/>
        <line num="347" count="12" type="cond" truecount="4" falsecount="0"/>
        <line num="348" count="12" type="cond" truecount="2" falsecount="0"/>
        <line num="355" count="12" type="cond" truecount="2" falsecount="0"/>
        <line num="363" count="12" type="stmt"/>
        <line num="395" count="4" type="cond" truecount="2" falsecount="0"/>
        <line num="405" count="4" type="stmt"/>
        <line num="431" count="52" type="cond" truecount="2" falsecount="0"/>
        <line num="441" count="52" type="stmt"/>
        <line num="442" count="52" type="cond" truecount="4" falsecount="0"/>
        <line num="443" count="49" type="stmt"/>
        <line num="450" count="3" type="stmt"/>
        <line num="453" count="52" type="stmt"/>
        <line num="477" count="12" type="stmt"/>
        <line num="485" count="0" type="stmt"/>
        <line num="504" count="1" type="stmt"/>
        <line num="528" count="1" type="stmt"/>
        <line num="554" count="5" type="cond" truecount="2" falsecount="0"/>
        <line num="555" count="4" type="stmt"/>
        <line num="558" count="1" type="stmt"/>
        <line num="598" count="9" type="cond" truecount="3" falsecount="1"/>
        <line num="600" count="9" type="stmt"/>
      </file>
    </package>
    <package name="src.features.home">
      <metrics statements="28" coveredstatements="24" conditionals="34" coveredconditionals="23" methods="10" coveredmethods="8"/>
      <file name="HomeScreen.tsx" path="/Users/maai/Documents/GitHub/kitchen-assistant/src/frontend/src/features/home/HomeScreen.tsx">
        <metrics statements="28" coveredstatements="24" conditionals="34" coveredconditionals="23" methods="10" coveredmethods="8"/>
        <line num="18" count="0" type="stmt"/>
        <line num="22" count="2" type="cond" truecount="4" falsecount="0"/>
        <line num="23" count="1" type="stmt"/>
        <line num="26" count="1" type="stmt"/>
        <line num="30" count="4" type="stmt"/>
        <line num="31" count="4" type="stmt"/>
        <line num="32" count="4" type="stmt"/>
        <line num="33" count="4" type="stmt"/>
        <line num="35" count="4" type="stmt"/>
        <line num="36" count="2" type="stmt"/>
        <line num="37" count="2" type="stmt"/>
        <line num="38" count="2" type="stmt"/>
        <line num="40" count="0" type="cond" truecount="0" falsecount="2"/>
        <line num="42" count="2" type="stmt"/>
        <line num="46" count="2" type="stmt"/>
        <line num="49" count="4" type="cond" truecount="2" falsecount="0"/>
        <line num="51" count="4" type="stmt"/>
        <line num="61" count="0" type="stmt"/>
        <line num="62" count="0" type="stmt"/>
        <line num="71" count="1" type="stmt"/>
        <line num="124" count="2" type="stmt"/>
        <line num="126" count="2" type="cond" truecount="1" falsecount="1"/>
        <line num="128" count="2" type="cond" truecount="3" falsecount="1"/>
        <line num="131" count="2" type="stmt"/>
        <line num="133" count="2" type="stmt"/>
        <line num="139" count="2" type="cond" truecount="1" falsecount="1"/>
        <line num="140" count="2" type="stmt"/>
        <line num="172" count="2" type="stmt"/>
      </file>
    </package>
    <package name="src.features.kitchen">
      <metrics statements="210" coveredstatements="132" conditionals="201" coveredconditionals="100" methods="58" coveredmethods="33"/>
      <file name="EditOcrItemScreen.tsx" path="/Users/maai/Documents/GitHub/kitchen-assistant/src/frontend/src/features/kitchen/EditOcrItemScreen.tsx">
        <metrics statements="40" coveredstatements="31" conditionals="29" coveredconditionals="18" methods="10" coveredmethods="7"/>
        <line num="25" count="3" type="stmt"/>
        <line num="26" count="3" type="stmt"/>
        <line num="27" count="10" type="stmt"/>
        <line num="28" count="3" type="stmt"/>
        <line num="29" count="3" type="stmt"/>
        <line num="30" count="3" type="stmt"/>
        <line num="31" count="3" type="stmt"/>
        <line num="32" count="3" type="stmt"/>
        <line num="33" count="3" type="stmt"/>
        <line num="35" count="3" type="stmt"/>
        <line num="36" count="1" type="stmt"/>
        <line num="37" count="1" type="stmt"/>
        <line num="38" count="1" type="stmt"/>
        <line num="39" count="1" type="cond" truecount="1" falsecount="1"/>
        <line num="40" count="0" type="stmt"/>
        <line num="42" count="1" type="stmt"/>
        <line num="43" count="1" type="stmt"/>
        <line num="44" count="1" type="stmt"/>
        <line num="45" count="1" type="stmt"/>
        <line num="46" count="1" type="cond" truecount="2" falsecount="0"/>
        <line num="49" count="1" type="stmt"/>
        <line num="52" count="3" type="stmt"/>
        <line num="53" count="3" type="stmt"/>
        <line num="55" count="3" type="cond" truecount="4" falsecount="1"/>
        <line num="60" count="3" type="cond" truecount="2" falsecount="0"/>
        <line num="61" count="1" type="stmt"/>
        <line num="70" count="2" type="stmt"/>
        <line num="185" count="0" type="stmt"/>
        <line num="192" count="1" type="cond" truecount="1" falsecount="1"/>
        <line num="193" count="0" type="stmt"/>
        <line num="200" count="0" type="stmt"/>
        <line num="203" count="1" type="cond" truecount="1" falsecount="1"/>
        <line num="204" count="0" type="stmt"/>
        <line num="210" count="0" type="stmt"/>
        <line num="213" count="1" type="stmt"/>
        <line num="220" count="1" type="stmt"/>
        <line num="225" count="1" type="stmt"/>
        <line num="234" count="0" type="stmt"/>
        <line num="235" count="0" type="stmt"/>
        <line num="240" count="0" type="stmt"/>
      </file>
      <file name="KitchenHubScreen.tsx" path="/Users/maai/Documents/GitHub/kitchen-assistant/src/frontend/src/features/kitchen/KitchenHubScreen.tsx">
        <metrics statements="87" coveredstatements="46" conditionals="91" coveredconditionals="41" methods="28" coveredmethods="13"/>
        <line num="27" count="1" type="stmt"/>
        <line num="34" count="0" type="stmt"/>
        <line num="38" count="3" type="stmt"/>
        <line num="42" count="3" type="cond" truecount="1" falsecount="1"/>
        <line num="43" count="3" type="stmt"/>
        <line num="46" count="0" type="stmt"/>
        <line num="47" count="0" type="stmt"/>
        <line num="48" count="0" type="stmt"/>
        <line num="49" count="0" type="stmt"/>
        <line num="50" count="0" type="stmt"/>
        <line num="54" count="3" type="cond" truecount="1" falsecount="1"/>
        <line num="55" count="0" type="stmt"/>
        <line num="58" count="3" type="cond" truecount="2" falsecount="0"/>
        <line num="60" count="3" type="cond" truecount="1" falsecount="1"/>
        <line num="61" count="3" type="stmt"/>
        <line num="67" count="0" type="cond" truecount="0" falsecount="2"/>
        <line num="68" count="0" type="stmt"/>
        <line num="71" count="0" type="stmt"/>
        <line num="78" count="5" type="stmt"/>
        <line num="79" count="15" type="stmt"/>
        <line num="80" count="5" type="stmt"/>
        <line num="81" count="5" type="stmt"/>
        <line num="82" count="5" type="stmt"/>
        <line num="83" count="5" type="stmt"/>
        <line num="84" count="5" type="stmt"/>
        <line num="85" count="5" type="stmt"/>
        <line num="86" count="5" type="stmt"/>
        <line num="87" count="5" type="stmt"/>
        <line num="89" count="5" type="cond" truecount="1" falsecount="0"/>
        <line num="90" count="2" type="stmt"/>
        <line num="91" count="2" type="stmt"/>
        <line num="92" count="2" type="stmt"/>
        <line num="93" count="2" type="stmt"/>
        <line num="98" count="2" type="stmt"/>
        <line num="99" count="2" type="stmt"/>
        <line num="100" count="2" type="stmt"/>
        <line num="102" count="0" type="cond" truecount="0" falsecount="2"/>
        <line num="104" count="2" type="stmt"/>
        <line num="108" count="5" type="stmt"/>
        <line num="109" count="1" type="stmt"/>
        <line num="112" count="5" type="stmt"/>
        <line num="113" count="2" type="stmt"/>
        <line num="116" count="5" type="stmt"/>
        <line num="117" count="1" type="cond" truecount="1" falsecount="1"/>
        <line num="118" count="0" type="stmt"/>
        <line num="121" count="1" type="stmt"/>
        <line num="122" count="1" type="stmt"/>
        <line num="125" count="5" type="stmt"/>
        <line num="126" count="2" type="stmt"/>
        <line num="127" count="2" type="cond" truecount="2" falsecount="0"/>
        <line num="129" count="2" type="cond" truecount="1" falsecount="1"/>
        <line num="130" count="2" type="stmt"/>
        <line num="133" count="0" type="stmt"/>
        <line num="137" count="5" type="cond" truecount="1" falsecount="1"/>
        <line num="141" count="0" type="cond" truecount="0" falsecount="2"/>
        <line num="142" count="0" type="stmt"/>
        <line num="143" count="0" type="stmt"/>
        <line num="149" count="0" type="stmt"/>
        <line num="150" count="0" type="stmt"/>
        <line num="156" count="0" type="stmt"/>
        <line num="157" count="0" type="stmt"/>
        <line num="162" count="0" type="stmt"/>
        <line num="172" count="0" type="cond" truecount="0" falsecount="2"/>
        <line num="173" count="0" type="stmt"/>
        <line num="174" count="0" type="stmt"/>
        <line num="180" count="0" type="stmt"/>
        <line num="181" count="0" type="stmt"/>
        <line num="187" count="0" type="stmt"/>
        <line num="195" count="0" type="cond" truecount="0" falsecount="2"/>
        <line num="203" count="5" type="stmt"/>
        <line num="217" count="0" type="stmt"/>
        <line num="218" count="0" type="cond" truecount="0" falsecount="2"/>
        <line num="219" count="0" type="stmt"/>
        <line num="237" count="0" type="stmt"/>
        <line num="243" count="0" type="stmt"/>
        <line num="249" count="1" type="stmt"/>
        <line num="291" count="0" type="stmt"/>
        <line num="292" count="0" type="stmt"/>
        <line num="299" count="0" type="stmt"/>
        <line num="300" count="0" type="cond" truecount="0" falsecount="2"/>
        <line num="301" count="0" type="stmt"/>
        <line num="328" count="0" type="stmt"/>
        <line num="329" count="0" type="stmt"/>
        <line num="334" count="0" type="stmt"/>
        <line num="366" count="3" type="stmt"/>
        <line num="367" count="3" type="stmt"/>
        <line num="370" count="1" type="stmt"/>
      </file>
      <file name="KitchenItemScreen.tsx" path="/Users/maai/Documents/GitHub/kitchen-assistant/src/frontend/src/features/kitchen/KitchenItemScreen.tsx">
        <metrics statements="83" coveredstatements="55" conditionals="81" coveredconditionals="41" methods="20" coveredmethods="13"/>
        <line num="29" count="1" type="stmt"/>
        <line num="35" count="1" type="stmt"/>
        <line num="50" count="3" type="stmt"/>
        <line num="55" count="1" type="stmt"/>
        <line num="56" count="1" type="cond" truecount="1" falsecount="1"/>
        <line num="62" count="0" type="stmt"/>
        <line num="66" count="3" type="stmt"/>
        <line num="68" count="3" type="cond" truecount="1" falsecount="1"/>
        <line num="69" count="0" type="cond" truecount="0" falsecount="4"/>
        <line num="72" count="3" type="cond" truecount="1" falsecount="1"/>
        <line num="76" count="3" type="cond" truecount="1" falsecount="1"/>
        <line num="77" count="3" type="stmt"/>
        <line num="80" count="0" type="stmt"/>
        <line num="81" count="0" type="stmt"/>
        <line num="82" count="0" type="stmt"/>
        <line num="83" count="0" type="stmt"/>
        <line num="84" count="0" type="stmt"/>
        <line num="86" count="0" type="cond" truecount="0" falsecount="2"/>
        <line num="87" count="0" type="stmt"/>
        <line num="90" count="0" type="stmt"/>
        <line num="94" count="3" type="cond" truecount="1" falsecount="1"/>
        <line num="95" count="0" type="stmt"/>
        <line num="98" count="3" type="cond" truecount="1" falsecount="1"/>
        <line num="99" count="0" type="stmt"/>
        <line num="102" count="3" type="stmt"/>
        <line num="106" count="4" type="stmt"/>
        <line num="107" count="4" type="stmt"/>
        <line num="108" count="13" type="stmt"/>
        <line num="109" count="4" type="stmt"/>
        <line num="110" count="4" type="stmt"/>
        <line num="111" count="4" type="stmt"/>
        <line num="112" count="4" type="stmt"/>
        <line num="113" count="4" type="stmt"/>
        <line num="114" count="4" type="stmt"/>
        <line num="115" count="4" type="stmt"/>
        <line num="116" count="4" type="stmt"/>
        <line num="117" count="4" type="stmt"/>
        <line num="119" count="4" type="stmt"/>
        <line num="120" count="1" type="stmt"/>
        <line num="121" count="1" type="stmt"/>
        <line num="122" count="1" type="stmt"/>
        <line num="123" count="1" type="stmt"/>
        <line num="124" count="1" type="cond" truecount="1" falsecount="1"/>
        <line num="125" count="1" type="stmt"/>
        <line num="126" count="1" type="stmt"/>
        <line num="127" count="1" type="stmt"/>
        <line num="130" count="1" type="cond" truecount="3" falsecount="1"/>
        <line num="131" count="1" type="stmt"/>
        <line num="132" count="1" type="stmt"/>
        <line num="134" count="0" type="cond" truecount="0" falsecount="2"/>
        <line num="138" count="1" type="stmt"/>
        <line num="141" count="4" type="stmt"/>
        <line num="142" count="2" type="cond" truecount="2" falsecount="0"/>
        <line num="143" count="1" type="stmt"/>
        <line num="146" count="1" type="cond" truecount="3" falsecount="1"/>
        <line num="149" count="4" type="stmt"/>
        <line num="151" count="4" type="cond" truecount="4" falsecount="1"/>
        <line num="156" count="4" type="stmt"/>
        <line num="157" count="1" type="cond" truecount="1" falsecount="1"/>
        <line num="158" count="0" type="stmt"/>
        <line num="161" count="1" type="cond" truecount="1" falsecount="1"/>
        <line num="162" count="0" type="stmt"/>
        <line num="169" count="0" type="stmt"/>
        <line num="172" count="1" type="cond" truecount="3" falsecount="1"/>
        <line num="173" count="0" type="stmt"/>
        <line num="179" count="0" type="stmt"/>
        <line num="182" count="1" type="stmt"/>
        <line num="190" count="1" type="stmt"/>
        <line num="195" count="1" type="stmt"/>
        <line num="198" count="4" type="cond" truecount="2" falsecount="0"/>
        <line num="199" count="1" type="stmt"/>
        <line num="208" count="3" type="stmt"/>
        <line num="228" count="3" type="stmt"/>
        <line num="279" count="0" type="stmt"/>
        <line num="324" count="0" type="stmt"/>
        <line num="325" count="0" type="stmt"/>
        <line num="328" count="0" type="stmt"/>
        <line num="333" count="0" type="stmt"/>
        <line num="338" count="0" type="stmt"/>
        <line num="354" count="0" type="stmt"/>
        <line num="356" count="0" type="stmt"/>
        <line num="357" count="0" type="stmt"/>
        <line num="362" count="0" type="stmt"/>
      </file>
    </package>
    <package name="src.features.kitchen.components">
      <metrics statements="15" coveredstatements="15" conditionals="25" coveredconditionals="20" methods="12" coveredmethods="12"/>
      <file name="MeasurementUnitDropdown.tsx" path="/Users/maai/Documents/GitHub/kitchen-assistant/src/frontend/src/features/kitchen/components/MeasurementUnitDropdown.tsx">
        <metrics statements="11" coveredstatements="11" conditionals="23" coveredconditionals="19" methods="8" coveredmethods="8"/>
        <line num="31" count="4" type="stmt"/>
        <line num="32" count="4" type="stmt"/>
        <line num="33" count="6" type="stmt"/>
        <line num="34" count="2" type="cond" truecount="1" falsecount="1"/>
        <line num="37" count="4" type="stmt"/>
        <line num="46" count="1" type="stmt"/>
        <line num="71" count="3" type="stmt"/>
        <line num="78" count="10" type="stmt"/>
        <line num="80" count="10" type="stmt"/>
        <line num="86" count="1" type="stmt"/>
        <line num="87" count="1" type="stmt"/>
      </file>
      <file name="MeasurementUnitPicker.tsx" path="/Users/maai/Documents/GitHub/kitchen-assistant/src/frontend/src/features/kitchen/components/MeasurementUnitPicker.tsx">
        <metrics statements="4" coveredstatements="4" conditionals="2" coveredconditionals="1" methods="4" coveredmethods="4"/>
        <line num="20" count="2" type="stmt"/>
        <line num="27" count="6" type="stmt"/>
        <line num="33" count="24" type="stmt"/>
        <line num="37" count="1" type="stmt"/>
      </file>
    </package>
    <package name="src.features.planner">
      <metrics statements="20" coveredstatements="18" conditionals="12" coveredconditionals="7" methods="9" coveredmethods="8"/>
      <file name="PlannerScreen.tsx" path="/Users/maai/Documents/GitHub/kitchen-assistant/src/frontend/src/features/planner/PlannerScreen.tsx">
        <metrics statements="20" coveredstatements="18" conditionals="12" coveredconditionals="7" methods="9" coveredmethods="8"/>
        <line num="18" count="0" type="stmt"/>
        <line num="22" count="2" type="stmt"/>
        <line num="23" count="7" type="stmt"/>
        <line num="24" count="2" type="stmt"/>
        <line num="25" count="2" type="stmt"/>
        <line num="26" count="2" type="stmt"/>
        <line num="28" count="2" type="stmt"/>
        <line num="29" count="1" type="stmt"/>
        <line num="30" count="1" type="stmt"/>
        <line num="31" count="1" type="stmt"/>
        <line num="33" count="0" type="cond" truecount="0" falsecount="2"/>
        <line num="35" count="1" type="stmt"/>
        <line num="39" count="1" type="stmt"/>
        <line num="42" count="2" type="stmt"/>
        <line num="50" count="1" type="stmt"/>
        <line num="55" count="1" type="stmt"/>
        <line num="56" count="1" type="stmt"/>
        <line num="61" count="1" type="stmt"/>
        <line num="114" count="1" type="stmt"/>
        <line num="121" count="1" type="stmt"/>
      </file>
    </package>
    <package name="src.features.recipes">
      <metrics statements="31" coveredstatements="27" conditionals="36" coveredconditionals="30" methods="12" coveredmethods="10"/>
      <file name="RecipeDetailScreen.tsx" path="/Users/maai/Documents/GitHub/kitchen-assistant/src/frontend/src/features/recipes/RecipeDetailScreen.tsx">
        <metrics statements="31" coveredstatements="27" conditionals="36" coveredconditionals="30" methods="12" coveredmethods="10"/>
        <line num="19" count="4" type="stmt"/>
        <line num="23" count="5" type="stmt"/>
        <line num="24" count="5" type="stmt"/>
        <line num="25" count="17" type="stmt"/>
        <line num="26" count="5" type="stmt"/>
        <line num="27" count="5" type="stmt"/>
        <line num="28" count="5" type="stmt"/>
        <line num="30" count="5" type="stmt"/>
        <line num="31" count="1" type="stmt"/>
        <line num="34" count="5" type="stmt"/>
        <line num="35" count="1" type="stmt"/>
        <line num="38" count="5" type="stmt"/>
        <line num="51" count="0" type="stmt"/>
        <line num="52" count="0" type="stmt"/>
        <line num="53" count="0" type="stmt"/>
        <line num="62" count="0" type="stmt"/>
        <line num="93" count="4" type="stmt"/>
        <line num="114" count="4" type="stmt"/>
        <line num="137" count="1" type="stmt"/>
        <line num="138" count="1" type="stmt"/>
        <line num="139" count="1" type="stmt"/>
        <line num="140" count="1" type="stmt"/>
        <line num="141" count="1" type="stmt"/>
        <line num="147" count="1" type="stmt"/>
        <line num="171" count="20" type="stmt"/>
        <line num="175" count="1" type="stmt"/>
        <line num="176" count="1" type="stmt"/>
        <line num="177" count="1" type="stmt"/>
        <line num="178" count="1" type="stmt"/>
        <line num="179" count="1" type="stmt"/>
        <line num="185" count="1" type="stmt"/>
      </file>
    </package>
    <package name="src.hooks">
      <metrics statements="20" coveredstatements="13" conditionals="10" coveredconditionals="3" methods="8" coveredmethods="3"/>
      <file name="useKeyboardVisible.ts" path="/Users/maai/Documents/GitHub/kitchen-assistant/src/frontend/src/hooks/useKeyboardVisible.ts">
        <metrics statements="20" coveredstatements="13" conditionals="10" coveredconditionals="3" methods="8" coveredmethods="3"/>
        <line num="6" count="0" type="cond" truecount="0" falsecount="2"/>
        <line num="7" count="0" type="cond" truecount="0" falsecount="2"/>
        <line num="9" count="0" type="stmt"/>
        <line num="13" count="23" type="stmt"/>
        <line num="14" count="23" type="stmt"/>
        <line num="19" count="23" type="stmt"/>
        <line num="20" count="7" type="cond" truecount="1" falsecount="1"/>
        <line num="21" count="7" type="cond" truecount="1" falsecount="1"/>
        <line num="22" count="7" type="stmt"/>
        <line num="23" count="0" type="stmt"/>
        <line num="28" count="7" type="stmt"/>
        <line num="29" count="0" type="stmt"/>
        <line num="35" count="7" type="cond" truecount="1" falsecount="1"/>
        <line num="37" count="0" type="stmt"/>
        <line num="44" count="7" type="stmt"/>
        <line num="45" count="7" type="stmt"/>
        <line num="46" count="7" type="stmt"/>
        <line num="47" count="7" type="stmt"/>
        <line num="51" count="23" type="stmt"/>
        <line num="55" count="0" type="stmt"/>
      </file>
    </package>
    <package name="src.lib">
      <metrics statements="65" coveredstatements="48" conditionals="38" coveredconditionals="19" methods="21" coveredmethods="18"/>
      <file name="authSession.ts" path="/Users/maai/Documents/GitHub/kitchen-assistant/src/frontend/src/lib/authSession.ts">
        <metrics statements="65" coveredstatements="48" conditionals="38" coveredconditionals="19" methods="21" coveredmethods="18"/>
        <line num="11" count="3" type="stmt"/>
        <line num="12" count="3" type="stmt"/>
        <line num="13" count="3" type="stmt"/>
        <line num="14" count="3" type="stmt"/>
        <line num="17" count="0" type="cond" truecount="0" falsecount="4"/>
        <line num="18" count="0" type="stmt"/>
        <line num="21" count="0" type="cond" truecount="0" falsecount="2"/>
        <line num="25" count="0" type="cond" truecount="0" falsecount="4"/>
        <line num="26" count="0" type="stmt"/>
        <line num="27" count="0" type="stmt"/>
        <line num="30" count="0" type="stmt"/>
        <line num="34" count="0" type="cond" truecount="0" falsecount="4"/>
        <line num="35" count="0" type="stmt"/>
        <line num="36" count="0" type="stmt"/>
        <line num="39" count="0" type="stmt"/>
        <line num="43" count="15" type="stmt"/>
        <line num="47" count="16" type="stmt"/>
        <line num="51" count="8" type="stmt"/>
        <line num="53" count="8" type="cond" truecount="2" falsecount="0"/>
        <line num="54" count="6" type="stmt"/>
        <line num="57" count="2" type="stmt"/>
        <line num="58" count="2" type="cond" truecount="3" falsecount="1"/>
        <line num="62" count="5" type="stmt"/>
        <line num="64" count="5" type="cond" truecount="2" falsecount="0"/>
        <line num="65" count="1" type="stmt"/>
        <line num="67" count="4" type="stmt"/>
        <line num="72" count="5" type="stmt"/>
        <line num="76" count="3" type="stmt"/>
        <line num="78" count="3" type="cond" truecount="2" falsecount="0"/>
        <line num="79" count="2" type="cond" truecount="2" falsecount="0"/>
        <line num="82" count="1" type="stmt"/>
        <line num="84" count="4" type="stmt"/>
        <line num="88" count="4" type="cond" truecount="1" falsecount="1"/>
        <line num="89" count="0" type="stmt"/>
        <line num="92" count="1" type="stmt"/>
        <line num="96" count="4" type="stmt"/>
        <line num="98" count="4" type="cond" truecount="2" falsecount="0"/>
        <line num="99" count="2" type="stmt"/>
        <line num="100" count="2" type="stmt"/>
        <line num="103" count="2" type="stmt"/>
        <line num="104" count="2" type="stmt"/>
        <line num="105" count="2" type="stmt"/>
        <line num="106" count="8" type="stmt"/>
        <line num="109" count="2" type="stmt"/>
        <line num="111" count="8" type="stmt"/>
        <line num="114" count="2" type="stmt"/>
        <line num="118" count="1" type="stmt"/>
        <line num="119" count="1" type="stmt"/>
        <line num="123" count="3" type="cond" truecount="1" falsecount="1"/>
        <line num="124" count="0" type="stmt"/>
        <line num="127" count="3" type="stmt"/>
        <line num="131" count="4" type="cond" truecount="1" falsecount="1"/>
        <line num="132" count="0" type="stmt"/>
        <line num="133" count="0" type="stmt"/>
        <line num="136" count="4" type="stmt"/>
        <line num="140" count="1" type="cond" truecount="1" falsecount="1"/>
        <line num="141" count="0" type="stmt"/>
        <line num="142" count="0" type="stmt"/>
        <line num="145" count="1" type="stmt"/>
        <line num="149" count="3" type="stmt"/>
        <line num="151" count="3" type="cond" truecount="2" falsecount="0"/>
        <line num="152" count="1" type="stmt"/>
        <line num="155" count="2" type="stmt"/>
        <line num="159" count="4" type="stmt"/>
        <line num="163" count="1" type="stmt"/>
      </file>
    </package>
    <package name="src.lib.services">
      <metrics statements="14" coveredstatements="6" conditionals="3" coveredconditionals="2" methods="11" coveredmethods="3"/>
      <file name="recipesService.ts" path="/Users/maai/Documents/GitHub/kitchen-assistant/src/frontend/src/lib/services/recipesService.ts">
        <metrics statements="14" coveredstatements="6" conditionals="3" coveredconditionals="2" methods="11" coveredmethods="3"/>
        <line num="13" count="1" type="stmt"/>
        <line num="17" count="0" type="stmt"/>
        <line num="21" count="0" type="stmt"/>
        <line num="25" count="0" type="stmt"/>
        <line num="29" count="0" type="stmt"/>
        <line num="33" count="0" type="stmt"/>
        <line num="40" count="0" type="stmt"/>
        <line num="44" count="0" type="stmt"/>
        <line num="48" count="2" type="cond" truecount="2" falsecount="0"/>
        <line num="49" count="1" type="stmt"/>
        <line num="52" count="1" type="stmt"/>
        <line num="56" count="0" type="stmt"/>
        <line num="60" count="1" type="stmt"/>
        <line num="63" count="1" type="stmt"/>
      </file>
    </package>
    <package name="src.lib.store">
      <metrics statements="5" coveredstatements="5" conditionals="0" coveredconditionals="0" methods="6" coveredmethods="6"/>
      <file name="uiStore.ts" path="/Users/maai/Documents/GitHub/kitchen-assistant/src/frontend/src/lib/store/uiStore.ts">
        <metrics statements="5" coveredstatements="5" conditionals="0" coveredconditionals="0" methods="6" coveredmethods="6"/>
        <line num="18" count="6" type="stmt"/>
        <line num="20" count="6" type="stmt"/>
        <line num="23" count="7" type="stmt"/>
        <line num="33" count="2" type="stmt"/>
        <line num="34" count="2" type="stmt"/>
      </file>
    </package>
    <package name="src.lib.utils">
      <metrics statements="24" coveredstatements="23" conditionals="32" coveredconditionals="27" methods="5" coveredmethods="5"/>
      <file name="measurement.ts" path="/Users/maai/Documents/GitHub/kitchen-assistant/src/frontend/src/lib/utils/measurement.ts">
        <metrics statements="24" coveredstatements="23" conditionals="32" coveredconditionals="27" methods="5" coveredmethods="5"/>
        <line num="1" count="4" type="stmt"/>
        <line num="16" count="4" type="stmt"/>
        <line num="27" count="4" type="stmt"/>
        <line num="40" count="11" type="cond" truecount="3" falsecount="1"/>
        <line num="41" count="11" type="stmt"/>
        <line num="45" count="6" type="stmt"/>
        <line num="51" count="15" type="stmt"/>
        <line num="60" count="2" type="cond" truecount="1" falsecount="1"/>
        <line num="61" count="2" type="cond" truecount="1" falsecount="1"/>
        <line num="69" count="11" type="cond" truecount="3" falsecount="1"/>
        <line num="70" count="0" type="stmt"/>
        <line num="73" count="11" type="stmt"/>
        <line num="75" count="11" type="cond" truecount="4" falsecount="0"/>
        <line num="76" count="4" type="stmt"/>
        <line num="79" count="7" type="cond" truecount="4" falsecount="0"/>
        <line num="80" count="1" type="stmt"/>
        <line num="83" count="6" type="cond" truecount="4" falsecount="0"/>
        <line num="84" count="3" type="stmt"/>
        <line num="87" count="3" type="stmt"/>
        <line num="88" count="3" type="cond" truecount="2" falsecount="0"/>
        <line num="89" count="2" type="stmt"/>
        <line num="94" count="1" type="stmt"/>
        <line num="97" count="4" type="stmt"/>
        <line num="99" count="4" type="stmt"/>
      </file>
    </package>
    <package name="src.test">
      <metrics statements="2" coveredstatements="2" conditionals="0" coveredconditionals="0" methods="1" coveredmethods="1"/>
      <file name="render.tsx" path="/Users/maai/Documents/GitHub/kitchen-assistant/src/frontend/src/test/render.tsx">
        <metrics statements="2" coveredstatements="2" conditionals="0" coveredconditionals="0" methods="1" coveredmethods="1"/>
        <line num="5" count="10" type="stmt"/>
        <line num="11" count="22" type="stmt"/>
      </file>
    </package>
  </project>
</coverage>
