<?xml version="1.0" encoding="UTF-8"?>
<coverage generated="1773078167944" clover="3.2.0">
  <project timestamp="1773078167944" name="All files">
    <metrics statements="57" coveredstatements="51" conditionals="68" coveredconditionals="39" methods="40" coveredmethods="36" elements="165" coveredelements="126" complexity="0" loc="57" ncloc="57" packages="4" files="5" classes="5"/>
    <package name="components.layout">
      <metrics statements="7" coveredstatements="7" conditionals="4" coveredconditionals="4" methods="4" coveredmethods="4"/>
      <file name="AppScaffold.tsx" path="/Users/maai/Documents/GitHub/kitchen-assistant/src/frontend/src/components/layout/AppScaffold.tsx">
        <metrics statements="7" coveredstatements="7" conditionals="4" coveredconditionals="4" methods="4" coveredmethods="4"/>
        <line num="9" count="1" type="stmt"/>
        <line num="17" count="2" type="stmt"/>
        <line num="19" count="2" type="stmt"/>
        <line num="29" count="8" type="stmt"/>
        <line num="30" count="8" type="stmt"/>
        <line num="31" count="2" type="stmt"/>
        <line num="64" count="2" type="stmt"/>
      </file>
    </package>
    <package name="components.ui">
      <metrics statements="43" coveredstatements="37" conditionals="64" coveredconditionals="35" methods="29" coveredmethods="25"/>
      <file name="ToastHost.tsx" path="/Users/maai/Documents/GitHub/kitchen-assistant/src/frontend/src/components/ui/ToastHost.tsx">
        <metrics statements="17" coveredstatements="16" conditionals="6" coveredconditionals="4" methods="11" coveredmethods="11"/>
        <line num="8" count="2" type="cond" truecount="2" falsecount="0"/>
        <line num="9" count="1" type="stmt"/>
        <line num="16" count="1" type="cond" truecount="1" falsecount="1"/>
        <line num="17" count="1" type="stmt"/>
        <line num="24" count="0" type="stmt"/>
        <line num="32" count="22" type="stmt"/>
        <line num="33" count="22" type="stmt"/>
        <line num="35" count="6" type="stmt"/>
        <line num="36" count="6" type="stmt"/>
        <line num="37" count="2" type="stmt"/>
        <line num="38" count="1" type="stmt"/>
        <line num="42" count="6" type="stmt"/>
        <line num="43" count="6" type="stmt"/>
        <line num="47" count="6" type="stmt"/>
        <line num="50" count="2" type="stmt"/>
        <line num="51" count="2" type="stmt"/>
        <line num="52" count="1" type="stmt"/>
      </file>
      <file name="primitives.tsx" path="/Users/maai/Documents/GitHub/kitchen-assistant/src/frontend/src/components/ui/primitives.tsx">
        <metrics statements="26" coveredstatements="21" conditionals="58" coveredconditionals="31" methods="18" coveredmethods="14"/>
        <line num="5" count="3" type="stmt"/>
        <line num="37" count="3" type="cond" truecount="3" falsecount="1"/>
        <line num="39" count="3" type="stmt"/>
        <line num="66" count="3" type="stmt"/>
        <line num="84" count="2" type="stmt"/>
        <line num="106" count="2" type="stmt"/>
        <line num="160" count="1" type="stmt"/>
        <line num="196" count="1" type="stmt"/>
        <line num="206" count="2" type="stmt"/>
        <line num="207" count="2" type="stmt"/>
        <line num="208" count="1" type="stmt"/>
        <line num="238" count="1" type="stmt"/>
        <line num="272" count="0" type="stmt"/>
        <line num="303" count="1" type="cond" truecount="1" falsecount="1"/>
        <line num="311" count="1" type="stmt"/>
        <line num="334" count="3" type="cond" truecount="1" falsecount="1"/>
        <line num="342" count="3" type="stmt"/>
        <line num="365" count="0" type="stmt"/>
        <line num="373" count="0" type="stmt"/>
        <line num="392" count="1" type="stmt"/>
        <line num="416" count="2" type="stmt"/>
        <line num="442" count="2" type="cond" truecount="2" falsecount="0"/>
        <line num="443" count="1" type="stmt"/>
        <line num="446" count="1" type="stmt"/>
        <line num="490" count="0" type="cond" truecount="0" falsecount="4"/>
        <line num="492" count="0" type="stmt"/>
      </file>
    </package>
    <package name="lib.store">
      <metrics statements="5" coveredstatements="5" conditionals="0" coveredconditionals="0" methods="6" coveredmethods="6"/>
      <file name="uiStore.ts" path="/Users/maai/Documents/GitHub/kitchen-assistant/src/frontend/src/lib/store/uiStore.ts">
        <metrics statements="5" coveredstatements="5" conditionals="0" coveredconditionals="0" methods="6" coveredmethods="6"/>
        <line num="18" count="1" type="stmt"/>
        <line num="20" count="1" type="stmt"/>
        <line num="23" count="2" type="stmt"/>
        <line num="33" count="2" type="stmt"/>
        <line num="34" count="2" type="stmt"/>
      </file>
    </package>
    <package name="test">
      <metrics statements="2" coveredstatements="2" conditionals="0" coveredconditionals="0" methods="1" coveredmethods="1"/>
      <file name="render.tsx" path="/Users/maai/Documents/GitHub/kitchen-assistant/src/frontend/src/test/render.tsx">
        <metrics statements="2" coveredstatements="2" conditionals="0" coveredconditionals="0" methods="1" coveredmethods="1"/>
        <line num="5" count="3" type="stmt"/>
        <line num="11" count="9" type="stmt"/>
      </file>
    </package>
  </project>
</coverage>
