{"/Users/maai/Documents/GitHub/kitchen-assistant/src/frontend/src/components/layout/AppScaffold.tsx": {"path":"/Users/maai/Documents/GitHub/kitchen-assistant/src/frontend/src/components/layout/AppScaffold.tsx","statementMap":{"0":{"start":{"line":9,"column":75},"end":{"line":14,"column":1}},"1":{"start":{"line":17,"column":17},"end":{"line":17,"column":28}},"2":{"start":{"line":19,"column":2},"end":{"line":46,"column":4}},"3":{"start":{"line":29,"column":25},"end":{"line":29,"column":46}},"4":{"start":{"line":30,"column":8},"end":{"line":43,"column":10}},"5":{"start":{"line":31,"column":50},"end":{"line":31,"column":71}},"6":{"start":{"line":64,"column":2},"end":{"line":94,"column":4}}},"fnMap":{"0":{"name":"BottomTabBar","decl":{"start":{"line":16,"column":9},"end":{"line":16,"column":21}},"loc":{"start":{"line":16,"column":63},"end":{"line":47,"column":1}},"line":16},"1":{"name":"(anonymous_1)","decl":{"start":{"line":28,"column":22},"end":{"line":28,"column":23}},"loc":{"start":{"line":28,"column":31},"end":{"line":44,"column":7}},"line":28},"2":{"name":"(anonymous_2)","decl":{"start":{"line":31,"column":44},"end":{"line":31,"column":45}},"loc":{"start":{"line":31,"column":50},"end":{"line":31,"column":71}},"line":31},"3":{"name":"AppScaffold","decl":{"start":{"line":49,"column":24},"end":{"line":49,"column":35}},"loc":{"start":{"line":63,"column":3},"end":{"line":95,"column":1}},"line":63}},"branchMap":{"0":{"loc":{"start":{"line":36,"column":31},"end":{"line":36,"column":76}},"type":"cond-expr","locations":[{"start":{"line":36,"column":42},"end":{"line":36,"column":60}},{"start":{"line":36,"column":63},"end":{"line":36,"column":76}}],"line":36},"1":{"loc":{"start":{"line":38,"column":27},"end":{"line":38,"column":72}},"type":"cond-expr","locations":[{"start":{"line":38,"column":38},"end":{"line":38,"column":56}},{"start":{"line":38,"column":59},"end":{"line":38,"column":72}}],"line":38}},"s":{"0":1,"1":2,"2":2,"3":8,"4":8,"5":2,"6":2},"f":{"0":2,"1":8,"2":2,"3":2},"b":{"0":[2,6],"1":[2,6]},"_coverageSchema":"1a1c01bbd47fc00a2c39e90264f33305004495a9","hash":"8ab42a349164e8b1715335ead387f2cc2bf20226"}
,"/Users/maai/Documents/GitHub/kitchen-assistant/src/frontend/src/components/ui/ToastHost.tsx": {"path":"/Users/maai/Documents/GitHub/kitchen-assistant/src/frontend/src/components/ui/ToastHost.tsx","statementMap":{"0":{"start":{"line":8,"column":2},"end":{"line":14,"column":3}},"1":{"start":{"line":9,"column":4},"end":{"line":13,"column":6}},"2":{"start":{"line":16,"column":2},"end":{"line":22,"column":3}},"3":{"start":{"line":17,"column":4},"end":{"line":21,"column":6}},"4":{"start":{"line":24,"column":2},"end":{"line":28,"column":4}},"5":{"start":{"line":32,"column":17},"end":{"line":32,"column":52}},"6":{"start":{"line":32,"column":39},"end":{"line":32,"column":51}},"7":{"start":{"line":33,"column":23},"end":{"line":33,"column":64}},"8":{"start":{"line":33,"column":45},"end":{"line":33,"column":63}},"9":{"start":{"line":35,"column":2},"end":{"line":45,"column":29}},"10":{"start":{"line":36,"column":19},"end":{"line":40,"column":5}},"11":{"start":{"line":37,"column":6},"end":{"line":39,"column":14}},"12":{"start":{"line":38,"column":8},"end":{"line":38,"column":31}},"13":{"start":{"line":42,"column":4},"end":{"line":44,"column":6}},"14":{"start":{"line":43,"column":6},"end":{"line":43,"column":53}},"15":{"start":{"line":43,"column":32},"end":{"line":43,"column":51}},"16":{"start":{"line":47,"column":2},"end":{"line":77,"column":4}},"17":{"start":{"line":50,"column":23},"end":{"line":50,"column":45}},"18":{"start":{"line":51,"column":8},"end":{"line":74,"column":10}},"19":{"start":{"line":52,"column":51},"end":{"line":52,"column":73}}},"fnMap":{"0":{"name":"toneColors","decl":{"start":{"line":7,"column":9},"end":{"line":7,"column":19}},"loc":{"start":{"line":7,"column":59},"end":{"line":29,"column":1}},"line":7},"1":{"name":"ToastHost","decl":{"start":{"line":31,"column":24},"end":{"line":31,"column":33}},"loc":{"start":{"line":31,"column":36},"end":{"line":78,"column":1}},"line":31},"2":{"name":"(anonymous_2)","decl":{"start":{"line":32,"column":28},"end":{"line":32,"column":29}},"loc":{"start":{"line":32,"column":39},"end":{"line":32,"column":51}},"line":32},"3":{"name":"(anonymous_3)","decl":{"start":{"line":33,"column":34},"end":{"line":33,"column":35}},"loc":{"start":{"line":33,"column":45},"end":{"line":33,"column":63}},"line":33},"4":{"name":"(anonymous_4)","decl":{"start":{"line":35,"column":12},"end":{"line":35,"column":13}},"loc":{"start":{"line":35,"column":18},"end":{"line":45,"column":3}},"line":35},"5":{"name":"(anonymous_5)","decl":{"start":{"line":36,"column":30},"end":{"line":36,"column":31}},"loc":{"start":{"line":37,"column":6},"end":{"line":39,"column":14}},"line":37},"6":{"name":"(anonymous_6)","decl":{"start":{"line":37,"column":17},"end":{"line":37,"column":18}},"loc":{"start":{"line":37,"column":23},"end":{"line":39,"column":7}},"line":37},"7":{"name":"(anonymous_7)","decl":{"start":{"line":42,"column":11},"end":{"line":42,"column":12}},"loc":{"start":{"line":42,"column":17},"end":{"line":44,"column":5}},"line":42},"8":{"name":"(anonymous_8)","decl":{"start":{"line":43,"column":21},"end":{"line":43,"column":22}},"loc":{"start":{"line":43,"column":32},"end":{"line":43,"column":51}},"line":43},"9":{"name":"(anonymous_9)","decl":{"start":{"line":49,"column":18},"end":{"line":49,"column":19}},"loc":{"start":{"line":49,"column":29},"end":{"line":75,"column":7}},"line":49},"10":{"name":"(anonymous_10)","decl":{"start":{"line":52,"column":45},"end":{"line":52,"column":46}},"loc":{"start":{"line":52,"column":51},"end":{"line":52,"column":73}},"line":52}},"branchMap":{"0":{"loc":{"start":{"line":8,"column":2},"end":{"line":14,"column":3}},"type":"if","locations":[{"start":{"line":8,"column":2},"end":{"line":14,"column":3}},{"start":{},"end":{}}],"line":8},"1":{"loc":{"start":{"line":16,"column":2},"end":{"line":22,"column":3}},"type":"if","locations":[{"start":{"line":16,"column":2},"end":{"line":22,"column":3}},{"start":{},"end":{}}],"line":16},"2":{"loc":{"start":{"line":67,"column":15},"end":{"line":71,"column":22}},"type":"cond-expr","locations":[{"start":{"line":68,"column":16},"end":{"line":70,"column":28}},{"start":{"line":71,"column":18},"end":{"line":71,"column":22}}],"line":67}},"s":{"0":2,"1":1,"2":1,"3":1,"4":0,"5":6,"6":22,"7":6,"8":22,"9":6,"10":6,"11":2,"12":1,"13":6,"14":6,"15":2,"16":6,"17":2,"18":2,"19":1},"f":{"0":2,"1":6,"2":22,"3":22,"4":6,"5":2,"6":1,"7":6,"8":2,"9":2,"10":1},"b":{"0":[1,1],"1":[1,0],"2":[2,0]},"_coverageSchema":"1a1c01bbd47fc00a2c39e90264f33305004495a9","hash":"7b2f6f2b008ff74fa21d97fbe09169116363d3c4"}
,"/Users/maai/Documents/GitHub/kitchen-assistant/src/frontend/src/components/ui/primitives.tsx": {"path":"/Users/maai/Documents/GitHub/kitchen-assistant/src/frontend/src/components/ui/primitives.tsx","statementMap":{"0":{"start":{"line":5,"column":23},"end":{"line":19,"column":1}},"1":{"start":{"line":37,"column":4},"end":{"line":37,"column":102}},"2":{"start":{"line":39,"column":2},"end":{"line":54,"column":4}},"3":{"start":{"line":66,"column":2},"end":{"line":80,"column":4}},"4":{"start":{"line":84,"column":2},"end":{"line":88,"column":4}},"5":{"start":{"line":106,"column":2},"end":{"line":148,"column":4}},"6":{"start":{"line":160,"column":2},"end":{"line":184,"column":4}},"7":{"start":{"line":196,"column":2},"end":{"line":224,"column":4}},"8":{"start":{"line":206,"column":25},"end":{"line":206,"column":47}},"9":{"start":{"line":207,"column":8},"end":{"line":221,"column":10}},"10":{"start":{"line":208,"column":55},"end":{"line":208,"column":82}},"11":{"start":{"line":238,"column":2},"end":{"line":258,"column":4}},"12":{"start":{"line":272,"column":2},"end":{"line":292,"column":4}},"13":{"start":{"line":303,"column":4},"end":{"line":309,"column":79}},"14":{"start":{"line":311,"column":2},"end":{"line":323,"column":4}},"15":{"start":{"line":334,"column":4},"end":{"line":340,"column":101}},"16":{"start":{"line":342,"column":2},"end":{"line":361,"column":4}},"17":{"start":{"line":365,"column":2},"end":{"line":369,"column":4}},"18":{"start":{"line":373,"column":2},"end":{"line":380,"column":4}},"19":{"start":{"line":392,"column":2},"end":{"line":402,"column":4}},"20":{"start":{"line":416,"column":2},"end":{"line":422,"column":4}},"21":{"start":{"line":442,"column":2},"end":{"line":444,"column":3}},"22":{"start":{"line":443,"column":4},"end":{"line":443,"column":16}},"23":{"start":{"line":446,"column":2},"end":{"line":477,"column":4}},"24":{"start":{"line":490,"column":4},"end":{"line":490,"column":106}},"25":{"start":{"line":492,"column":2},"end":{"line":501,"column":4}}},"fnMap":{"0":{"name":"SectionCard","decl":{"start":{"line":29,"column":16},"end":{"line":29,"column":27}},"loc":{"start":{"line":35,"column":3},"end":{"line":55,"column":1}},"line":35},"1":{"name":"SectionHeading","decl":{"start":{"line":57,"column":16},"end":{"line":57,"column":30}},"loc":{"start":{"line":65,"column":3},"end":{"line":81,"column":1}},"line":65},"2":{"name":"FieldLabel","decl":{"start":{"line":83,"column":16},"end":{"line":83,"column":26}},"loc":{"start":{"line":83,"column":66},"end":{"line":89,"column":1}},"line":83},"3":{"name":"TextField","decl":{"start":{"line":91,"column":16},"end":{"line":91,"column":25}},"loc":{"start":{"line":105,"column":3},"end":{"line":149,"column":1}},"line":105},"4":{"name":"SearchField","decl":{"start":{"line":151,"column":16},"end":{"line":151,"column":27}},"loc":{"start":{"line":159,"column":3},"end":{"line":185,"column":1}},"line":159},"5":{"name":"SegmentedControl","decl":{"start":{"line":187,"column":16},"end":{"line":187,"column":32}},"loc":{"start":{"line":195,"column":3},"end":{"line":225,"column":1}},"line":195},"6":{"name":"(anonymous_6)","decl":{"start":{"line":205,"column":19},"end":{"line":205,"column":20}},"loc":{"start":{"line":205,"column":31},"end":{"line":222,"column":7}},"line":205},"7":{"name":"(anonymous_7)","decl":{"start":{"line":208,"column":49},"end":{"line":208,"column":50}},"loc":{"start":{"line":208,"column":55},"end":{"line":208,"column":82}},"line":208},"8":{"name":"ChoiceChip","decl":{"start":{"line":227,"column":16},"end":{"line":227,"column":26}},"loc":{"start":{"line":237,"column":3},"end":{"line":259,"column":1}},"line":237},"9":{"name":"StatChip","decl":{"start":{"line":261,"column":16},"end":{"line":261,"column":24}},"loc":{"start":{"line":271,"column":3},"end":{"line":293,"column":1}},"line":271},"10":{"name":"PillBadge","decl":{"start":{"line":295,"column":16},"end":{"line":295,"column":25}},"loc":{"start":{"line":301,"column":3},"end":{"line":324,"column":1}},"line":301},"11":{"name":"ActionButton","decl":{"start":{"line":326,"column":16},"end":{"line":326,"column":28}},"loc":{"start":{"line":332,"column":22},"end":{"line":362,"column":1}},"line":332},"12":{"name":"StickyFooter","decl":{"start":{"line":364,"column":16},"end":{"line":364,"column":28}},"loc":{"start":{"line":364,"column":68},"end":{"line":370,"column":1}},"line":364},"13":{"name":"LoadingState","decl":{"start":{"line":372,"column":16},"end":{"line":372,"column":28}},"loc":{"start":{"line":372,"column":59},"end":{"line":381,"column":1}},"line":372},"14":{"name":"EmptyState","decl":{"start":{"line":383,"column":16},"end":{"line":383,"column":26}},"loc":{"start":{"line":391,"column":3},"end":{"line":403,"column":1}},"line":391},"15":{"name":"OverlayCard","decl":{"start":{"line":405,"column":16},"end":{"line":405,"column":27}},"loc":{"start":{"line":415,"column":3},"end":{"line":423,"column":1}},"line":415},"16":{"name":"ConfirmDialog","decl":{"start":{"line":425,"column":16},"end":{"line":425,"column":29}},"loc":{"start":{"line":441,"column":3},"end":{"line":478,"column":1}},"line":441},"17":{"name":"InfoLine","decl":{"start":{"line":480,"column":16},"end":{"line":480,"column":24}},"loc":{"start":{"line":488,"column":3},"end":{"line":502,"column":1}},"line":488}},"branchMap":{"0":{"loc":{"start":{"line":31,"column":2},"end":{"line":31,"column":18}},"type":"default-arg","locations":[{"start":{"line":31,"column":9},"end":{"line":31,"column":18}}],"line":31},"1":{"loc":{"start":{"line":37,"column":4},"end":{"line":37,"column":102}},"type":"cond-expr","locations":[{"start":{"line":37,"column":24},"end":{"line":37,"column":42}},{"start":{"line":37,"column":45},"end":{"line":37,"column":102}}],"line":37},"2":{"loc":{"start":{"line":37,"column":45},"end":{"line":37,"column":102}},"type":"cond-expr","locations":[{"start":{"line":37,"column":64},"end":{"line":37,"column":84}},{"start":{"line":37,"column":87},"end":{"line":37,"column":102}}],"line":37},"3":{"loc":{"start":{"line":42,"column":19},"end":{"line":42,"column":65}},"type":"cond-expr","locations":[{"start":{"line":42,"column":39},"end":{"line":42,"column":48}},{"start":{"line":42,"column":51},"end":{"line":42,"column":65}}],"line":42},"4":{"loc":{"start":{"line":72,"column":9},"end":{"line":76,"column":16}},"type":"cond-expr","locations":[{"start":{"line":73,"column":10},"end":{"line":75,"column":22}},{"start":{"line":76,"column":12},"end":{"line":76,"column":16}}],"line":72},"5":{"loc":{"start":{"line":108,"column":7},"end":{"line":108,"column":54}},"type":"cond-expr","locations":[{"start":{"line":108,"column":15},"end":{"line":108,"column":47}},{"start":{"line":108,"column":50},"end":{"line":108,"column":54}}],"line":108},"6":{"loc":{"start":{"line":109,"column":7},"end":{"line":146,"column":7}},"type":"cond-expr","locations":[{"start":{"line":110,"column":8},"end":{"line":132,"column":17}},{"start":{"line":134,"column":8},"end":{"line":145,"column":10}}],"line":109},"7":{"loc":{"start":{"line":214,"column":31},"end":{"line":214,"column":72}},"type":"cond-expr","locations":[{"start":{"line":214,"column":42},"end":{"line":214,"column":56}},{"start":{"line":214,"column":59},"end":{"line":214,"column":72}}],"line":214},"8":{"loc":{"start":{"line":216,"column":27},"end":{"line":216,"column":63}},"type":"cond-expr","locations":[{"start":{"line":216,"column":38},"end":{"line":216,"column":47}},{"start":{"line":216,"column":50},"end":{"line":216,"column":63}}],"line":216},"9":{"loc":{"start":{"line":242,"column":21},"end":{"line":242,"column":63}},"type":"cond-expr","locations":[{"start":{"line":242,"column":32},"end":{"line":242,"column":46}},{"start":{"line":242,"column":49},"end":{"line":242,"column":63}}],"line":242},"10":{"loc":{"start":{"line":243,"column":25},"end":{"line":243,"column":72}},"type":"cond-expr","locations":[{"start":{"line":243,"column":36},"end":{"line":243,"column":54}},{"start":{"line":243,"column":57},"end":{"line":243,"column":72}}],"line":243},"11":{"loc":{"start":{"line":251,"column":9},"end":{"line":255,"column":16}},"type":"cond-expr","locations":[{"start":{"line":252,"column":10},"end":{"line":254,"column":22}},{"start":{"line":255,"column":12},"end":{"line":255,"column":16}}],"line":251},"12":{"loc":{"start":{"line":279,"column":25},"end":{"line":279,"column":70}},"type":"cond-expr","locations":[{"start":{"line":279,"column":34},"end":{"line":279,"column":52}},{"start":{"line":279,"column":55},"end":{"line":279,"column":70}}],"line":279},"13":{"loc":{"start":{"line":281,"column":21},"end":{"line":281,"column":61}},"type":"cond-expr","locations":[{"start":{"line":281,"column":30},"end":{"line":281,"column":44}},{"start":{"line":281,"column":47},"end":{"line":281,"column":61}}],"line":281},"14":{"loc":{"start":{"line":297,"column":2},"end":{"line":297,"column":16}},"type":"default-arg","locations":[{"start":{"line":297,"column":9},"end":{"line":297,"column":16}}],"line":297},"15":{"loc":{"start":{"line":303,"column":4},"end":{"line":309,"column":79}},"type":"cond-expr","locations":[{"start":{"line":304,"column":8},"end":{"line":304,"column":78}},{"start":{"line":305,"column":8},"end":{"line":309,"column":79}}],"line":303},"16":{"loc":{"start":{"line":305,"column":8},"end":{"line":309,"column":79}},"type":"cond-expr","locations":[{"start":{"line":306,"column":10},"end":{"line":306,"column":68}},{"start":{"line":307,"column":10},"end":{"line":309,"column":79}}],"line":305},"17":{"loc":{"start":{"line":307,"column":10},"end":{"line":309,"column":79}},"type":"cond-expr","locations":[{"start":{"line":308,"column":12},"end":{"line":308,"column":70}},{"start":{"line":309,"column":12},"end":{"line":309,"column":79}}],"line":307},"18":{"loc":{"start":{"line":330,"column":2},"end":{"line":330,"column":21}},"type":"default-arg","locations":[{"start":{"line":330,"column":12},"end":{"line":330,"column":21}}],"line":330},"19":{"loc":{"start":{"line":331,"column":2},"end":{"line":331,"column":19}},"type":"default-arg","locations":[{"start":{"line":331,"column":14},"end":{"line":331,"column":19}}],"line":331},"20":{"loc":{"start":{"line":334,"column":4},"end":{"line":340,"column":101}},"type":"cond-expr","locations":[{"start":{"line":335,"column":8},"end":{"line":335,"column":90}},{"start":{"line":336,"column":8},"end":{"line":340,"column":101}}],"line":334},"21":{"loc":{"start":{"line":336,"column":8},"end":{"line":340,"column":101}},"type":"cond-expr","locations":[{"start":{"line":337,"column":10},"end":{"line":337,"column":96}},{"start":{"line":338,"column":10},"end":{"line":340,"column":101}}],"line":336},"22":{"loc":{"start":{"line":338,"column":10},"end":{"line":340,"column":101}},"type":"cond-expr","locations":[{"start":{"line":339,"column":12},"end":{"line":339,"column":94}},{"start":{"line":340,"column":12},"end":{"line":340,"column":101}}],"line":338},"23":{"loc":{"start":{"line":348,"column":19},"end":{"line":348,"column":46}},"type":"cond-expr","locations":[{"start":{"line":348,"column":41},"end":{"line":348,"column":42}},{"start":{"line":348,"column":45},"end":{"line":348,"column":46}}],"line":348},"24":{"loc":{"start":{"line":353,"column":12},"end":{"line":353,"column":37}},"type":"cond-expr","locations":[{"start":{"line":353,"column":24},"end":{"line":353,"column":25}},{"start":{"line":353,"column":28},"end":{"line":353,"column":37}}],"line":353},"25":{"loc":{"start":{"line":354,"column":15},"end":{"line":354,"column":33}},"type":"cond-expr","locations":[{"start":{"line":354,"column":26},"end":{"line":354,"column":29}},{"start":{"line":354,"column":32},"end":{"line":354,"column":33}}],"line":354},"26":{"loc":{"start":{"line":420,"column":7},"end":{"line":420,"column":64}},"type":"cond-expr","locations":[{"start":{"line":420,"column":16},"end":{"line":420,"column":57}},{"start":{"line":420,"column":60},"end":{"line":420,"column":64}}],"line":420},"27":{"loc":{"start":{"line":430,"column":2},"end":{"line":430,"column":24}},"type":"default-arg","locations":[{"start":{"line":430,"column":16},"end":{"line":430,"column":24}}],"line":430},"28":{"loc":{"start":{"line":442,"column":2},"end":{"line":444,"column":3}},"type":"if","locations":[{"start":{"line":442,"column":2},"end":{"line":444,"column":3}},{"start":{},"end":{}}],"line":442},"29":{"loc":{"start":{"line":483,"column":2},"end":{"line":483,"column":23}},"type":"default-arg","locations":[{"start":{"line":483,"column":14},"end":{"line":483,"column":23}}],"line":483},"30":{"loc":{"start":{"line":490,"column":4},"end":{"line":490,"column":106}},"type":"cond-expr","locations":[{"start":{"line":490,"column":29},"end":{"line":490,"column":47}},{"start":{"line":490,"column":50},"end":{"line":490,"column":106}}],"line":490},"31":{"loc":{"start":{"line":490,"column":50},"end":{"line":490,"column":106}},"type":"cond-expr","locations":[{"start":{"line":490,"column":76},"end":{"line":490,"column":91}},{"start":{"line":490,"column":94},"end":{"line":490,"column":106}}],"line":490}},"s":{"0":3,"1":3,"2":3,"3":3,"4":2,"5":2,"6":1,"7":1,"8":2,"9":2,"10":1,"11":1,"12":0,"13":1,"14":1,"15":3,"16":3,"17":0,"18":0,"19":1,"20":2,"21":2,"22":1,"23":1,"24":0,"25":0},"f":{"0":3,"1":3,"2":2,"3":2,"4":1,"5":1,"6":2,"7":1,"8":1,"9":0,"10":1,"11":3,"12":0,"13":0,"14":1,"15":2,"16":2,"17":0},"b":{"0":[2],"1":[0,3],"2":[1,2],"3":[0,3],"4":[3,0],"5":[2,0],"6":[1,1],"7":[1,1],"8":[1,1],"9":[0,1],"10":[0,1],"11":[1,0],"12":[0,0],"13":[0,0],"14":[0],"15":[1,0],"16":[0,0],"17":[0,0],"18":[0],"19":[1],"20":[0,3],"21":[2,1],"22":[1,0],"23":[0,3],"24":[2,1],"25":[0,3],"26":[1,1],"27":[1],"28":[1,1],"29":[0],"30":[0,0],"31":[0,0]},"_coverageSchema":"1a1c01bbd47fc00a2c39e90264f33305004495a9","hash":"008b905f0d3d7894ab22a282c39128f7afe7f143"}
,"/Users/maai/Documents/GitHub/kitchen-assistant/src/frontend/src/lib/store/uiStore.ts": {"path":"/Users/maai/Documents/GitHub/kitchen-assistant/src/frontend/src/lib/store/uiStore.ts","statementMap":{"0":{"start":{"line":18,"column":19},"end":{"line":18,"column":20}},"1":{"start":{"line":20,"column":26},"end":{"line":36,"column":3}},"2":{"start":{"line":20,"column":52},"end":{"line":36,"column":1}},"3":{"start":{"line":23,"column":4},"end":{"line":31,"column":7}},"4":{"start":{"line":23,"column":20},"end":{"line":31,"column":5}},"5":{"start":{"line":33,"column":4},"end":{"line":35,"column":7}},"6":{"start":{"line":33,"column":20},"end":{"line":35,"column":5}},"7":{"start":{"line":34,"column":45},"end":{"line":34,"column":65}}},"fnMap":{"0":{"name":"(anonymous_0)","decl":{"start":{"line":20,"column":42},"end":{"line":20,"column":43}},"loc":{"start":{"line":20,"column":52},"end":{"line":36,"column":1}},"line":20},"1":{"name":"(anonymous_1)","decl":{"start":{"line":22,"column":13},"end":{"line":22,"column":14}},"loc":{"start":{"line":23,"column":4},"end":{"line":31,"column":7}},"line":23},"2":{"name":"(anonymous_2)","decl":{"start":{"line":23,"column":8},"end":{"line":23,"column":9}},"loc":{"start":{"line":23,"column":20},"end":{"line":31,"column":5}},"line":23},"3":{"name":"(anonymous_3)","decl":{"start":{"line":32,"column":16},"end":{"line":32,"column":17}},"loc":{"start":{"line":33,"column":4},"end":{"line":35,"column":7}},"line":33},"4":{"name":"(anonymous_4)","decl":{"start":{"line":33,"column":8},"end":{"line":33,"column":9}},"loc":{"start":{"line":33,"column":20},"end":{"line":35,"column":5}},"line":33},"5":{"name":"(anonymous_5)","decl":{"start":{"line":34,"column":34},"end":{"line":34,"column":35}},"loc":{"start":{"line":34,"column":45},"end":{"line":34,"column":65}},"line":34}},"branchMap":{},"s":{"0":1,"1":1,"2":1,"3":2,"4":2,"5":2,"6":2,"7":2},"f":{"0":1,"1":2,"2":2,"3":2,"4":2,"5":2},"b":{},"_coverageSchema":"1a1c01bbd47fc00a2c39e90264f33305004495a9","hash":"ee113ca672406c55e25b54c83b7a5047e025363a"}
,"/Users/maai/Documents/GitHub/kitchen-assistant/src/frontend/src/test/render.tsx": {"path":"/Users/maai/Documents/GitHub/kitchen-assistant/src/frontend/src/test/render.tsx","statementMap":{"0":{"start":{"line":5,"column":23},"end":{"line":8,"column":1}},"1":{"start":{"line":11,"column":2},"end":{"line":11,"column":91}}},"fnMap":{"0":{"name":"renderWithProviders","decl":{"start":{"line":10,"column":16},"end":{"line":10,"column":35}},"loc":{"start":{"line":10,"column":54},"end":{"line":12,"column":1}},"line":10}},"branchMap":{},"s":{"0":3,"1":9},"f":{"0":9},"b":{},"_coverageSchema":"1a1c01bbd47fc00a2c39e90264f33305004495a9","hash":"4c55fd66052cc3e7d47edaa16efa9de30145e89b"}
}
