{"/Users/maai/Documents/GitHub/kitchen-assistant/src/frontend/app/(app)/_layout.tsx": {"path":"/Users/maai/Documents/GitHub/kitchen-assistant/src/frontend/app/(app)/_layout.tsx","statementMap":{"0":{"start":{"line":5,"column":2},"end":{"line":5,"column":58}}},"fnMap":{"0":{"name":"AppRoutesLayout","decl":{"start":{"line":4,"column":24},"end":{"line":4,"column":39}},"loc":{"start":{"line":4,"column":42},"end":{"line":6,"column":1}},"line":4}},"branchMap":{},"s":{"0":1},"f":{"0":1},"b":{},"_coverageSchema":"1a1c01bbd47fc00a2c39e90264f33305004495a9","hash":"fef05794672118b5a5e640b21ef31a10550885f3"}
,"/Users/maai/Documents/GitHub/kitchen-assistant/src/frontend/app/(app)/kitchen/_layout.tsx": {"path":"/Users/maai/Documents/GitHub/kitchen-assistant/src/frontend/app/(app)/kitchen/_layout.tsx","statementMap":{"0":{"start":{"line":5,"column":2},"end":{"line":14,"column":4}}},"fnMap":{"0":{"name":"KitchenRoutesLayout","decl":{"start":{"line":4,"column":24},"end":{"line":4,"column":43}},"loc":{"start":{"line":4,"column":46},"end":{"line":15,"column":1}},"line":4}},"branchMap":{},"s":{"0":1},"f":{"0":1},"b":{},"_coverageSchema":"1a1c01bbd47fc00a2c39e90264f33305004495a9","hash":"519d4a36d3827eebec05b42cce517bf28cd17ba7"}
,"/Users/maai/Documents/GitHub/kitchen-assistant/src/frontend/app/(app)/planner/_layout.tsx": {"path":"/Users/maai/Documents/GitHub/kitchen-assistant/src/frontend/app/(app)/planner/_layout.tsx","statementMap":{"0":{"start":{"line":5,"column":2},"end":{"line":10,"column":4}}},"fnMap":{"0":{"name":"PlannerRoutesLayout","decl":{"start":{"line":4,"column":24},"end":{"line":4,"column":43}},"loc":{"start":{"line":4,"column":46},"end":{"line":11,"column":1}},"line":4}},"branchMap":{},"s":{"0":1},"f":{"0":1},"b":{},"_coverageSchema":"1a1c01bbd47fc00a2c39e90264f33305004495a9","hash":"63e17a8905815b5086dd81812d043ae54660a591"}
,"/Users/maai/Documents/GitHub/kitchen-assistant/src/frontend/app/(app)/recipes/_layout.tsx": {"path":"/Users/maai/Documents/GitHub/kitchen-assistant/src/frontend/app/(app)/recipes/_layout.tsx","statementMap":{"0":{"start":{"line":5,"column":2},"end":{"line":11,"column":4}}},"fnMap":{"0":{"name":"RecipesRoutesLayout","decl":{"start":{"line":4,"column":24},"end":{"line":4,"column":43}},"loc":{"start":{"line":4,"column":46},"end":{"line":12,"column":1}},"line":4}},"branchMap":{},"s":{"0":1},"f":{"0":1},"b":{},"_coverageSchema":"1a1c01bbd47fc00a2c39e90264f33305004495a9","hash":"3522d1d63af730757abd7a32a49860716fbad6d0"}
,"/Users/maai/Documents/GitHub/kitchen-assistant/src/frontend/navigation/routeOptions.ts": {"path":"/Users/maai/Documents/GitHub/kitchen-assistant/src/frontend/navigation/routeOptions.ts","statementMap":{"0":{"start":{"line":3,"column":38},"end":{"line":7,"column":40}},"1":{"start":{"line":9,"column":38},"end":{"line":13,"column":40}},"2":{"start":{"line":15,"column":38},"end":{"line":19,"column":40}},"3":{"start":{"line":21,"column":39},"end":{"line":26,"column":40}}},"fnMap":{},"branchMap":{},"s":{"0":1,"1":1,"2":1,"3":1},"f":{},"b":{},"_coverageSchema":"1a1c01bbd47fc00a2c39e90264f33305004495a9","hash":"4f69ed8c5042fe2bae7df5c871079c51e49271fd"}
,"/Users/maai/Documents/GitHub/kitchen-assistant/src/frontend/src/components/layout/AppScaffold.tsx": {"path":"/Users/maai/Documents/GitHub/kitchen-assistant/src/frontend/src/components/layout/AppScaffold.tsx","statementMap":{"0":{"start":{"line":10,"column":75},"end":{"line":15,"column":1}},"1":{"start":{"line":17,"column":77},"end":{"line":22,"column":1}},"2":{"start":{"line":25,"column":17},"end":{"line":25,"column":28}},"3":{"start":{"line":27,"column":2},"end":{"line":60,"column":4}},"4":{"start":{"line":38,"column":25},"end":{"line":38,"column":46}},"5":{"start":{"line":39,"column":8},"end":{"line":57,"column":10}},"6":{"start":{"line":40,"column":50},"end":{"line":40,"column":74}},"7":{"start":{"line":80,"column":46},"end":{"line":80,"column":66}},"8":{"start":{"line":81,"column":31},"end":{"line":81,"column":79}},"9":{"start":{"line":83,"column":2},"end":{"line":115,"column":4}}},"fnMap":{"0":{"name":"AppTabBar","decl":{"start":{"line":24,"column":16},"end":{"line":24,"column":25}},"loc":{"start":{"line":24,"column":67},"end":{"line":61,"column":1}},"line":24},"1":{"name":"(anonymous_1)","decl":{"start":{"line":37,"column":22},"end":{"line":37,"column":23}},"loc":{"start":{"line":37,"column":31},"end":{"line":58,"column":7}},"line":37},"2":{"name":"(anonymous_2)","decl":{"start":{"line":40,"column":44},"end":{"line":40,"column":45}},"loc":{"start":{"line":40,"column":50},"end":{"line":40,"column":74}},"line":40},"3":{"name":"AppScaffold","decl":{"start":{"line":63,"column":24},"end":{"line":63,"column":35}},"loc":{"start":{"line":79,"column":3},"end":{"line":116,"column":1}},"line":79}},"branchMap":{"0":{"loc":{"start":{"line":50,"column":23},"end":{"line":50,"column":69}},"type":"cond-expr","locations":[{"start":{"line":50,"column":34},"end":{"line":50,"column":49}},{"start":{"line":50,"column":52},"end":{"line":50,"column":69}}],"line":50},"1":{"loc":{"start":{"line":52,"column":27},"end":{"line":52,"column":73}},"type":"cond-expr","locations":[{"start":{"line":52,"column":38},"end":{"line":52,"column":53}},{"start":{"line":52,"column":56},"end":{"line":52,"column":73}}],"line":52},"2":{"loc":{"start":{"line":52,"column":87},"end":{"line":52,"column":111}},"type":"cond-expr","locations":[{"start":{"line":52,"column":98},"end":{"line":52,"column":103}},{"start":{"line":52,"column":106},"end":{"line":52,"column":111}}],"line":52},"3":{"loc":{"start":{"line":70,"column":2},"end":{"line":70,"column":23}},"type":"default-arg","locations":[{"start":{"line":70,"column":18},"end":{"line":70,"column":23}}],"line":70},"4":{"loc":{"start":{"line":81,"column":32},"end":{"line":81,"column":49}},"type":"cond-expr","locations":[{"start":{"line":81,"column":41},"end":{"line":81,"column":44}},{"start":{"line":81,"column":47},"end":{"line":81,"column":49}}],"line":81},"5":{"loc":{"start":{"line":81,"column":54},"end":{"line":81,"column":78}},"type":"cond-expr","locations":[{"start":{"line":81,"column":72},"end":{"line":81,"column":73}},{"start":{"line":81,"column":76},"end":{"line":81,"column":78}}],"line":81},"6":{"loc":{"start":{"line":85,"column":49},"end":{"line":85,"column":72}},"type":"cond-expr","locations":[{"start":{"line":85,"column":65},"end":{"line":85,"column":67}},{"start":{"line":85,"column":70},"end":{"line":85,"column":72}}],"line":85},"7":{"loc":{"start":{"line":85,"column":89},"end":{"line":85,"column":111}},"type":"cond-expr","locations":[{"start":{"line":85,"column":105},"end":{"line":85,"column":106}},{"start":{"line":85,"column":109},"end":{"line":85,"column":111}}],"line":85},"8":{"loc":{"start":{"line":85,"column":118},"end":{"line":85,"column":139}},"type":"cond-expr","locations":[{"start":{"line":85,"column":134},"end":{"line":85,"column":135}},{"start":{"line":85,"column":138},"end":{"line":85,"column":139}}],"line":85},"9":{"loc":{"start":{"line":88,"column":49},"end":{"line":88,"column":72}},"type":"cond-expr","locations":[{"start":{"line":88,"column":65},"end":{"line":88,"column":67}},{"start":{"line":88,"column":70},"end":{"line":88,"column":72}}],"line":88},"10":{"loc":{"start":{"line":88,"column":86},"end":{"line":88,"column":109}},"type":"cond-expr","locations":[{"start":{"line":88,"column":102},"end":{"line":88,"column":104}},{"start":{"line":88,"column":107},"end":{"line":88,"column":109}}],"line":88},"11":{"loc":{"start":{"line":91,"column":63},"end":{"line":91,"column":86}},"type":"cond-expr","locations":[{"start":{"line":91,"column":79},"end":{"line":91,"column":81}},{"start":{"line":91,"column":84},"end":{"line":91,"column":86}}],"line":91},"12":{"loc":{"start":{"line":91,"column":119},"end":{"line":91,"column":142}},"type":"cond-expr","locations":[{"start":{"line":91,"column":135},"end":{"line":91,"column":137}},{"start":{"line":91,"column":140},"end":{"line":91,"column":142}}],"line":91},"13":{"loc":{"start":{"line":101,"column":29},"end":{"line":101,"column":78}},"type":"cond-expr","locations":[{"start":{"line":101,"column":53},"end":{"line":101,"column":66}},{"start":{"line":101,"column":69},"end":{"line":101,"column":78}}],"line":101},"14":{"loc":{"start":{"line":104,"column":29},"end":{"line":104,"column":52}},"type":"cond-expr","locations":[{"start":{"line":104,"column":45},"end":{"line":104,"column":47}},{"start":{"line":104,"column":50},"end":{"line":104,"column":52}}],"line":104},"15":{"loc":{"start":{"line":106,"column":15},"end":{"line":106,"column":37}},"type":"cond-expr","locations":[{"start":{"line":106,"column":31},"end":{"line":106,"column":32}},{"start":{"line":106,"column":35},"end":{"line":106,"column":37}}],"line":106},"16":{"loc":{"start":{"line":113,"column":7},"end":{"line":113,"column":68}},"type":"cond-expr","locations":[{"start":{"line":113,"column":26},"end":{"line":113,"column":61}},{"start":{"line":113,"column":64},"end":{"line":113,"column":68}}],"line":113}},"s":{"0":7,"1":7,"2":23,"3":23,"4":92,"5":92,"6":2,"7":19,"8":19,"9":19},"f":{"0":23,"1":92,"2":2,"3":19},"b":{"0":[23,69],"1":[23,69],"2":[23,69],"3":[19],"4":[13,6],"5":[1,18],"6":[0,19],"7":[0,19],"8":[0,19],"9":[0,19],"10":[0,19],"11":[0,19],"12":[0,19],"13":[19,0],"14":[0,19],"15":[0,19],"16":[18,1]},"_coverageSchema":"1a1c01bbd47fc00a2c39e90264f33305004495a9","hash":"167beb54203eb83c86a8d68a1457ff99bb4f8e66"}
,"/Users/maai/Documents/GitHub/kitchen-assistant/src/frontend/src/components/ui/ToastHost.tsx": {"path":"/Users/maai/Documents/GitHub/kitchen-assistant/src/frontend/src/components/ui/ToastHost.tsx","statementMap":{"0":{"start":{"line":8,"column":2},"end":{"line":14,"column":3}},"1":{"start":{"line":9,"column":4},"end":{"line":13,"column":6}},"2":{"start":{"line":16,"column":2},"end":{"line":22,"column":3}},"3":{"start":{"line":17,"column":4},"end":{"line":21,"column":6}},"4":{"start":{"line":24,"column":2},"end":{"line":28,"column":4}},"5":{"start":{"line":32,"column":17},"end":{"line":32,"column":52}},"6":{"start":{"line":32,"column":39},"end":{"line":32,"column":51}},"7":{"start":{"line":33,"column":23},"end":{"line":33,"column":64}},"8":{"start":{"line":33,"column":45},"end":{"line":33,"column":63}},"9":{"start":{"line":35,"column":2},"end":{"line":45,"column":29}},"10":{"start":{"line":36,"column":19},"end":{"line":40,"column":5}},"11":{"start":{"line":37,"column":6},"end":{"line":39,"column":14}},"12":{"start":{"line":38,"column":8},"end":{"line":38,"column":31}},"13":{"start":{"line":42,"column":4},"end":{"line":44,"column":6}},"14":{"start":{"line":43,"column":6},"end":{"line":43,"column":53}},"15":{"start":{"line":43,"column":32},"end":{"line":43,"column":51}},"16":{"start":{"line":47,"column":2},"end":{"line":73,"column":4}},"17":{"start":{"line":50,"column":23},"end":{"line":50,"column":45}},"18":{"start":{"line":51,"column":8},"end":{"line":70,"column":10}},"19":{"start":{"line":52,"column":51},"end":{"line":52,"column":73}}},"fnMap":{"0":{"name":"toneColors","decl":{"start":{"line":7,"column":9},"end":{"line":7,"column":19}},"loc":{"start":{"line":7,"column":59},"end":{"line":29,"column":1}},"line":7},"1":{"name":"ToastHost","decl":{"start":{"line":31,"column":24},"end":{"line":31,"column":33}},"loc":{"start":{"line":31,"column":36},"end":{"line":74,"column":1}},"line":31},"2":{"name":"(anonymous_2)","decl":{"start":{"line":32,"column":28},"end":{"line":32,"column":29}},"loc":{"start":{"line":32,"column":39},"end":{"line":32,"column":51}},"line":32},"3":{"name":"(anonymous_3)","decl":{"start":{"line":33,"column":34},"end":{"line":33,"column":35}},"loc":{"start":{"line":33,"column":45},"end":{"line":33,"column":63}},"line":33},"4":{"name":"(anonymous_4)","decl":{"start":{"line":35,"column":12},"end":{"line":35,"column":13}},"loc":{"start":{"line":35,"column":18},"end":{"line":45,"column":3}},"line":35},"5":{"name":"(anonymous_5)","decl":{"start":{"line":36,"column":30},"end":{"line":36,"column":31}},"loc":{"start":{"line":37,"column":6},"end":{"line":39,"column":14}},"line":37},"6":{"name":"(anonymous_6)","decl":{"start":{"line":37,"column":17},"end":{"line":37,"column":18}},"loc":{"start":{"line":37,"column":23},"end":{"line":39,"column":7}},"line":37},"7":{"name":"(anonymous_7)","decl":{"start":{"line":42,"column":11},"end":{"line":42,"column":12}},"loc":{"start":{"line":42,"column":17},"end":{"line":44,"column":5}},"line":42},"8":{"name":"(anonymous_8)","decl":{"start":{"line":43,"column":21},"end":{"line":43,"column":22}},"loc":{"start":{"line":43,"column":32},"end":{"line":43,"column":51}},"line":43},"9":{"name":"(anonymous_9)","decl":{"start":{"line":49,"column":18},"end":{"line":49,"column":19}},"loc":{"start":{"line":49,"column":29},"end":{"line":71,"column":7}},"line":49},"10":{"name":"(anonymous_10)","decl":{"start":{"line":52,"column":45},"end":{"line":52,"column":46}},"loc":{"start":{"line":52,"column":51},"end":{"line":52,"column":73}},"line":52}},"branchMap":{"0":{"loc":{"start":{"line":8,"column":2},"end":{"line":14,"column":3}},"type":"if","locations":[{"start":{"line":8,"column":2},"end":{"line":14,"column":3}},{"start":{},"end":{}}],"line":8},"1":{"loc":{"start":{"line":16,"column":2},"end":{"line":22,"column":3}},"type":"if","locations":[{"start":{"line":16,"column":2},"end":{"line":22,"column":3}},{"start":{},"end":{}}],"line":16},"2":{"loc":{"start":{"line":63,"column":15},"end":{"line":67,"column":22}},"type":"cond-expr","locations":[{"start":{"line":64,"column":16},"end":{"line":66,"column":28}},{"start":{"line":67,"column":18},"end":{"line":67,"column":22}}],"line":63}},"s":{"0":2,"1":1,"2":1,"3":1,"4":0,"5":6,"6":22,"7":6,"8":22,"9":6,"10":6,"11":2,"12":1,"13":6,"14":6,"15":2,"16":6,"17":2,"18":2,"19":1},"f":{"0":2,"1":6,"2":22,"3":22,"4":6,"5":2,"6":1,"7":6,"8":2,"9":2,"10":1},"b":{"0":[1,1],"1":[1,0],"2":[2,0]},"_coverageSchema":"1a1c01bbd47fc00a2c39e90264f33305004495a9","hash":"0db6ae32d4de29fd3c8e66a3f2611f0c8a56ad19"}
,"/Users/maai/Documents/GitHub/kitchen-assistant/src/frontend/src/components/ui/primitives.tsx": {"path":"/Users/maai/Documents/GitHub/kitchen-assistant/src/frontend/src/components/ui/primitives.tsx","statementMap":{"0":{"start":{"line":6,"column":23},"end":{"line":36,"column":1}},"1":{"start":{"line":50,"column":2},"end":{"line":55,"column":3}},"2":{"start":{"line":51,"column":4},"end":{"line":54,"column":6}},"3":{"start":{"line":57,"column":2},"end":{"line":62,"column":3}},"4":{"start":{"line":58,"column":4},"end":{"line":61,"column":6}},"5":{"start":{"line":64,"column":2},"end":{"line":69,"column":3}},"6":{"start":{"line":65,"column":4},"end":{"line":68,"column":6}},"7":{"start":{"line":71,"column":2},"end":{"line":76,"column":3}},"8":{"start":{"line":72,"column":4},"end":{"line":75,"column":6}},"9":{"start":{"line":78,"column":2},"end":{"line":83,"column":3}},"10":{"start":{"line":79,"column":4},"end":{"line":82,"column":6}},"11":{"start":{"line":85,"column":2},"end":{"line":88,"column":4}},"12":{"start":{"line":100,"column":2},"end":{"line":100,"column":65}},"13":{"start":{"line":110,"column":17},"end":{"line":110,"column":33}},"14":{"start":{"line":112,"column":2},"end":{"line":123,"column":4}},"15":{"start":{"line":135,"column":2},"end":{"line":149,"column":4}},"16":{"start":{"line":153,"column":2},"end":{"line":157,"column":4}},"17":{"start":{"line":179,"column":2},"end":{"line":226,"column":4}},"18":{"start":{"line":238,"column":2},"end":{"line":260,"column":4}},"19":{"start":{"line":272,"column":2},"end":{"line":298,"column":4}},"20":{"start":{"line":275,"column":25},"end":{"line":275,"column":47}},"21":{"start":{"line":277,"column":8},"end":{"line":295,"column":10}},"22":{"start":{"line":278,"column":55},"end":{"line":278,"column":82}},"23":{"start":{"line":312,"column":2},"end":{"line":332,"column":4}},"24":{"start":{"line":347,"column":4},"end":{"line":347,"column":107}},"25":{"start":{"line":348,"column":26},"end":{"line":354,"column":21}},"26":{"start":{"line":355,"column":22},"end":{"line":361,"column":20}},"27":{"start":{"line":363,"column":2},"end":{"line":384,"column":4}},"28":{"start":{"line":395,"column":4},"end":{"line":403,"column":117}},"29":{"start":{"line":405,"column":2},"end":{"line":419,"column":4}},"30":{"start":{"line":431,"column":4},"end":{"line":439,"column":106}},"31":{"start":{"line":441,"column":18},"end":{"line":451,"column":4}},"32":{"start":{"line":442,"column":4},"end":{"line":448,"column":5}},"33":{"start":{"line":443,"column":6},"end":{"line":447,"column":8}},"34":{"start":{"line":450,"column":4},"end":{"line":450,"column":17}},"35":{"start":{"line":453,"column":2},"end":{"line":473,"column":4}},"36":{"start":{"line":477,"column":2},"end":{"line":481,"column":4}},"37":{"start":{"line":485,"column":2},"end":{"line":492,"column":4}},"38":{"start":{"line":504,"column":2},"end":{"line":514,"column":4}},"39":{"start":{"line":528,"column":2},"end":{"line":534,"column":4}},"40":{"start":{"line":554,"column":2},"end":{"line":556,"column":3}},"41":{"start":{"line":555,"column":4},"end":{"line":555,"column":16}},"42":{"start":{"line":558,"column":2},"end":{"line":585,"column":4}},"43":{"start":{"line":598,"column":4},"end":{"line":598,"column":109}},"44":{"start":{"line":600,"column":2},"end":{"line":609,"column":4}}},"fnMap":{"0":{"name":"toneStyles","decl":{"start":{"line":49,"column":9},"end":{"line":49,"column":19}},"loc":{"start":{"line":49,"column":39},"end":{"line":89,"column":1}},"line":49},"1":{"name":"AppIcon","decl":{"start":{"line":91,"column":16},"end":{"line":91,"column":23}},"loc":{"start":{"line":99,"column":3},"end":{"line":101,"column":1}},"line":99},"2":{"name":"SectionCard","decl":{"start":{"line":103,"column":16},"end":{"line":103,"column":27}},"loc":{"start":{"line":109,"column":3},"end":{"line":124,"column":1}},"line":109},"3":{"name":"SectionHeading","decl":{"start":{"line":126,"column":16},"end":{"line":126,"column":30}},"loc":{"start":{"line":134,"column":3},"end":{"line":150,"column":1}},"line":134},"4":{"name":"FieldLabel","decl":{"start":{"line":152,"column":16},"end":{"line":152,"column":26}},"loc":{"start":{"line":152,"column":66},"end":{"line":158,"column":1}},"line":152},"5":{"name":"TextField","decl":{"start":{"line":160,"column":16},"end":{"line":160,"column":25}},"loc":{"start":{"line":178,"column":3},"end":{"line":227,"column":1}},"line":178},"6":{"name":"SearchField","decl":{"start":{"line":229,"column":16},"end":{"line":229,"column":27}},"loc":{"start":{"line":237,"column":3},"end":{"line":261,"column":1}},"line":237},"7":{"name":"SegmentedControl","decl":{"start":{"line":263,"column":16},"end":{"line":263,"column":32}},"loc":{"start":{"line":271,"column":3},"end":{"line":299,"column":1}},"line":271},"8":{"name":"(anonymous_8)","decl":{"start":{"line":274,"column":19},"end":{"line":274,"column":20}},"loc":{"start":{"line":274,"column":31},"end":{"line":296,"column":7}},"line":274},"9":{"name":"(anonymous_9)","decl":{"start":{"line":278,"column":49},"end":{"line":278,"column":50}},"loc":{"start":{"line":278,"column":55},"end":{"line":278,"column":82}},"line":278},"10":{"name":"ChoiceChip","decl":{"start":{"line":301,"column":16},"end":{"line":301,"column":26}},"loc":{"start":{"line":311,"column":3},"end":{"line":333,"column":1}},"line":311},"11":{"name":"StatChip","decl":{"start":{"line":335,"column":16},"end":{"line":335,"column":24}},"loc":{"start":{"line":345,"column":3},"end":{"line":385,"column":1}},"line":345},"12":{"name":"PillBadge","decl":{"start":{"line":387,"column":16},"end":{"line":387,"column":25}},"loc":{"start":{"line":393,"column":3},"end":{"line":420,"column":1}},"line":393},"13":{"name":"ActionButton","decl":{"start":{"line":422,"column":16},"end":{"line":422,"column":28}},"loc":{"start":{"line":429,"column":22},"end":{"line":474,"column":1}},"line":429},"14":{"name":"(anonymous_14)","decl":{"start":{"line":441,"column":41},"end":{"line":441,"column":42}},"loc":{"start":{"line":441,"column":52},"end":{"line":451,"column":3}},"line":441},"15":{"name":"StickyFooter","decl":{"start":{"line":476,"column":16},"end":{"line":476,"column":28}},"loc":{"start":{"line":476,"column":68},"end":{"line":482,"column":1}},"line":476},"16":{"name":"LoadingState","decl":{"start":{"line":484,"column":16},"end":{"line":484,"column":28}},"loc":{"start":{"line":484,"column":59},"end":{"line":493,"column":1}},"line":484},"17":{"name":"EmptyState","decl":{"start":{"line":495,"column":16},"end":{"line":495,"column":26}},"loc":{"start":{"line":503,"column":3},"end":{"line":515,"column":1}},"line":503},"18":{"name":"OverlayCard","decl":{"start":{"line":517,"column":16},"end":{"line":517,"column":27}},"loc":{"start":{"line":527,"column":3},"end":{"line":535,"column":1}},"line":527},"19":{"name":"ConfirmDialog","decl":{"start":{"line":537,"column":16},"end":{"line":537,"column":29}},"loc":{"start":{"line":553,"column":3},"end":{"line":586,"column":1}},"line":553},"20":{"name":"InfoLine","decl":{"start":{"line":588,"column":16},"end":{"line":588,"column":24}},"loc":{"start":{"line":596,"column":3},"end":{"line":610,"column":1}},"line":596}},"branchMap":{"0":{"loc":{"start":{"line":50,"column":2},"end":{"line":55,"column":3}},"type":"if","locations":[{"start":{"line":50,"column":2},"end":{"line":55,"column":3}},{"start":{},"end":{}}],"line":50},"1":{"loc":{"start":{"line":50,"column":6},"end":{"line":50,"column":42}},"type":"binary-expr","locations":[{"start":{"line":50,"column":6},"end":{"line":50,"column":23}},{"start":{"line":50,"column":27},"end":{"line":50,"column":42}}],"line":50},"2":{"loc":{"start":{"line":57,"column":2},"end":{"line":62,"column":3}},"type":"if","locations":[{"start":{"line":57,"column":2},"end":{"line":62,"column":3}},{"start":{},"end":{}}],"line":57},"3":{"loc":{"start":{"line":64,"column":2},"end":{"line":69,"column":3}},"type":"if","locations":[{"start":{"line":64,"column":2},"end":{"line":69,"column":3}},{"start":{},"end":{}}],"line":64},"4":{"loc":{"start":{"line":71,"column":2},"end":{"line":76,"column":3}},"type":"if","locations":[{"start":{"line":71,"column":2},"end":{"line":76,"column":3}},{"start":{},"end":{}}],"line":71},"5":{"loc":{"start":{"line":78,"column":2},"end":{"line":83,"column":3}},"type":"if","locations":[{"start":{"line":78,"column":2},"end":{"line":83,"column":3}},{"start":{},"end":{}}],"line":78},"6":{"loc":{"start":{"line":93,"column":2},"end":{"line":93,"column":11}},"type":"default-arg","locations":[{"start":{"line":93,"column":9},"end":{"line":93,"column":11}}],"line":93},"7":{"loc":{"start":{"line":94,"column":2},"end":{"line":94,"column":27}},"type":"default-arg","locations":[{"start":{"line":94,"column":10},"end":{"line":94,"column":27}}],"line":94},"8":{"loc":{"start":{"line":105,"column":2},"end":{"line":105,"column":18}},"type":"default-arg","locations":[{"start":{"line":105,"column":9},"end":{"line":105,"column":18}}],"line":105},"9":{"loc":{"start":{"line":141,"column":9},"end":{"line":145,"column":16}},"type":"cond-expr","locations":[{"start":{"line":142,"column":10},"end":{"line":144,"column":22}},{"start":{"line":145,"column":12},"end":{"line":145,"column":16}}],"line":141},"10":{"loc":{"start":{"line":167,"column":2},"end":{"line":167,"column":17}},"type":"default-arg","locations":[{"start":{"line":167,"column":13},"end":{"line":167,"column":17}}],"line":167},"11":{"loc":{"start":{"line":181,"column":7},"end":{"line":181,"column":54}},"type":"cond-expr","locations":[{"start":{"line":181,"column":15},"end":{"line":181,"column":47}},{"start":{"line":181,"column":50},"end":{"line":181,"column":54}}],"line":181},"12":{"loc":{"start":{"line":182,"column":7},"end":{"line":224,"column":7}},"type":"cond-expr","locations":[{"start":{"line":183,"column":8},"end":{"line":207,"column":17}},{"start":{"line":209,"column":8},"end":{"line":223,"column":10}}],"line":182},"13":{"loc":{"start":{"line":287,"column":27},"end":{"line":287,"column":76}},"type":"cond-expr","locations":[{"start":{"line":287,"column":38},"end":{"line":287,"column":59}},{"start":{"line":287,"column":62},"end":{"line":287,"column":76}}],"line":287},"14":{"loc":{"start":{"line":288,"column":31},"end":{"line":288,"column":79}},"type":"cond-expr","locations":[{"start":{"line":288,"column":42},"end":{"line":288,"column":61}},{"start":{"line":288,"column":64},"end":{"line":288,"column":79}}],"line":288},"15":{"loc":{"start":{"line":290,"column":27},"end":{"line":290,"column":83}},"type":"cond-expr","locations":[{"start":{"line":290,"column":38},"end":{"line":290,"column":59}},{"start":{"line":290,"column":62},"end":{"line":290,"column":83}}],"line":290},"16":{"loc":{"start":{"line":316,"column":21},"end":{"line":316,"column":70}},"type":"cond-expr","locations":[{"start":{"line":316,"column":32},"end":{"line":316,"column":53}},{"start":{"line":316,"column":56},"end":{"line":316,"column":70}}],"line":316},"17":{"loc":{"start":{"line":317,"column":25},"end":{"line":317,"column":73}},"type":"cond-expr","locations":[{"start":{"line":317,"column":36},"end":{"line":317,"column":55}},{"start":{"line":317,"column":58},"end":{"line":317,"column":73}}],"line":317},"18":{"loc":{"start":{"line":325,"column":9},"end":{"line":329,"column":16}},"type":"cond-expr","locations":[{"start":{"line":326,"column":10},"end":{"line":328,"column":22}},{"start":{"line":329,"column":12},"end":{"line":329,"column":16}}],"line":325},"19":{"loc":{"start":{"line":347,"column":4},"end":{"line":347,"column":107}},"type":"cond-expr","locations":[{"start":{"line":347,"column":27},"end":{"line":347,"column":42}},{"start":{"line":347,"column":45},"end":{"line":347,"column":107}}],"line":347},"20":{"loc":{"start":{"line":347,"column":45},"end":{"line":347,"column":107}},"type":"cond-expr","locations":[{"start":{"line":347,"column":68},"end":{"line":347,"column":83}},{"start":{"line":347,"column":86},"end":{"line":347,"column":107}}],"line":347},"21":{"loc":{"start":{"line":348,"column":26},"end":{"line":354,"column":21}},"type":"cond-expr","locations":[{"start":{"line":349,"column":6},"end":{"line":353,"column":29}},{"start":{"line":354,"column":6},"end":{"line":354,"column":21}}],"line":348},"22":{"loc":{"start":{"line":349,"column":6},"end":{"line":353,"column":29}},"type":"cond-expr","locations":[{"start":{"line":350,"column":8},"end":{"line":350,"column":27}},{"start":{"line":351,"column":8},"end":{"line":353,"column":29}}],"line":349},"23":{"loc":{"start":{"line":351,"column":8},"end":{"line":353,"column":29}},"type":"cond-expr","locations":[{"start":{"line":352,"column":10},"end":{"line":352,"column":29}},{"start":{"line":353,"column":10},"end":{"line":353,"column":29}}],"line":351},"24":{"loc":{"start":{"line":355,"column":22},"end":{"line":361,"column":20}},"type":"cond-expr","locations":[{"start":{"line":356,"column":6},"end":{"line":360,"column":31}},{"start":{"line":361,"column":6},"end":{"line":361,"column":20}}],"line":355},"25":{"loc":{"start":{"line":356,"column":6},"end":{"line":360,"column":31}},"type":"cond-expr","locations":[{"start":{"line":357,"column":8},"end":{"line":357,"column":29}},{"start":{"line":358,"column":8},"end":{"line":360,"column":31}}],"line":356},"26":{"loc":{"start":{"line":358,"column":8},"end":{"line":360,"column":31}},"type":"cond-expr","locations":[{"start":{"line":359,"column":10},"end":{"line":359,"column":31}},{"start":{"line":360,"column":10},"end":{"line":360,"column":31}}],"line":358},"27":{"loc":{"start":{"line":376,"column":58},"end":{"line":376,"column":80}},"type":"cond-expr","locations":[{"start":{"line":376,"column":67},"end":{"line":376,"column":72}},{"start":{"line":376,"column":75},"end":{"line":376,"column":80}}],"line":376},"28":{"loc":{"start":{"line":389,"column":2},"end":{"line":389,"column":16}},"type":"default-arg","locations":[{"start":{"line":389,"column":9},"end":{"line":389,"column":16}}],"line":389},"29":{"loc":{"start":{"line":395,"column":4},"end":{"line":403,"column":117}},"type":"cond-expr","locations":[{"start":{"line":396,"column":8},"end":{"line":396,"column":118}},{"start":{"line":397,"column":8},"end":{"line":403,"column":117}}],"line":395},"30":{"loc":{"start":{"line":397,"column":8},"end":{"line":403,"column":117}},"type":"cond-expr","locations":[{"start":{"line":398,"column":10},"end":{"line":398,"column":114}},{"start":{"line":399,"column":10},"end":{"line":403,"column":117}}],"line":397},"31":{"loc":{"start":{"line":399,"column":10},"end":{"line":403,"column":117}},"type":"cond-expr","locations":[{"start":{"line":400,"column":12},"end":{"line":400,"column":116}},{"start":{"line":401,"column":12},"end":{"line":403,"column":117}}],"line":399},"32":{"loc":{"start":{"line":401,"column":12},"end":{"line":403,"column":117}},"type":"cond-expr","locations":[{"start":{"line":402,"column":14},"end":{"line":402,"column":115}},{"start":{"line":403,"column":14},"end":{"line":403,"column":117}}],"line":401},"33":{"loc":{"start":{"line":426,"column":2},"end":{"line":426,"column":21}},"type":"default-arg","locations":[{"start":{"line":426,"column":12},"end":{"line":426,"column":21}}],"line":426},"34":{"loc":{"start":{"line":427,"column":2},"end":{"line":427,"column":19}},"type":"default-arg","locations":[{"start":{"line":427,"column":14},"end":{"line":427,"column":19}}],"line":427},"35":{"loc":{"start":{"line":428,"column":2},"end":{"line":428,"column":13}},"type":"default-arg","locations":[{"start":{"line":428,"column":9},"end":{"line":428,"column":13}}],"line":428},"36":{"loc":{"start":{"line":431,"column":4},"end":{"line":439,"column":106}},"type":"cond-expr","locations":[{"start":{"line":432,"column":8},"end":{"line":432,"column":92}},{"start":{"line":433,"column":8},"end":{"line":439,"column":106}}],"line":431},"37":{"loc":{"start":{"line":433,"column":8},"end":{"line":439,"column":106}},"type":"cond-expr","locations":[{"start":{"line":434,"column":10},"end":{"line":434,"column":96}},{"start":{"line":435,"column":10},"end":{"line":439,"column":106}}],"line":433},"38":{"loc":{"start":{"line":435,"column":10},"end":{"line":439,"column":106}},"type":"cond-expr","locations":[{"start":{"line":436,"column":12},"end":{"line":436,"column":96}},{"start":{"line":437,"column":12},"end":{"line":439,"column":106}}],"line":435},"39":{"loc":{"start":{"line":437,"column":12},"end":{"line":439,"column":106}},"type":"cond-expr","locations":[{"start":{"line":438,"column":14},"end":{"line":438,"column":108}},{"start":{"line":439,"column":14},"end":{"line":439,"column":106}}],"line":437},"40":{"loc":{"start":{"line":442,"column":4},"end":{"line":448,"column":5}},"type":"if","locations":[{"start":{"line":442,"column":4},"end":{"line":448,"column":5}},{"start":{},"end":{}}],"line":442},"41":{"loc":{"start":{"line":442,"column":8},"end":{"line":442,"column":62}},"type":"binary-expr","locations":[{"start":{"line":442,"column":8},"end":{"line":442,"column":33}},{"start":{"line":442,"column":37},"end":{"line":442,"column":62}}],"line":442},"42":{"loc":{"start":{"line":444,"column":45},"end":{"line":444,"column":68}},"type":"cond-expr","locations":[{"start":{"line":444,"column":61},"end":{"line":444,"column":63}},{"start":{"line":444,"column":66},"end":{"line":444,"column":68}}],"line":444},"43":{"loc":{"start":{"line":459,"column":19},"end":{"line":459,"column":46}},"type":"cond-expr","locations":[{"start":{"line":459,"column":41},"end":{"line":459,"column":42}},{"start":{"line":459,"column":45},"end":{"line":459,"column":46}}],"line":459},"44":{"loc":{"start":{"line":463,"column":14},"end":{"line":463,"column":37}},"type":"cond-expr","locations":[{"start":{"line":463,"column":30},"end":{"line":463,"column":32}},{"start":{"line":463,"column":35},"end":{"line":463,"column":37}}],"line":463},"45":{"loc":{"start":{"line":464,"column":12},"end":{"line":464,"column":37}},"type":"cond-expr","locations":[{"start":{"line":464,"column":24},"end":{"line":464,"column":25}},{"start":{"line":464,"column":28},"end":{"line":464,"column":37}}],"line":464},"46":{"loc":{"start":{"line":465,"column":25},"end":{"line":465,"column":48}},"type":"cond-expr","locations":[{"start":{"line":465,"column":41},"end":{"line":465,"column":43}},{"start":{"line":465,"column":46},"end":{"line":465,"column":48}}],"line":465},"47":{"loc":{"start":{"line":466,"column":15},"end":{"line":466,"column":34}},"type":"cond-expr","locations":[{"start":{"line":466,"column":26},"end":{"line":466,"column":30}},{"start":{"line":466,"column":33},"end":{"line":466,"column":34}}],"line":466},"48":{"loc":{"start":{"line":532,"column":7},"end":{"line":532,"column":63}},"type":"cond-expr","locations":[{"start":{"line":532,"column":16},"end":{"line":532,"column":56}},{"start":{"line":532,"column":59},"end":{"line":532,"column":63}}],"line":532},"49":{"loc":{"start":{"line":542,"column":2},"end":{"line":542,"column":24}},"type":"default-arg","locations":[{"start":{"line":542,"column":16},"end":{"line":542,"column":24}}],"line":542},"50":{"loc":{"start":{"line":554,"column":2},"end":{"line":556,"column":3}},"type":"if","locations":[{"start":{"line":554,"column":2},"end":{"line":556,"column":3}},{"start":{},"end":{}}],"line":554},"51":{"loc":{"start":{"line":591,"column":2},"end":{"line":591,"column":23}},"type":"default-arg","locations":[{"start":{"line":591,"column":14},"end":{"line":591,"column":23}}],"line":591},"52":{"loc":{"start":{"line":598,"column":4},"end":{"line":598,"column":109}},"type":"cond-expr","locations":[{"start":{"line":598,"column":29},"end":{"line":598,"column":50}},{"start":{"line":598,"column":53},"end":{"line":598,"column":109}}],"line":598},"53":{"loc":{"start":{"line":598,"column":53},"end":{"line":598,"column":109}},"type":"cond-expr","locations":[{"start":{"line":598,"column":79},"end":{"line":598,"column":94}},{"start":{"line":598,"column":97},"end":{"line":598,"column":109}}],"line":598}},"s":{"0":9,"1":56,"2":4,"3":52,"4":2,"5":50,"6":2,"7":48,"8":0,"9":48,"10":6,"11":42,"12":131,"13":56,"14":56,"15":12,"16":17,"17":11,"18":11,"19":1,"20":2,"21":2,"22":1,"23":25,"24":12,"25":12,"26":12,"27":12,"28":4,"29":4,"30":52,"31":52,"32":52,"33":49,"34":3,"35":52,"36":12,"37":0,"38":1,"39":1,"40":5,"41":4,"42":1,"43":9,"44":9},"f":{"0":56,"1":131,"2":56,"3":12,"4":17,"5":11,"6":11,"7":1,"8":2,"9":1,"10":25,"11":12,"12":4,"13":52,"14":52,"15":12,"16":0,"17":1,"18":1,"19":5,"20":9},"b":{"0":[4,52],"1":[56,52],"2":[2,50],"3":[2,48],"4":[0,48],"5":[6,42],"6":[0],"7":[0],"8":[42],"9":[6,6],"10":[11],"11":[11,0],"12":[3,8],"13":[1,1],"14":[1,1],"15":[1,1],"16":[2,23],"17":[2,23],"18":[1,24],"19":[4,8],"20":[4,4],"21":[4,8],"22":[1,3],"23":[3,0],"24":[4,8],"25":[1,3],"26":[3,0],"27":[4,8],"28":[0],"29":[2,2],"30":[2,0],"31":[0,0],"32":[0,0],"33":[14],"34":[28],"35":[45],"36":[18,34],"37":[14,20],"38":[7,13],"39":[6,7],"40":[49,3],"41":[52,4],"42":[4,45],"43":[7,45],"44":[7,45],"45":[24,28],"46":[7,45],"47":[2,50],"48":[0,1],"49":[4],"50":[4,1],"51":[6],"52":[0,9],"53":[3,6]},"_coverageSchema":"1a1c01bbd47fc00a2c39e90264f33305004495a9","hash":"885c34e166263e10454955fe83eb49aef818695a"}
,"/Users/maai/Documents/GitHub/kitchen-assistant/src/frontend/src/features/home/HomeScreen.tsx": {"path":"/Users/maai/Documents/GitHub/kitchen-assistant/src/frontend/src/features/home/HomeScreen.tsx","statementMap":{"0":{"start":{"line":18,"column":2},"end":{"line":18,"column":64}},"1":{"start":{"line":22,"column":2},"end":{"line":24,"column":3}},"2":{"start":{"line":23,"column":4},"end":{"line":23,"column":31}},"3":{"start":{"line":26,"column":2},"end":{"line":26,"column":47}},"4":{"start":{"line":30,"column":17},"end":{"line":30,"column":28}},"5":{"start":{"line":31,"column":26},"end":{"line":31,"column":66}},"6":{"start":{"line":32,"column":32},"end":{"line":32,"column":46}},"7":{"start":{"line":33,"column":28},"end":{"line":33,"column":57}},"8":{"start":{"line":35,"column":2},"end":{"line":47,"column":9}},"9":{"start":{"line":36,"column":17},"end":{"line":44,"column":5}},"10":{"start":{"line":37,"column":6},"end":{"line":43,"column":7}},"11":{"start":{"line":38,"column":8},"end":{"line":38,"column":46}},"12":{"start":{"line":40,"column":8},"end":{"line":40,"column":94}},"13":{"start":{"line":42,"column":8},"end":{"line":42,"column":26}},"14":{"start":{"line":46,"column":4},"end":{"line":46,"column":16}},"15":{"start":{"line":49,"column":21},"end":{"line":49,"column":43}},"16":{"start":{"line":51,"column":2},"end":{"line":181,"column":4}},"17":{"start":{"line":61,"column":12},"end":{"line":61,"column":40}},"18":{"start":{"line":62,"column":12},"end":{"line":62,"column":37}},"19":{"start":{"line":71,"column":41},"end":{"line":71,"column":67}},"20":{"start":{"line":124,"column":36},"end":{"line":124,"column":68}},"21":{"start":{"line":126,"column":20},"end":{"line":126,"column":74}},"22":{"start":{"line":128,"column":20},"end":{"line":130,"column":41}},"23":{"start":{"line":131,"column":40},"end":{"line":131,"column":59}},"24":{"start":{"line":133,"column":18},"end":{"line":160,"column":20}},"25":{"start":{"line":139,"column":26},"end":{"line":141,"column":27}},"26":{"start":{"line":140,"column":28},"end":{"line":140,"column":64}},"27":{"start":{"line":172,"column":16},"end":{"line":174,"column":28}}},"fnMap":{"0":{"name":"Divider","decl":{"start":{"line":17,"column":9},"end":{"line":17,"column":16}},"loc":{"start":{"line":17,"column":19},"end":{"line":19,"column":1}},"line":17},"1":{"name":"formatMealSlot","decl":{"start":{"line":21,"column":9},"end":{"line":21,"column":23}},"loc":{"start":{"line":21,"column":65},"end":{"line":27,"column":1}},"line":21},"2":{"name":"HomeScreen","decl":{"start":{"line":29,"column":24},"end":{"line":29,"column":34}},"loc":{"start":{"line":29,"column":37},"end":{"line":182,"column":1}},"line":29},"3":{"name":"(anonymous_3)","decl":{"start":{"line":35,"column":12},"end":{"line":35,"column":13}},"loc":{"start":{"line":35,"column":18},"end":{"line":47,"column":3}},"line":35},"4":{"name":"(anonymous_4)","decl":{"start":{"line":36,"column":17},"end":{"line":36,"column":18}},"loc":{"start":{"line":36,"column":29},"end":{"line":44,"column":5}},"line":36},"5":{"name":"(anonymous_5)","decl":{"start":{"line":60,"column":19},"end":{"line":60,"column":20}},"loc":{"start":{"line":60,"column":31},"end":{"line":63,"column":11}},"line":60},"6":{"name":"(anonymous_6)","decl":{"start":{"line":71,"column":35},"end":{"line":71,"column":36}},"loc":{"start":{"line":71,"column":41},"end":{"line":71,"column":67}},"line":71},"7":{"name":"(anonymous_7)","decl":{"start":{"line":123,"column":31},"end":{"line":123,"column":32}},"loc":{"start":{"line":123,"column":48},"end":{"line":161,"column":17}},"line":123},"8":{"name":"(anonymous_8)","decl":{"start":{"line":138,"column":33},"end":{"line":138,"column":34}},"loc":{"start":{"line":138,"column":39},"end":{"line":142,"column":25}},"line":138},"9":{"name":"(anonymous_9)","decl":{"start":{"line":171,"column":45},"end":{"line":171,"column":46}},"loc":{"start":{"line":172,"column":16},"end":{"line":174,"column":28}},"line":172}},"branchMap":{"0":{"loc":{"start":{"line":22,"column":2},"end":{"line":24,"column":3}},"type":"if","locations":[{"start":{"line":22,"column":2},"end":{"line":24,"column":3}},{"start":{},"end":{}}],"line":22},"1":{"loc":{"start":{"line":22,"column":6},"end":{"line":22,"column":51}},"type":"binary-expr","locations":[{"start":{"line":22,"column":6},"end":{"line":22,"column":30}},{"start":{"line":22,"column":34},"end":{"line":22,"column":51}}],"line":22},"2":{"loc":{"start":{"line":40,"column":17},"end":{"line":40,"column":92}},"type":"cond-expr","locations":[{"start":{"line":40,"column":48},"end":{"line":40,"column":67}},{"start":{"line":40,"column":70},"end":{"line":40,"column":92}}],"line":40},"3":{"loc":{"start":{"line":49,"column":21},"end":{"line":49,"column":43}},"type":"binary-expr","locations":[{"start":{"line":49,"column":21},"end":{"line":49,"column":37}},{"start":{"line":49,"column":41},"end":{"line":49,"column":43}}],"line":49},"4":{"loc":{"start":{"line":69,"column":8},"end":{"line":73,"column":21}},"type":"cond-expr","locations":[{"start":{"line":70,"column":10},"end":{"line":72,"column":25}},{"start":{"line":73,"column":12},"end":{"line":73,"column":21}}],"line":69},"5":{"loc":{"start":{"line":76,"column":7},"end":{"line":179,"column":14}},"type":"cond-expr","locations":[{"start":{"line":77,"column":8},"end":{"line":81,"column":22}},{"start":{"line":82,"column":10},"end":{"line":179,"column":14}}],"line":76},"6":{"loc":{"start":{"line":82,"column":10},"end":{"line":179,"column":14}},"type":"cond-expr","locations":[{"start":{"line":83,"column":8},"end":{"line":87,"column":22}},{"start":{"line":88,"column":10},"end":{"line":179,"column":14}}],"line":82},"7":{"loc":{"start":{"line":88,"column":10},"end":{"line":179,"column":14}},"type":"cond-expr","locations":[{"start":{"line":89,"column":8},"end":{"line":178,"column":11}},{"start":{"line":179,"column":10},"end":{"line":179,"column":14}}],"line":88},"8":{"loc":{"start":{"line":118,"column":15},"end":{"line":162,"column":15}},"type":"cond-expr","locations":[{"start":{"line":119,"column":16},"end":{"line":121,"column":28}},{"start":{"line":123,"column":16},"end":{"line":161,"column":18}}],"line":118},"9":{"loc":{"start":{"line":126,"column":20},"end":{"line":126,"column":74}},"type":"cond-expr","locations":[{"start":{"line":126,"column":56},"end":{"line":126,"column":69}},{"start":{"line":126,"column":72},"end":{"line":126,"column":74}}],"line":126},"10":{"loc":{"start":{"line":128,"column":20},"end":{"line":130,"column":41}},"type":"cond-expr","locations":[{"start":{"line":129,"column":24},"end":{"line":129,"column":34}},{"start":{"line":130,"column":24},"end":{"line":130,"column":41}}],"line":128},"11":{"loc":{"start":{"line":128,"column":20},"end":{"line":128,"column":75}},"type":"binary-expr","locations":[{"start":{"line":128,"column":20},"end":{"line":128,"column":50}},{"start":{"line":128,"column":54},"end":{"line":128,"column":75}}],"line":128},"12":{"loc":{"start":{"line":134,"column":36},"end":{"line":134,"column":55}},"type":"binary-expr","locations":[{"start":{"line":134,"column":36},"end":{"line":134,"column":45}},{"start":{"line":134,"column":49},"end":{"line":134,"column":55}}],"line":134},"13":{"loc":{"start":{"line":134,"column":59},"end":{"line":134,"column":76}},"type":"binary-expr","locations":[{"start":{"line":134,"column":59},"end":{"line":134,"column":67}},{"start":{"line":134,"column":71},"end":{"line":134,"column":76}}],"line":134},"14":{"loc":{"start":{"line":135,"column":23},"end":{"line":135,"column":53}},"type":"cond-expr","locations":[{"start":{"line":135,"column":35},"end":{"line":135,"column":46}},{"start":{"line":135,"column":49},"end":{"line":135,"column":53}}],"line":135},"15":{"loc":{"start":{"line":139,"column":26},"end":{"line":141,"column":27}},"type":"if","locations":[{"start":{"line":139,"column":26},"end":{"line":141,"column":27}},{"start":{},"end":{}}],"line":139},"16":{"loc":{"start":{"line":149,"column":35},"end":{"line":149,"column":90}},"type":"cond-expr","locations":[{"start":{"line":149,"column":51},"end":{"line":149,"column":66}},{"start":{"line":149,"column":69},"end":{"line":149,"column":90}}],"line":149}},"s":{"0":0,"1":2,"2":1,"3":1,"4":4,"5":4,"6":4,"7":4,"8":4,"9":2,"10":2,"11":2,"12":0,"13":2,"14":2,"15":4,"16":4,"17":0,"18":0,"19":1,"20":2,"21":2,"22":2,"23":2,"24":2,"25":2,"26":2,"27":2},"f":{"0":0,"1":2,"2":4,"3":2,"4":2,"5":0,"6":1,"7":2,"8":2,"9":2},"b":{"0":[1,1],"1":[2,1],"2":[0,0],"3":[4,2],"4":[2,2],"5":[2,2],"6":[0,2],"7":[2,0],"8":[0,2],"9":[2,0],"10":[2,0],"11":[2,2],"12":[2,1],"13":[2,0],"14":[0,2],"15":[2,0],"16":[2,0]},"_coverageSchema":"1a1c01bbd47fc00a2c39e90264f33305004495a9","hash":"a8634a8a5f2fbdbca66cae358994438c0367488b"}
,"/Users/maai/Documents/GitHub/kitchen-assistant/src/frontend/src/features/kitchen/EditOcrItemScreen.tsx": {"path":"/Users/maai/Documents/GitHub/kitchen-assistant/src/frontend/src/features/kitchen/EditOcrItemScreen.tsx","statementMap":{"0":{"start":{"line":25,"column":17},"end":{"line":25,"column":28}},"1":{"start":{"line":26,"column":21},"end":{"line":26,"column":63}},"2":{"start":{"line":27,"column":20},"end":{"line":27,"column":58}},"3":{"start":{"line":27,"column":42},"end":{"line":27,"column":57}},"4":{"start":{"line":28,"column":30},"end":{"line":28,"column":70}},"5":{"start":{"line":29,"column":26},"end":{"line":29,"column":38}},"6":{"start":{"line":30,"column":44},"end":{"line":30,"column":56}},"7":{"start":{"line":31,"column":42},"end":{"line":31,"column":54}},"8":{"start":{"line":32,"column":26},"end":{"line":32,"column":38}},"9":{"start":{"line":33,"column":46},"end":{"line":33,"column":66}},"10":{"start":{"line":35,"column":2},"end":{"line":50,"column":15}},"11":{"start":{"line":36,"column":17},"end":{"line":47,"column":5}},"12":{"start":{"line":37,"column":25},"end":{"line":37,"column":60}},"13":{"start":{"line":38,"column":19},"end":{"line":38,"column":72}},"14":{"start":{"line":38,"column":52},"end":{"line":38,"column":71}},"15":{"start":{"line":39,"column":6},"end":{"line":41,"column":7}},"16":{"start":{"line":40,"column":8},"end":{"line":40,"column":15}},"17":{"start":{"line":42,"column":6},"end":{"line":42,"column":28}},"18":{"start":{"line":43,"column":6},"end":{"line":43,"column":25}},"19":{"start":{"line":44,"column":6},"end":{"line":44,"column":51}},"20":{"start":{"line":45,"column":6},"end":{"line":45,"column":75}},"21":{"start":{"line":46,"column":6},"end":{"line":46,"column":31}},"22":{"start":{"line":49,"column":4},"end":{"line":49,"column":16}},"23":{"start":{"line":52,"column":15},"end":{"line":52,"column":65}},"24":{"start":{"line":52,"column":45},"end":{"line":52,"column":64}},"25":{"start":{"line":53,"column":30},"end":{"line":53,"column":51}},"26":{"start":{"line":55,"column":4},"end":{"line":58,"column":84}},"27":{"start":{"line":60,"column":2},"end":{"line":68,"column":3}},"28":{"start":{"line":61,"column":4},"end":{"line":67,"column":6}},"29":{"start":{"line":70,"column":2},"end":{"line":253,"column":4}},"30":{"start":{"line":185,"column":79},"end":{"line":185,"column":92}},"31":{"start":{"line":192,"column":24},"end":{"line":201,"column":25}},"32":{"start":{"line":193,"column":26},"end":{"line":199,"column":29}},"33":{"start":{"line":200,"column":26},"end":{"line":200,"column":33}},"34":{"start":{"line":203,"column":24},"end":{"line":211,"column":25}},"35":{"start":{"line":204,"column":26},"end":{"line":209,"column":29}},"36":{"start":{"line":210,"column":26},"end":{"line":210,"column":33}},"37":{"start":{"line":213,"column":24},"end":{"line":219,"column":27}},"38":{"start":{"line":220,"column":24},"end":{"line":224,"column":27}},"39":{"start":{"line":225,"column":24},"end":{"line":225,"column":38}},"40":{"start":{"line":234,"column":22},"end":{"line":234,"column":87}},"41":{"start":{"line":235,"column":22},"end":{"line":239,"column":25}},"42":{"start":{"line":240,"column":22},"end":{"line":240,"column":36}}},"fnMap":{"0":{"name":"EditOcrItemScreen","decl":{"start":{"line":24,"column":24},"end":{"line":24,"column":41}},"loc":{"start":{"line":24,"column":44},"end":{"line":254,"column":1}},"line":24},"1":{"name":"(anonymous_1)","decl":{"start":{"line":27,"column":31},"end":{"line":27,"column":32}},"loc":{"start":{"line":27,"column":42},"end":{"line":27,"column":57}},"line":27},"2":{"name":"(anonymous_2)","decl":{"start":{"line":35,"column":12},"end":{"line":35,"column":13}},"loc":{"start":{"line":35,"column":18},"end":{"line":50,"column":3}},"line":35},"3":{"name":"(anonymous_3)","decl":{"start":{"line":36,"column":17},"end":{"line":36,"column":18}},"loc":{"start":{"line":36,"column":29},"end":{"line":47,"column":5}},"line":36},"4":{"name":"(anonymous_4)","decl":{"start":{"line":38,"column":41},"end":{"line":38,"column":42}},"loc":{"start":{"line":38,"column":52},"end":{"line":38,"column":71}},"line":38},"5":{"name":"(anonymous_5)","decl":{"start":{"line":52,"column":34},"end":{"line":52,"column":35}},"loc":{"start":{"line":52,"column":45},"end":{"line":52,"column":64}},"line":52},"6":{"name":"(anonymous_6)","decl":{"start":{"line":83,"column":48},"end":{"line":83,"column":49}},"loc":{"start":{"line":83,"column":54},"end":{"line":83,"column":56}},"line":83},"7":{"name":"(anonymous_7)","decl":{"start":{"line":185,"column":73},"end":{"line":185,"column":74}},"loc":{"start":{"line":185,"column":79},"end":{"line":185,"column":92}},"line":185},"8":{"name":"(anonymous_8)","decl":{"start":{"line":191,"column":31},"end":{"line":191,"column":32}},"loc":{"start":{"line":191,"column":43},"end":{"line":226,"column":23}},"line":191},"9":{"name":"(anonymous_9)","decl":{"start":{"line":233,"column":29},"end":{"line":233,"column":30}},"loc":{"start":{"line":233,"column":41},"end":{"line":241,"column":21}},"line":233}},"branchMap":{"0":{"loc":{"start":{"line":39,"column":6},"end":{"line":41,"column":7}},"type":"if","locations":[{"start":{"line":39,"column":6},"end":{"line":41,"column":7}},{"start":{},"end":{}}],"line":39},"1":{"loc":{"start":{"line":46,"column":14},"end":{"line":46,"column":29}},"type":"binary-expr","locations":[{"start":{"line":46,"column":14},"end":{"line":46,"column":23}},{"start":{"line":46,"column":27},"end":{"line":46,"column":29}}],"line":46},"2":{"loc":{"start":{"line":55,"column":4},"end":{"line":58,"column":84}},"type":"binary-expr","locations":[{"start":{"line":55,"column":4},"end":{"line":55,"column":35}},{"start":{"line":56,"column":4},"end":{"line":56,"column":40}},{"start":{"line":57,"column":4},"end":{"line":57,"column":27}},{"start":{"line":58,"column":5},"end":{"line":58,"column":42}},{"start":{"line":58,"column":46},"end":{"line":58,"column":83}}],"line":55},"3":{"loc":{"start":{"line":60,"column":2},"end":{"line":68,"column":3}},"type":"if","locations":[{"start":{"line":60,"column":2},"end":{"line":68,"column":3}},{"start":{},"end":{}}],"line":60},"4":{"loc":{"start":{"line":126,"column":35},"end":{"line":126,"column":84}},"type":"cond-expr","locations":[{"start":{"line":126,"column":59},"end":{"line":126,"column":72}},{"start":{"line":126,"column":75},"end":{"line":126,"column":84}}],"line":126},"5":{"loc":{"start":{"line":158,"column":34},"end":{"line":158,"column":101}},"type":"cond-expr","locations":[{"start":{"line":158,"column":73},"end":{"line":158,"column":85}},{"start":{"line":158,"column":88},"end":{"line":158,"column":101}}],"line":158},"6":{"loc":{"start":{"line":161,"column":21},"end":{"line":163,"column":91}},"type":"cond-expr","locations":[{"start":{"line":162,"column":24},"end":{"line":162,"column":62}},{"start":{"line":163,"column":24},"end":{"line":163,"column":91}}],"line":161},"7":{"loc":{"start":{"line":190,"column":32},"end":{"line":190,"column":64}},"type":"binary-expr","locations":[{"start":{"line":190,"column":32},"end":{"line":190,"column":44}},{"start":{"line":190,"column":48},"end":{"line":190,"column":64}}],"line":190},"8":{"loc":{"start":{"line":192,"column":24},"end":{"line":201,"column":25}},"type":"if","locations":[{"start":{"line":192,"column":24},"end":{"line":201,"column":25}},{"start":{},"end":{}}],"line":192},"9":{"loc":{"start":{"line":195,"column":41},"end":{"line":197,"column":80}},"type":"cond-expr","locations":[{"start":{"line":196,"column":32},"end":{"line":196,"column":70}},{"start":{"line":197,"column":32},"end":{"line":197,"column":80}}],"line":195},"10":{"loc":{"start":{"line":203,"column":24},"end":{"line":211,"column":25}},"type":"if","locations":[{"start":{"line":203,"column":24},"end":{"line":211,"column":25}},{"start":{},"end":{}}],"line":203},"11":{"loc":{"start":{"line":215,"column":48},"end":{"line":215,"column":66}},"type":"binary-expr","locations":[{"start":{"line":215,"column":48},"end":{"line":215,"column":61}},{"start":{"line":215,"column":65},"end":{"line":215,"column":66}}],"line":215},"12":{"loc":{"start":{"line":251,"column":9},"end":{"line":251,"column":68}},"type":"cond-expr","locations":[{"start":{"line":251,"column":28},"end":{"line":251,"column":61}},{"start":{"line":251,"column":64},"end":{"line":251,"column":68}}],"line":251}},"s":{"0":3,"1":3,"2":3,"3":10,"4":3,"5":3,"6":3,"7":3,"8":3,"9":3,"10":3,"11":1,"12":1,"13":1,"14":1,"15":1,"16":0,"17":1,"18":1,"19":1,"20":1,"21":1,"22":1,"23":3,"24":2,"25":3,"26":3,"27":3,"28":1,"29":2,"30":0,"31":1,"32":0,"33":0,"34":1,"35":0,"36":0,"37":1,"38":1,"39":1,"40":0,"41":0,"42":0},"f":{"0":3,"1":10,"2":1,"3":1,"4":1,"5":2,"6":0,"7":0,"8":1,"9":0},"b":{"0":[0,1],"1":[1,1],"2":[3,2,2,2,0],"3":[1,2],"4":[2,0],"5":[0,2],"6":[0,2],"7":[2,2],"8":[0,1],"9":[0,0],"10":[0,1],"11":[1,0],"12":[2,0]},"_coverageSchema":"1a1c01bbd47fc00a2c39e90264f33305004495a9","hash":"03967294936f2ea11504a7f98bffd34320861f50"}
,"/Users/maai/Documents/GitHub/kitchen-assistant/src/frontend/src/features/kitchen/KitchenHubScreen.tsx": {"path":"/Users/maai/Documents/GitHub/kitchen-assistant/src/frontend/src/features/kitchen/KitchenHubScreen.tsx","statementMap":{"0":{"start":{"line":27,"column":51},"end":{"line":31,"column":1}},"1":{"start":{"line":34,"column":2},"end":{"line":34,"column":64}},"2":{"start":{"line":38,"column":2},"end":{"line":38,"column":51}},"3":{"start":{"line":42,"column":2},"end":{"line":44,"column":3}},"4":{"start":{"line":43,"column":4},"end":{"line":43,"column":16}},"5":{"start":{"line":46,"column":16},"end":{"line":46,"column":26}},"6":{"start":{"line":47,"column":17},"end":{"line":47,"column":37}},"7":{"start":{"line":48,"column":16},"end":{"line":48,"column":90}},"8":{"start":{"line":49,"column":14},"end":{"line":49,"column":91}},"9":{"start":{"line":50,"column":2},"end":{"line":50,"column":59}},"10":{"start":{"line":54,"column":2},"end":{"line":56,"column":3}},"11":{"start":{"line":55,"column":4},"end":{"line":55,"column":50}},"12":{"start":{"line":58,"column":19},"end":{"line":58,"column":86}},"13":{"start":{"line":60,"column":2},"end":{"line":65,"column":3}},"14":{"start":{"line":61,"column":4},"end":{"line":64,"column":6}},"15":{"start":{"line":67,"column":2},"end":{"line":69,"column":3}},"16":{"start":{"line":68,"column":4},"end":{"line":68,"column":52}},"17":{"start":{"line":71,"column":2},"end":{"line":74,"column":4}},"18":{"start":{"line":78,"column":17},"end":{"line":78,"column":28}},"19":{"start":{"line":79,"column":20},"end":{"line":79,"column":58}},"20":{"start":{"line":79,"column":42},"end":{"line":79,"column":57}},"21":{"start":{"line":80,"column":38},"end":{"line":80,"column":65}},"22":{"start":{"line":81,"column":32},"end":{"line":81,"column":79}},"23":{"start":{"line":82,"column":40},"end":{"line":82,"column":82}},"24":{"start":{"line":83,"column":44},"end":{"line":83,"column":88}},"25":{"start":{"line":84,"column":40},"end":{"line":84,"column":62}},"26":{"start":{"line":85,"column":30},"end":{"line":85,"column":42}},"27":{"start":{"line":86,"column":32},"end":{"line":86,"column":46}},"28":{"start":{"line":87,"column":28},"end":{"line":87,"column":57}},"29":{"start":{"line":89,"column":15},"end":{"line":106,"column":3}},"30":{"start":{"line":90,"column":4},"end":{"line":105,"column":5}},"31":{"start":{"line":91,"column":6},"end":{"line":91,"column":23}},"32":{"start":{"line":92,"column":6},"end":{"line":92,"column":21}},"33":{"start":{"line":93,"column":56},"end":{"line":97,"column":8}},"34":{"start":{"line":98,"column":6},"end":{"line":98,"column":30}},"35":{"start":{"line":99,"column":6},"end":{"line":99,"column":34}},"36":{"start":{"line":100,"column":6},"end":{"line":100,"column":38}},"37":{"start":{"line":102,"column":6},"end":{"line":102,"column":100}},"38":{"start":{"line":104,"column":6},"end":{"line":104,"column":24}},"39":{"start":{"line":108,"column":2},"end":{"line":110,"column":13}},"40":{"start":{"line":109,"column":4},"end":{"line":109,"column":24}},"41":{"start":{"line":112,"column":2},"end":{"line":114,"column":19}},"42":{"start":{"line":113,"column":4},"end":{"line":113,"column":16}},"43":{"start":{"line":116,"column":25},"end":{"line":123,"column":3}},"44":{"start":{"line":117,"column":4},"end":{"line":119,"column":5}},"45":{"start":{"line":118,"column":6},"end":{"line":118,"column":13}},"46":{"start":{"line":121,"column":4},"end":{"line":121,"column":23}},"47":{"start":{"line":122,"column":4},"end":{"line":122,"column":30}},"48":{"start":{"line":125,"column":29},"end":{"line":134,"column":27}},"49":{"start":{"line":126,"column":23},"end":{"line":126,"column":50}},"50":{"start":{"line":127,"column":18},"end":{"line":127,"column":85}},"51":{"start":{"line":127,"column":54},"end":{"line":127,"column":78}},"52":{"start":{"line":129,"column":4},"end":{"line":131,"column":5}},"53":{"start":{"line":130,"column":6},"end":{"line":130,"column":19}},"54":{"start":{"line":133,"column":4},"end":{"line":133,"column":80}},"55":{"start":{"line":133,"column":34},"end":{"line":133,"column":78}},"56":{"start":{"line":137,"column":4},"end":{"line":201,"column":5}},"57":{"start":{"line":141,"column":12},"end":{"line":155,"column":13}},"58":{"start":{"line":142,"column":14},"end":{"line":142,"column":54}},"59":{"start":{"line":143,"column":14},"end":{"line":147,"column":17}},"60":{"start":{"line":149,"column":14},"end":{"line":149,"column":66}},"61":{"start":{"line":150,"column":14},"end":{"line":154,"column":17}},"62":{"start":{"line":156,"column":12},"end":{"line":156,"column":31}},"63":{"start":{"line":157,"column":12},"end":{"line":157,"column":25}},"64":{"start":{"line":162,"column":57},"end":{"line":162,"column":91}},"65":{"start":{"line":172,"column":14},"end":{"line":186,"column":15}},"66":{"start":{"line":173,"column":16},"end":{"line":173,"column":57}},"67":{"start":{"line":174,"column":16},"end":{"line":178,"column":19}},"68":{"start":{"line":180,"column":16},"end":{"line":180,"column":55}},"69":{"start":{"line":181,"column":16},"end":{"line":185,"column":19}},"70":{"start":{"line":187,"column":14},"end":{"line":187,"column":27}},"71":{"start":{"line":195,"column":28},"end":{"line":195,"column":119}},"72":{"start":{"line":203,"column":2},"end":{"line":402,"column":4}},"73":{"start":{"line":217,"column":10},"end":{"line":217,"column":31}},"74":{"start":{"line":218,"column":10},"end":{"line":220,"column":11}},"75":{"start":{"line":219,"column":12},"end":{"line":219,"column":33}},"76":{"start":{"line":237,"column":27},"end":{"line":237,"column":51}},"77":{"start":{"line":243,"column":27},"end":{"line":243,"column":53}},"78":{"start":{"line":249,"column":27},"end":{"line":249,"column":53}},"79":{"start":{"line":291,"column":35},"end":{"line":291,"column":68}},"80":{"start":{"line":292,"column":18},"end":{"line":341,"column":20}},"81":{"start":{"line":299,"column":28},"end":{"line":303,"column":29}},"82":{"start":{"line":300,"column":30},"end":{"line":302,"column":59}},"83":{"start":{"line":301,"column":60},"end":{"line":301,"column":81}},"84":{"start":{"line":328,"column":28},"end":{"line":328,"column":76}},"85":{"start":{"line":329,"column":28},"end":{"line":333,"column":31}},"86":{"start":{"line":334,"column":28},"end":{"line":334,"column":41}},"87":{"start":{"line":366,"column":29},"end":{"line":366,"column":48}},"88":{"start":{"line":367,"column":16},"end":{"line":393,"column":18}},"89":{"start":{"line":370,"column":46},"end":{"line":370,"column":85}}},"fnMap":{"0":{"name":"Divider","decl":{"start":{"line":33,"column":9},"end":{"line":33,"column":16}},"loc":{"start":{"line":33,"column":19},"end":{"line":35,"column":1}},"line":33},"1":{"name":"quantityLabel","decl":{"start":{"line":37,"column":9},"end":{"line":37,"column":22}},"loc":{"start":{"line":37,"column":90},"end":{"line":39,"column":1}},"line":37},"2":{"name":"dayDiff","decl":{"start":{"line":41,"column":9},"end":{"line":41,"column":16}},"loc":{"start":{"line":41,"column":45},"end":{"line":51,"column":1}},"line":41},"3":{"name":"inventoryHint","decl":{"start":{"line":53,"column":9},"end":{"line":53,"column":22}},"loc":{"start":{"line":53,"column":44},"end":{"line":75,"column":1}},"line":53},"4":{"name":"KitchenHubScreen","decl":{"start":{"line":77,"column":24},"end":{"line":77,"column":40}},"loc":{"start":{"line":77,"column":74},"end":{"line":403,"column":1}},"line":77},"5":{"name":"(anonymous_5)","decl":{"start":{"line":79,"column":31},"end":{"line":79,"column":32}},"loc":{"start":{"line":79,"column":42},"end":{"line":79,"column":57}},"line":79},"6":{"name":"(anonymous_6)","decl":{"start":{"line":89,"column":15},"end":{"line":89,"column":16}},"loc":{"start":{"line":89,"column":46},"end":{"line":106,"column":3}},"line":89},"7":{"name":"(anonymous_7)","decl":{"start":{"line":108,"column":12},"end":{"line":108,"column":13}},"loc":{"start":{"line":108,"column":18},"end":{"line":110,"column":3}},"line":108},"8":{"name":"(anonymous_8)","decl":{"start":{"line":112,"column":12},"end":{"line":112,"column":13}},"loc":{"start":{"line":112,"column":18},"end":{"line":114,"column":3}},"line":112},"9":{"name":"(anonymous_9)","decl":{"start":{"line":116,"column":25},"end":{"line":116,"column":26}},"loc":{"start":{"line":116,"column":54},"end":{"line":123,"column":3}},"line":116},"10":{"name":"(anonymous_10)","decl":{"start":{"line":125,"column":37},"end":{"line":125,"column":38}},"loc":{"start":{"line":125,"column":43},"end":{"line":134,"column":3}},"line":125},"11":{"name":"(anonymous_11)","decl":{"start":{"line":127,"column":44},"end":{"line":127,"column":45}},"loc":{"start":{"line":127,"column":54},"end":{"line":127,"column":78}},"line":127},"12":{"name":"(anonymous_12)","decl":{"start":{"line":133,"column":24},"end":{"line":133,"column":25}},"loc":{"start":{"line":133,"column":34},"end":{"line":133,"column":78}},"line":133},"13":{"name":"(anonymous_13)","decl":{"start":{"line":140,"column":19},"end":{"line":140,"column":20}},"loc":{"start":{"line":140,"column":31},"end":{"line":158,"column":11}},"line":140},"14":{"name":"(anonymous_14)","decl":{"start":{"line":162,"column":51},"end":{"line":162,"column":52}},"loc":{"start":{"line":162,"column":57},"end":{"line":162,"column":91}},"line":162},"15":{"name":"(anonymous_15)","decl":{"start":{"line":171,"column":21},"end":{"line":171,"column":22}},"loc":{"start":{"line":171,"column":33},"end":{"line":188,"column":13}},"line":171},"16":{"name":"(anonymous_16)","decl":{"start":{"line":195,"column":21},"end":{"line":195,"column":22}},"loc":{"start":{"line":195,"column":28},"end":{"line":195,"column":119}},"line":195},"17":{"name":"(anonymous_17)","decl":{"start":{"line":216,"column":22},"end":{"line":216,"column":23}},"loc":{"start":{"line":216,"column":37},"end":{"line":221,"column":9}},"line":216},"18":{"name":"(anonymous_18)","decl":{"start":{"line":237,"column":21},"end":{"line":237,"column":22}},"loc":{"start":{"line":237,"column":27},"end":{"line":237,"column":51}},"line":237},"19":{"name":"(anonymous_19)","decl":{"start":{"line":243,"column":21},"end":{"line":243,"column":22}},"loc":{"start":{"line":243,"column":27},"end":{"line":243,"column":53}},"line":243},"20":{"name":"(anonymous_20)","decl":{"start":{"line":249,"column":21},"end":{"line":249,"column":22}},"loc":{"start":{"line":249,"column":27},"end":{"line":249,"column":53}},"line":249},"21":{"name":"(anonymous_21)","decl":{"start":{"line":290,"column":40},"end":{"line":290,"column":41}},"loc":{"start":{"line":290,"column":57},"end":{"line":342,"column":17}},"line":290},"22":{"name":"(anonymous_22)","decl":{"start":{"line":298,"column":35},"end":{"line":298,"column":36}},"loc":{"start":{"line":299,"column":28},"end":{"line":303,"column":29}},"line":299},"23":{"name":"(anonymous_23)","decl":{"start":{"line":299,"column":43},"end":{"line":299,"column":44}},"loc":{"start":{"line":300,"column":30},"end":{"line":302,"column":59}},"line":300},"24":{"name":"(anonymous_24)","decl":{"start":{"line":301,"column":49},"end":{"line":301,"column":50}},"loc":{"start":{"line":301,"column":60},"end":{"line":301,"column":81}},"line":301},"25":{"name":"(anonymous_25)","decl":{"start":{"line":327,"column":35},"end":{"line":327,"column":36}},"loc":{"start":{"line":327,"column":47},"end":{"line":335,"column":27}},"line":327},"26":{"name":"(anonymous_26)","decl":{"start":{"line":365,"column":39},"end":{"line":365,"column":40}},"loc":{"start":{"line":365,"column":56},"end":{"line":394,"column":15}},"line":365},"27":{"name":"(anonymous_27)","decl":{"start":{"line":370,"column":40},"end":{"line":370,"column":41}},"loc":{"start":{"line":370,"column":46},"end":{"line":370,"column":85}},"line":370}},"branchMap":{"0":{"loc":{"start":{"line":42,"column":2},"end":{"line":44,"column":3}},"type":"if","locations":[{"start":{"line":42,"column":2},"end":{"line":44,"column":3}},{"start":{},"end":{}}],"line":42},"1":{"loc":{"start":{"line":54,"column":2},"end":{"line":56,"column":3}},"type":"if","locations":[{"start":{"line":54,"column":2},"end":{"line":56,"column":3}},{"start":{},"end":{}}],"line":54},"2":{"loc":{"start":{"line":58,"column":19},"end":{"line":58,"column":86}},"type":"binary-expr","locations":[{"start":{"line":58,"column":19},"end":{"line":58,"column":52}},{"start":{"line":58,"column":56},"end":{"line":58,"column":86}}],"line":58},"3":{"loc":{"start":{"line":60,"column":2},"end":{"line":65,"column":3}},"type":"if","locations":[{"start":{"line":60,"column":2},"end":{"line":65,"column":3}},{"start":{},"end":{}}],"line":60},"4":{"loc":{"start":{"line":62,"column":12},"end":{"line":62,"column":97}},"type":"cond-expr","locations":[{"start":{"line":62,"column":40},"end":{"line":62,"column":49}},{"start":{"line":62,"column":52},"end":{"line":62,"column":97}}],"line":62},"5":{"loc":{"start":{"line":62,"column":52},"end":{"line":62,"column":97}},"type":"cond-expr","locations":[{"start":{"line":62,"column":81},"end":{"line":62,"column":87}},{"start":{"line":62,"column":90},"end":{"line":62,"column":97}}],"line":62},"6":{"loc":{"start":{"line":63,"column":13},"end":{"line":63,"column":120}},"type":"cond-expr","locations":[{"start":{"line":63,"column":41},"end":{"line":63,"column":55}},{"start":{"line":63,"column":58},"end":{"line":63,"column":120}}],"line":63},"7":{"loc":{"start":{"line":63,"column":58},"end":{"line":63,"column":120}},"type":"cond-expr","locations":[{"start":{"line":63,"column":87},"end":{"line":63,"column":102}},{"start":{"line":63,"column":105},"end":{"line":63,"column":120}}],"line":63},"8":{"loc":{"start":{"line":67,"column":2},"end":{"line":69,"column":3}},"type":"if","locations":[{"start":{"line":67,"column":2},"end":{"line":69,"column":3}},{"start":{},"end":{}}],"line":67},"9":{"loc":{"start":{"line":73,"column":11},"end":{"line":73,"column":60}},"type":"cond-expr","locations":[{"start":{"line":73,"column":27},"end":{"line":73,"column":42}},{"start":{"line":73,"column":45},"end":{"line":73,"column":60}}],"line":73},"10":{"loc":{"start":{"line":89,"column":22},"end":{"line":89,"column":41}},"type":"default-arg","locations":[{"start":{"line":89,"column":35},"end":{"line":89,"column":41}}],"line":89},"11":{"loc":{"start":{"line":96,"column":8},"end":{"line":96,"column":114}},"type":"cond-expr","locations":[{"start":{"line":96,"column":34},"end":{"line":96,"column":55}},{"start":{"line":96,"column":58},"end":{"line":96,"column":114}}],"line":96},"12":{"loc":{"start":{"line":102,"column":15},"end":{"line":102,"column":98}},"type":"cond-expr","locations":[{"start":{"line":102,"column":46},"end":{"line":102,"column":65}},{"start":{"line":102,"column":68},"end":{"line":102,"column":98}}],"line":102},"13":{"loc":{"start":{"line":117,"column":4},"end":{"line":119,"column":5}},"type":"if","locations":[{"start":{"line":117,"column":4},"end":{"line":119,"column":5}},{"start":{},"end":{}}],"line":117},"14":{"loc":{"start":{"line":127,"column":18},"end":{"line":127,"column":85}},"type":"binary-expr","locations":[{"start":{"line":127,"column":18},"end":{"line":127,"column":79}},{"start":{"line":127,"column":83},"end":{"line":127,"column":85}}],"line":127},"15":{"loc":{"start":{"line":129,"column":4},"end":{"line":131,"column":5}},"type":"if","locations":[{"start":{"line":129,"column":4},"end":{"line":131,"column":5}},{"start":{},"end":{}}],"line":129},"16":{"loc":{"start":{"line":137,"column":4},"end":{"line":201,"column":5}},"type":"cond-expr","locations":[{"start":{"line":138,"column":6},"end":{"line":165,"column":21}},{"start":{"line":167,"column":6},"end":{"line":200,"column":21}}],"line":137},"17":{"loc":{"start":{"line":141,"column":12},"end":{"line":155,"column":13}},"type":"if","locations":[{"start":{"line":141,"column":12},"end":{"line":155,"column":13}},{"start":{"line":148,"column":19},"end":{"line":155,"column":13}}],"line":141},"18":{"loc":{"start":{"line":160,"column":11},"end":{"line":160,"column":84}},"type":"cond-expr","locations":[{"start":{"line":160,"column":36},"end":{"line":160,"column":61}},{"start":{"line":160,"column":64},"end":{"line":160,"column":84}}],"line":160},"19":{"loc":{"start":{"line":172,"column":14},"end":{"line":186,"column":15}},"type":"if","locations":[{"start":{"line":172,"column":14},"end":{"line":186,"column":15}},{"start":{"line":179,"column":21},"end":{"line":186,"column":15}}],"line":172},"20":{"loc":{"start":{"line":190,"column":13},"end":{"line":190,"column":90}},"type":"cond-expr","locations":[{"start":{"line":190,"column":41},"end":{"line":190,"column":67}},{"start":{"line":190,"column":70},"end":{"line":190,"column":90}}],"line":190},"21":{"loc":{"start":{"line":195,"column":28},"end":{"line":195,"column":119}},"type":"cond-expr","locations":[{"start":{"line":195,"column":56},"end":{"line":195,"column":82}},{"start":{"line":195,"column":85},"end":{"line":195,"column":119}}],"line":195},"22":{"loc":{"start":{"line":197,"column":13},"end":{"line":197,"column":81}},"type":"cond-expr","locations":[{"start":{"line":197,"column":41},"end":{"line":197,"column":61}},{"start":{"line":197,"column":64},"end":{"line":197,"column":81}}],"line":197},"23":{"loc":{"start":{"line":207,"column":8},"end":{"line":209,"column":63}},"type":"cond-expr","locations":[{"start":{"line":208,"column":12},"end":{"line":208,"column":64}},{"start":{"line":209,"column":12},"end":{"line":209,"column":63}}],"line":207},"24":{"loc":{"start":{"line":218,"column":10},"end":{"line":220,"column":11}},"type":"if","locations":[{"start":{"line":218,"column":10},"end":{"line":220,"column":11}},{"start":{},"end":{}}],"line":218},"25":{"loc":{"start":{"line":223,"column":10},"end":{"line":227,"column":42}},"type":"cond-expr","locations":[{"start":{"line":224,"column":14},"end":{"line":224,"column":31}},{"start":{"line":225,"column":14},"end":{"line":227,"column":42}}],"line":223},"26":{"loc":{"start":{"line":225,"column":14},"end":{"line":227,"column":42}},"type":"cond-expr","locations":[{"start":{"line":226,"column":16},"end":{"line":226,"column":42}},{"start":{"line":227,"column":16},"end":{"line":227,"column":42}}],"line":225},"27":{"loc":{"start":{"line":231,"column":7},"end":{"line":252,"column":14}},"type":"cond-expr","locations":[{"start":{"line":232,"column":8},"end":{"line":251,"column":17}},{"start":{"line":252,"column":10},"end":{"line":252,"column":14}}],"line":231},"28":{"loc":{"start":{"line":255,"column":9},"end":{"line":257,"column":74}},"type":"cond-expr","locations":[{"start":{"line":256,"column":12},"end":{"line":256,"column":74}},{"start":{"line":257,"column":12},"end":{"line":257,"column":74}}],"line":255},"29":{"loc":{"start":{"line":260,"column":7},"end":{"line":400,"column":7}},"type":"cond-expr","locations":[{"start":{"line":261,"column":8},"end":{"line":265,"column":22}},{"start":{"line":266,"column":10},"end":{"line":400,"column":7}}],"line":260},"30":{"loc":{"start":{"line":266,"column":10},"end":{"line":400,"column":7}},"type":"cond-expr","locations":[{"start":{"line":267,"column":8},"end":{"line":271,"column":22}},{"start":{"line":272,"column":10},"end":{"line":400,"column":7}}],"line":266},"31":{"loc":{"start":{"line":272,"column":10},"end":{"line":400,"column":7}},"type":"cond-expr","locations":[{"start":{"line":273,"column":8},"end":{"line":352,"column":11}},{"start":{"line":354,"column":8},"end":{"line":399,"column":22}}],"line":272},"32":{"loc":{"start":{"line":283,"column":13},"end":{"line":344,"column":13}},"type":"cond-expr","locations":[{"start":{"line":284,"column":14},"end":{"line":287,"column":16}},{"start":{"line":289,"column":14},"end":{"line":343,"column":23}}],"line":283},"33":{"loc":{"start":{"line":294,"column":23},"end":{"line":294,"column":53}},"type":"cond-expr","locations":[{"start":{"line":294,"column":35},"end":{"line":294,"column":46}},{"start":{"line":294,"column":49},"end":{"line":294,"column":53}}],"line":294},"34":{"loc":{"start":{"line":300,"column":30},"end":{"line":302,"column":59}},"type":"cond-expr","locations":[{"start":{"line":301,"column":34},"end":{"line":301,"column":82}},{"start":{"line":302,"column":34},"end":{"line":302,"column":59}}],"line":300},"35":{"loc":{"start":{"line":309,"column":45},"end":{"line":309,"column":91}},"type":"cond-expr","locations":[{"start":{"line":309,"column":56},"end":{"line":309,"column":75}},{"start":{"line":309,"column":78},"end":{"line":309,"column":91}}],"line":309},"36":{"loc":{"start":{"line":310,"column":47},"end":{"line":310,"column":63}},"type":"cond-expr","locations":[{"start":{"line":310,"column":58},"end":{"line":310,"column":59}},{"start":{"line":310,"column":62},"end":{"line":310,"column":63}}],"line":310},"37":{"loc":{"start":{"line":311,"column":45},"end":{"line":311,"column":61}},"type":"cond-expr","locations":[{"start":{"line":311,"column":56},"end":{"line":311,"column":57}},{"start":{"line":311,"column":60},"end":{"line":311,"column":61}}],"line":311},"38":{"loc":{"start":{"line":317,"column":31},"end":{"line":317,"column":67}},"type":"binary-expr","locations":[{"start":{"line":317,"column":31},"end":{"line":317,"column":41}},{"start":{"line":317,"column":45},"end":{"line":317,"column":67}}],"line":317},"39":{"loc":{"start":{"line":358,"column":27},"end":{"line":358,"column":88}},"type":"cond-expr","locations":[{"start":{"line":358,"column":55},"end":{"line":358,"column":70}},{"start":{"line":358,"column":73},"end":{"line":358,"column":88}}],"line":358},"40":{"loc":{"start":{"line":359,"column":17},"end":{"line":359,"column":49}},"type":"binary-expr","locations":[{"start":{"line":359,"column":17},"end":{"line":359,"column":44}},{"start":{"line":359,"column":48},"end":{"line":359,"column":49}}],"line":359},"41":{"loc":{"start":{"line":363,"column":11},"end":{"line":398,"column":11}},"type":"cond-expr","locations":[{"start":{"line":364,"column":12},"end":{"line":395,"column":21}},{"start":{"line":397,"column":12},"end":{"line":397,"column":120}}],"line":363},"42":{"loc":{"start":{"line":369,"column":21},"end":{"line":369,"column":51}},"type":"cond-expr","locations":[{"start":{"line":369,"column":33},"end":{"line":369,"column":44}},{"start":{"line":369,"column":47},"end":{"line":369,"column":51}}],"line":369},"43":{"loc":{"start":{"line":376,"column":27},"end":{"line":380,"column":34}},"type":"cond-expr","locations":[{"start":{"line":377,"column":28},"end":{"line":379,"column":40}},{"start":{"line":380,"column":30},"end":{"line":380,"column":34}}],"line":376},"44":{"loc":{"start":{"line":376,"column":27},"end":{"line":376,"column":71}},"type":"binary-expr","locations":[{"start":{"line":376,"column":27},"end":{"line":376,"column":54}},{"start":{"line":376,"column":58},"end":{"line":376,"column":71}}],"line":376},"45":{"loc":{"start":{"line":378,"column":47},"end":{"line":378,"column":97}},"type":"cond-expr","locations":[{"start":{"line":378,"column":77},"end":{"line":378,"column":90}},{"start":{"line":378,"column":93},"end":{"line":378,"column":97}}],"line":378}},"s":{"0":1,"1":0,"2":3,"3":3,"4":3,"5":0,"6":0,"7":0,"8":0,"9":0,"10":3,"11":0,"12":3,"13":3,"14":3,"15":0,"16":0,"17":0,"18":5,"19":5,"20":15,"21":5,"22":5,"23":5,"24":5,"25":5,"26":5,"27":5,"28":5,"29":5,"30":2,"31":2,"32":2,"33":2,"34":2,"35":2,"36":2,"37":0,"38":2,"39":5,"40":1,"41":5,"42":2,"43":5,"44":1,"45":0,"46":1,"47":1,"48":5,"49":2,"50":2,"51":0,"52":2,"53":2,"54":0,"55":0,"56":5,"57":0,"58":0,"59":0,"60":0,"61":0,"62":0,"63":0,"64":0,"65":0,"66":0,"67":0,"68":0,"69":0,"70":0,"71":0,"72":5,"73":0,"74":0,"75":0,"76":0,"77":0,"78":1,"79":0,"80":0,"81":0,"82":0,"83":0,"84":0,"85":0,"86":0,"87":3,"88":3,"89":1},"f":{"0":0,"1":3,"2":3,"3":3,"4":5,"5":15,"6":2,"7":1,"8":2,"9":1,"10":2,"11":0,"12":0,"13":0,"14":0,"15":0,"16":0,"17":0,"18":0,"19":0,"20":1,"21":0,"22":0,"23":0,"24":0,"25":0,"26":3,"27":1},"b":{"0":[3,0],"1":[0,3],"2":[3,3],"3":[3,0],"4":[0,3],"5":[1,2],"6":[0,3],"7":[1,2],"8":[0,0],"9":[0,0],"10":[2],"11":[0,2],"12":[0,0],"13":[0,1],"14":[2,1],"15":[2,0],"16":[0,5],"17":[0,0],"18":[0,0],"19":[0,0],"20":[2,3],"21":[0,0],"22":[2,3],"23":[0,5],"24":[0,0],"25":[0,5],"26":[2,3],"27":[4,1],"28":[0,5],"29":[2,3],"30":[0,3],"31":[0,3],"32":[0,0],"33":[0,0],"34":[0,0],"35":[0,0],"36":[0,0],"37":[0,0],"38":[0,0],"39":[1,2],"40":[3,0],"41":[3,0],"42":[0,3],"43":[3,0],"44":[3,0],"45":[3,0]},"_coverageSchema":"1a1c01bbd47fc00a2c39e90264f33305004495a9","hash":"2749e3a86390b6b96963de918ae6aeb8523c9c91"}
,"/Users/maai/Documents/GitHub/kitchen-assistant/src/frontend/src/features/kitchen/KitchenItemScreen.tsx": {"path":"/Users/maai/Documents/GitHub/kitchen-assistant/src/frontend/src/features/kitchen/KitchenItemScreen.tsx","statementMap":{"0":{"start":{"line":29,"column":48},"end":{"line":33,"column":1}},"1":{"start":{"line":35,"column":35},"end":{"line":48,"column":10}},"2":{"start":{"line":50,"column":29},"end":{"line":52,"column":2}},"3":{"start":{"line":50,"column":75},"end":{"line":52,"column":1}},"4":{"start":{"line":55,"column":25},"end":{"line":55,"column":63}},"5":{"start":{"line":56,"column":2},"end":{"line":58,"column":14}},"6":{"start":{"line":62,"column":2},"end":{"line":62,"column":64}},"7":{"start":{"line":66,"column":17},"end":{"line":66,"column":30}},"8":{"start":{"line":68,"column":2},"end":{"line":70,"column":3}},"9":{"start":{"line":69,"column":4},"end":{"line":69,"column":55}},"10":{"start":{"line":72,"column":2},"end":{"line":72,"column":63}},"11":{"start":{"line":76,"column":2},"end":{"line":78,"column":3}},"12":{"start":{"line":77,"column":4},"end":{"line":77,"column":21}},"13":{"start":{"line":80,"column":16},"end":{"line":80,"column":26}},"14":{"start":{"line":81,"column":17},"end":{"line":81,"column":37}},"15":{"start":{"line":82,"column":16},"end":{"line":82,"column":90}},"16":{"start":{"line":83,"column":14},"end":{"line":83,"column":91}},"17":{"start":{"line":84,"column":15},"end":{"line":84,"column":64}},"18":{"start":{"line":86,"column":2},"end":{"line":88,"column":3}},"19":{"start":{"line":87,"column":4},"end":{"line":87,"column":19}},"20":{"start":{"line":90,"column":2},"end":{"line":90,"column":20}},"21":{"start":{"line":94,"column":2},"end":{"line":96,"column":3}},"22":{"start":{"line":95,"column":4},"end":{"line":95,"column":30}},"23":{"start":{"line":98,"column":2},"end":{"line":100,"column":3}},"24":{"start":{"line":99,"column":4},"end":{"line":99,"column":33}},"25":{"start":{"line":102,"column":2},"end":{"line":102,"column":37}},"26":{"start":{"line":106,"column":17},"end":{"line":106,"column":28}},"27":{"start":{"line":107,"column":21},"end":{"line":107,"column":63}},"28":{"start":{"line":108,"column":20},"end":{"line":108,"column":58}},"29":{"start":{"line":108,"column":42},"end":{"line":108,"column":57}},"30":{"start":{"line":109,"column":30},"end":{"line":109,"column":80}},"31":{"start":{"line":110,"column":42},"end":{"line":110,"column":64}},"32":{"start":{"line":111,"column":44},"end":{"line":111,"column":56}},"33":{"start":{"line":112,"column":42},"end":{"line":112,"column":54}},"34":{"start":{"line":113,"column":34},"end":{"line":113,"column":71}},"35":{"start":{"line":114,"column":30},"end":{"line":114,"column":64}},"36":{"start":{"line":115,"column":54},"end":{"line":115,"column":69}},"37":{"start":{"line":116,"column":28},"end":{"line":116,"column":57}},"38":{"start":{"line":117,"column":46},"end":{"line":117,"column":66}},"39":{"start":{"line":119,"column":2},"end":{"line":139,"column":15}},"40":{"start":{"line":120,"column":17},"end":{"line":136,"column":5}},"41":{"start":{"line":121,"column":6},"end":{"lin
[...]
"start":{"line":117,"column":15},"end":{"line":117,"column":31}},"loc":{"start":{"line":117,"column":45},"end":{"line":120,"column":1}},"line":117},"15":{"name":"getRawItem","decl":{"start":{"line":122,"column":15},"end":{"line":122,"column":25}},"loc":{"start":{"line":122,"column":39},"end":{"line":128,"column":1}},"line":122},"16":{"name":"setRawItem","decl":{"start":{"line":130,"column":15},"end":{"line":130,"column":25}},"loc":{"start":{"line":130,"column":54},"end":{"line":137,"column":1}},"line":130},"17":{"name":"removeRawItem","decl":{"start":{"line":139,"column":15},"end":{"line":139,"column":28}},"loc":{"start":{"line":139,"column":42},"end":{"line":146,"column":1}},"line":139},"18":{"name":"getStoredAuthSession","decl":{"start":{"line":148,"column":22},"end":{"line":148,"column":42}},"loc":{"start":{"line":148,"column":80},"end":{"line":156,"column":1}},"line":148},"19":{"name":"setStoredAuthSession","decl":{"start":{"line":158,"column":22},"end":{"line":158,"column":42}},"loc":{"start":{"line":158,"column":71},"end":{"line":160,"column":1}},"line":158},"20":{"name":"clearStoredAuthSession","decl":{"start":{"line":162,"column":22},"end":{"line":162,"column":44}},"loc":{"start":{"line":162,"column":47},"end":{"line":164,"column":1}},"line":162}},"branchMap":{"0":{"loc":{"start":{"line":17,"column":2},"end":{"line":19,"column":3}},"type":"if","locations":[{"start":{"line":17,"column":2},"end":{"line":19,"column":3}},{"start":{},"end":{}}],"line":17},"1":{"loc":{"start":{"line":17,"column":6},"end":{"line":17,"column":50}},"type":"binary-expr","locations":[{"start":{"line":17,"column":6},"end":{"line":17,"column":11}},{"start":{"line":17,"column":15},"end":{"line":17,"column":50}}],"line":17},"2":{"loc":{"start":{"line":21,"column":9},"end":{"line":21,"column":39}},"type":"binary-expr","locations":[{"start":{"line":21,"column":9},"end":{"line":21,"column":31}},{"start":{"line":21,"column":35},"end":{"line":21,"column":39}}],"line":21},"3":{"loc":{"start":{"line":25,"column":2},"end":{"line":28,"column":3}},"type":"if","locations":[{"start":{"line":25,"column":2},"end":{"line":28,"column":3}},{"start":{},"end":{}}],"line":25},"4":{"loc":{"start":{"line":25,"column":6},"end":{"line":25,"column":50}},"type":"binary-expr","locations":[{"start":{"line":25,"column":6},"end":{"line":25,"column":11}},{"start":{"line":25,"column":15},"end":{"line":25,"column":50}}],"line":25},"5":{"loc":{"start":{"line":34,"column":2},"end":{"line":37,"column":3}},"type":"if","locations":[{"start":{"line":34,"column":2},"end":{"line":37,"column":3}},{"start":{},"end":{}}],"line":34},"6":{"loc":{"start":{"line":34,"column":6},"end":{"line":34,"column":50}},"type":"binary-expr","locations":[{"start":{"line":34,"column":6},"end":{"line":34,"column":11}},{"start":{"line":34,"column":15},"end":{"line":34,"column":50}}],"line":34},"7":{"loc":{"start":{"line":53,"column":2},"end":{"line":55,"column":3}},"type":"if","locations":[{"start":{"line":53,"column":2},"end":{"line":55,"column":3}},{"start":{},"end":{}}],"line":53},"8":{"loc":{"start":{"line":58,"column":9},"end":{"line":58,"column":59}},"type":"cond-expr","locations":[{"start":{"line":58,"column":49},"end":{"line":58,"column":55}},{"start":{"line":58,"column":58},"end":{"line":58,"column":59}}],"line":58},"9":{"loc":{"start":{"line":58,"column":9},"end":{"line":58,"column":46}},"type":"binary-expr","locations":[{"start":{"line":58,"column":9},"end":{"line":58,"column":32}},{"start":{"line":58,"column":36},"end":{"line":58,"column":46}}],"line":58},"10":{"loc":{"start":{"line":64,"column":2},"end":{"line":70,"column":3}},"type":"if","locations":[{"start":{"line":64,"column":2},"end":{"line":70,"column":3}},{"start":{},"end":{}}],"line":64},"11":{"loc":{"start":{"line":78,"column":2},"end":{"line":80,"column":3}},"type":"if","locations":[{"start":{"line":78,"column":2},"end":{"line":80,"column":3}},{"start":{},"end":{}}],"line":78},"12":{"loc":{"start":{"line":79,"column":11},"end":{"line":79,"column":56}},"type":"binary-expr","locations":[{"start":{"line":79,"column":12},"end":{"line":79,"column":47}},{"start":{"line":79,"column":52},"end":{"line":79,"column":56}}],"line":79},"13":{"loc":{"start":{"line":88,"column":2},"end":{"line":90,"column":3}},"type":"if","locations":[{"start":{"line":88,"column":2},"end":{"line":90,"column":3}},{"start":{},"end":{}}],"line":88},"14":{"loc":{"start":{"line":98,"column":2},"end":{"line":101,"column":3}},"type":"if","locations":[{"start":{"line":98,"column":2},"end":{"line":101,"column":3}},{"start":{},"end":{}}],"line":98},"15":{"loc":{"start":{"line":123,"column":2},"end":{"line":125,"column":3}},"type":"if","locations":[{"start":{"line":123,"column":2},"end":{"line":125,"column":3}},{"start":{},"end":{}}],"line":123},"16":{"loc":{"start":{"line":131,"column":2},"end":{"line":134,"column":3}},"type":"if","locations":[{"start":{"line":131,"column":2},"end":{"line":134,"column":3}},{"start":{},"end":{}}],"line":131},"17":{"loc":{"start":{"line":140,"column":2},"end":{"line":143,"column":3}},"type":"if","locations":[{"start":{"line":140,"column":2},"end":{"line":143,"column":3}},{"start":{},"end":{}}],"line":140},"18":{"loc":{"start":{"line":151,"column":2},"end":{"line":153,"column":3}},"type":"if","locations":[{"start":{"line":151,"column":2},"end":{"line":153,"column":3}},{"start":{},"end":{}}],"line":151}},"s":{"0":3,"1":3,"2":3,"3":3,"4":0,"5":0,"6":0,"7":0,"8":0,"9":0,"10":0,"11":0,"12":0,"13":0,"14":0,"15":15,"16":16,"17":8,"18":8,"19":6,"20":2,"21":2,"22":5,"23":5,"24":1,"25":4,"26":5,"27":3,"28":3,"29":2,"30":1,"31":4,"32":1,"33":4,"34":0,"35":1,"36":4,"37":4,"38":2,"39":2,"40":2,"41":2,"42":2,"43":8,"44":2,"45":8,"46":2,"47":1,"48":1,"49":3,"50":0,"51":3,"52":4,"53":0,"54":0,"55":4,"56":1,"57":0,"58":0,"59":1,"60":3,"61":3,"62":1,"63":2,"64":4,"65":1},"f":{"0":0,"1":0,"2":0,"3":15,"4":16,"5":8,"6":5,"7":4,"8":3,"9":4,"10":4,"11":4,"12":8,"13":8,"14":1,"15":3,"16":4,"17":1,"18":3,"19":4,"20":1},"b":{"0":[0,0],"1":[0,0],"2":[0,0],"3":[0,0],"4":[0,0],"5":[0,0],"6":[0,0],"7":[6,2],"8":[2,0],"9":[2,2],"10":[1,4],"11":[2,1],"12":[2,1],"13":[0,1],"14":[2,2],"15":[0,3],"16":[0,4],"17":[0,1],"18":[1,2]},"_coverageSchema":"1a1c01bbd47fc00a2c39e90264f33305004495a9","hash":"93148b591327990d5122faf9d0dd6d8c4d077855"}
,"/Users/maai/Documents/GitHub/kitchen-assistant/src/frontend/src/lib/services/recipesService.ts": {"path":"/Users/maai/Documents/GitHub/kitchen-assistant/src/frontend/src/lib/services/recipesService.ts","statementMap":{"0":{"start":{"line":13,"column":2},"end":{"line":13,"column":80}},"1":{"start":{"line":17,"column":2},"end":{"line":17,"column":40}},"2":{"start":{"line":21,"column":2},"end":{"line":21,"column":47}},"3":{"start":{"line":25,"column":2},"end":{"line":25,"column":58}},"4":{"start":{"line":29,"column":2},"end":{"line":29,"column":56}},"5":{"start":{"line":33,"column":2},"end":{"line":33,"column":66}},"6":{"start":{"line":40,"column":2},"end":{"line":40,"column":76}},"7":{"start":{"line":44,"column":2},"end":{"line":44,"column":88}},"8":{"start":{"line":48,"column":2},"end":{"line":50,"column":3}},"9":{"start":{"line":49,"column":4},"end":{"line":49,"column":52}},"10":{"start":{"line":52,"column":2},"end":{"line":52,"column":52}},"11":{"start":{"line":56,"column":2},"end":{"line":56,"column":48}},"12":{"start":{"line":60,"column":2},"end":{"line":60,"column":55}},"13":{"start":{"line":63,"column":30},"end":{"line":75,"column":1}}},"fnMap":{"0":{"name":"listRecipes","decl":{"start":{"line":12,"column":15},"end":{"line":12,"column":26}},"loc":{"start":{"line":12,"column":89},"end":{"line":14,"column":1}},"line":12},"1":{"name":"getRecipe","decl":{"start":{"line":16,"column":15},"end":{"line":16,"column":24}},"loc":{"start":{"line":16,"column":74},"end":{"line":18,"column":1}},"line":16},"2":{"name":"getActiveGeneration","decl":{"start":{"line":20,"column":15},"end":{"line":20,"column":34}},"loc":{"start":{"line":20,"column":79},"end":{"line":22,"column":1}},"line":20},"3":{"name":"startGeneration","decl":{"start":{"line":24,"column":15},"end":{"line":24,"column":30}},"loc":{"start":{"line":24,"column":87},"end":{"line":26,"column":1}},"line":24},"4":{"name":"getGeneration","decl":{"start":{"line":28,"column":15},"end":{"line":28,"column":28}},"loc":{"start":{"line":28,"column":86},"end":{"line":30,"column":1}},"line":28},"5":{"name":"getGenerationRevisions","decl":{"start":{"line":32,"column":15},"end":{"line":32,"column":37}},"loc":{"start":{"line":32,"column":105},"end":{"line":34,"column":1}},"line":32},"6":{"name":"createGenerationRevision","decl":{"start":{"line":36,"column":15},"end":{"line":36,"column":39}},"loc":{"start":{"line":39,"column":45},"end":{"line":41,"column":1}},"line":39},"7":{"name":"acceptGeneration","decl":{"start":{"line":43,"column":15},"end":{"line":43,"column":31}},"loc":{"start":{"line":43,"column":105},"end":{"line":45,"column":1}},"line":43},"8":{"name":"setFavorite","decl":{"start":{"line":47,"column":15},"end":{"line":47,"column":26}},"loc":{"start":{"line":47,"column":97},"end":{"line":53,"column":1}},"line":47},"9":{"name":"cookRecipe","decl":{"start":{"line":55,"column":15},"end":{"line":55,"column":25}},"loc":{"start":{"line":55,"column":75},"end":{"line":57,"column":1}},"line":55},"10":{"name":"rateRecipe","decl":{"start":{"line":59,"column":15},"end":{"line":59,"column":25}},"loc":{"start":{"line":59,"column":105},"end":{"line":61,"column":1}},"line":59}},"branchMap":{"0":{"loc":{"start":{"line":12,"column":47},"end":{"line":12,"column":58}},"type":"default-arg","locations":[{"start":{"line":12,"column":56},"end":{"line":12,"column":58}}],"line":12},"1":{"loc":{"start":{"line":48,"column":2},"end":{"line":50,"column":3}},"type":"if","locations":[{"start":{"line":48,"column":2},"end":{"line":50,"column":3}},{"start":{},"end":{}}],"line":48}},"s":{"0":1,"1":0,"2":0,"3":0,"4":0,"5":0,"6":0,"7":0,"8":2,"9":1,"10":1,"11":0,"12":1,"13":1},"f":{"0":1,"1":0,"2":0,"3":0,"4":0,"5":0,"6":0,"7":0,"8":2,"9":0,"10":1},"b":{"0":[0],"1":[1,1]},"_coverageSchema":"1a1c01bbd47fc00a2c39e90264f33305004495a9","hash":"301b0c2fb5be63e9ce1ca8ea303d7f1b97dc7eb1"}
,"/Users/maai/Documents/GitHub/kitchen-assistant/src/frontend/src/lib/store/uiStore.ts": {"path":"/Users/maai/Documents/GitHub/kitchen-assistant/src/frontend/src/lib/store/uiStore.ts","statementMap":{"0":{"start":{"line":18,"column":19},"end":{"line":18,"column":20}},"1":{"start":{"line":20,"column":26},"end":{"line":36,"column":3}},"2":{"start":{"line":20,"column":52},"end":{"line":36,"column":1}},"3":{"start":{"line":23,"column":4},"end":{"line":31,"column":7}},"4":{"start":{"line":23,"column":20},"end":{"line":31,"column":5}},"5":{"start":{"line":33,"column":4},"end":{"line":35,"column":7}},"6":{"start":{"line":33,"column":20},"end":{"line":35,"column":5}},"7":{"start":{"line":34,"column":45},"end":{"line":34,"column":65}}},"fnMap":{"0":{"name":"(anonymous_0)","decl":{"start":{"line":20,"column":42},"end":{"line":20,"column":43}},"loc":{"start":{"line":20,"column":52},"end":{"line":36,"column":1}},"line":20},"1":{"name":"(anonymous_1)","decl":{"start":{"line":22,"column":13},"end":{"line":22,"column":14}},"loc":{"start":{"line":23,"column":4},"end":{"line":31,"column":7}},"line":23},"2":{"name":"(anonymous_2)","decl":{"start":{"line":23,"column":8},"end":{"line":23,"column":9}},"loc":{"start":{"line":23,"column":20},"end":{"line":31,"column":5}},"line":23},"3":{"name":"(anonymous_3)","decl":{"start":{"line":32,"column":16},"end":{"line":32,"column":17}},"loc":{"start":{"line":33,"column":4},"end":{"line":35,"column":7}},"line":33},"4":{"name":"(anonymous_4)","decl":{"start":{"line":33,"column":8},"end":{"line":33,"column":9}},"loc":{"start":{"line":33,"column":20},"end":{"line":35,"column":5}},"line":33},"5":{"name":"(anonymous_5)","decl":{"start":{"line":34,"column":34},"end":{"line":34,"column":35}},"loc":{"start":{"line":34,"column":45},"end":{"line":34,"column":65}},"line":34}},"branchMap":{},"s":{"0":6,"1":6,"2":6,"3":7,"4":7,"5":2,"6":2,"7":2},"f":{"0":6,"1":7,"2":7,"3":2,"4":2,"5":2},"b":{},"_coverageSchema":"1a1c01bbd47fc00a2c39e90264f33305004495a9","hash":"ee113ca672406c55e25b54c83b7a5047e025363a"}
,"/Users/maai/Documents/GitHub/kitchen-assistant/src/frontend/src/lib/utils/measurement.ts": {"path":"/Users/maai/Documents/GitHub/kitchen-assistant/src/frontend/src/lib/utils/measurement.ts","statementMap":{"0":{"start":{"line":1,"column":33},"end":{"line":14,"column":10}},"1":{"start":{"line":16,"column":20},"end":{"line":25,"column":10}},"2":{"start":{"line":27,"column":75},"end":{"line":36,"column":1}},"3":{"start":{"line":40,"column":4},"end":{"line":40,"column":74}},"4":{"start":{"line":41,"column":2},"end":{"line":41,"column":72}},"5":{"start":{"line":45,"column":2},"end":{"line":47,"column":4}},"6":{"start":{"line":51,"column":2},"end":{"line":53,"column":4}},"7":{"start":{"line":60,"column":25},"end":{"line":60,"column":58}},"8":{"start":{"line":61,"column":2},"end":{"line":61,"column":80}},"9":{"start":{"line":69,"column":2},"end":{"line":71,"column":3}},"10":{"start":{"line":70,"column":4},"end":{"line":70,"column":20}},"11":{"start":{"line":73,"column":25},"end":{"line":73,"column":50}},"12":{"start":{"line":75,"column":2},"end":{"line":77,"column":3}},"13":{"start":{"line":76,"column":4},"end":{"line":76,"column":46}},"14":{"start":{"line":79,"column":2},"end":{"line":81,"column":3}},"15":{"start":{"line":80,"column":4},"end":{"line":80,"column":45}},"16":{"start":{"line":83,"column":2},"end":{"line":85,"column":3}},"17":{"start":{"line":84,"column":4},"end":{"line":84,"column":54}},"18":{"start":{"line":87,"column":17},"end":{"line":87,"column":45}},"19":{"start":{"line":88,"column":2},"end":{"line":92,"column":3}},"20":{"start":{"line":89,"column":4},"end":{"line":91,"column":7}},"21":{"start":{"line":94,"column":2},"end":{"line":94,"column":42}},"22":{"start":{"line":97,"column":41},"end":{"line":97,"column":65}},"23":{"start":{"line":99,"column":46},"end":{"line":112,"column":10}}},"fnMap":{"0":{"name":"formatNumber","decl":{"start":{"line":38,"column":9},"end":{"line":38,"column":21}},"loc":{"start":{"line":38,"column":37},"end":{"line":42,"column":1}},"line":38},"1":{"name":"isSupportedMeasurementUnit","decl":{"start":{"line":44,"column":16},"end":{"line":44,"column":42}},"loc":{"start":{"line":44,"column":57},"end":{"line":48,"column":1}},"line":44},"2":{"name":"isCountMeasurementUnit","decl":{"start":{"line":50,"column":16},"end":{"line":50,"column":38}},"loc":{"start":{"line":50,"column":72},"end":{"line":54,"column":1}},"line":50},"3":{"name":"normalizeEditableMeasurementUnit","decl":{"start":{"line":56,"column":16},"end":{"line":56,"column":48}},"loc":{"start":{"line":59,"column":2},"end":{"line":62,"column":1}},"line":59},"4":{"name":"formatMeasurement","decl":{"start":{"line":64,"column":16},"end":{"line":64,"column":33}},"loc":{"start":{"line":68,"column":2},"end":{"line":95,"column":1}},"line":68}},"branchMap":{"0":{"loc":{"start":{"line":40,"column":4},"end":{"line":40,"column":74}},"type":"cond-expr","locations":[{"start":{"line":40,"column":22},"end":{"line":40,"column":38}},{"start":{"line":40,"column":41},"end":{"line":40,"column":74}}],"line":40},"1":{"loc":{"start":{"line":40,"column":55},"end":{"line":40,"column":73}},"type":"cond-expr","locations":[{"start":{"line":40,"column":68},"end":{"line":40,"column":69}},{"start":{"line":40,"column":72},"end":{"line":40,"column":73}}],"line":40},"2":{"loc":{"start":{"line":52,"column":5},"end":{"line":52,"column":15}},"type":"binary-expr","locations":[{"start":{"line":52,"column":5},"end":{"line":52,"column":9}},{"start":{"line":52,"column":13},"end":{"line":52,"column":15}}],"line":52},"3":{"loc":{"start":{"line":58,"column":2},"end":{"line":58,"column":63}},"type":"default-arg","locations":[{"start":{"line":58,"column":56},"end":{"line":58,"column":63}}],"line":58},"4":{"loc":{"start":{"line":60,"column":26},"end":{"line":60,"column":36}},"type":"binary-expr","locations":[{"start":{"line":60,"column":26},"end":{"line":60,"column":30}},{"start":{"line":60,"column":34},"end":{"line":60,"column":36}}],"line":60},"5":{"loc":{"start":{"line":61,"column":9},"end":{"line":61,"column":79}},"type":"cond-expr","locations":[{"start":{"line":61,"column":54},"end":{"line":61,"column":68}},{"start":{"line":61,"column":71},"end":{"line":61,"column":79}}],"line":61},"6":{"loc":{"start":{"line":67,"column":2},"end":{"line":67,"column":22}},"type":"default-arg","locations":[{"start":{"line":67,"column":13},"end":{"line":67,"column":22}}],"line":67},"7":{"loc":{"start":{"line":69,"column":2},"end":{"line":71,"column":3}},"type":"if","locations":[{"start":{"line":69,"column":2},"end":{"line":71,"column":3}},{"start":{},"end":{}}],"line":69},"8":{"loc":{"start":{"line":69,"column":6},"end":{"line":69,"column":28}},"type":"binary-expr","locations":[{"start":{"line":69,"column":6},"end":{"line":69,"column":19}},{"start":{"line":69,"column":23},"end":{"line":69,"column":28}}],"line":69},"9":{"loc":{"start":{"line":75,"column":2},"end":{"line":77,"column":3}},"type":"if","locations":[{"start":{"line":75,"column":2},"end":{"line":77,"column":3}},{"start":{},"end":{}}],"line":75},"10":{"loc":{"start":{"line":75,"column":6},"end":{"line":75,"column":45}},"type":"binary-expr","locations":[{"start":{"line":75,"column":6},"end":{"line":75,"column":28}},{"start":{"line":75,"column":32},"end":{"line":75,"column":45}}],"line":75},"11":{"loc":{"start":{"line":79,"column":2},"end":{"line":81,"column":3}},"type":"if","locations":[{"start":{"line":79,"column":2},"end":{"line":81,"column":3}},{"start":{},"end":{}}],"line":79},"12":{"loc":{"start":{"line":79,"column":6},"end":{"line":79,"column":46}},"type":"binary-expr","locations":[{"start":{"line":79,"column":6},"end":{"line":79,"column":29}},{"start":{"line":79,"column":33},"end":{"line":79,"column":46}}],"line":79},"13":{"loc":{"start":{"line":83,"column":2},"end":{"line":85,"column":3}},"type":"if","locations":[{"start":{"line":83,"column":2},"end":{"line":85,"column":3}},{"start":{},"end":{}}],"line":83},"14":{"loc":{"start":{"line":83,"column":6},"end":{"line":83,"column":55}},"type":"binary-expr","locations":[{"start":{"line":83,"column":6},"end":{"line":83,"column":28}},{"start":{"line":83,"column":32},"end":{"line":83,"column":55}}],"line":83},"15":{"loc":{"start":{"line":88,"column":2},"end":{"line":92,"column":3}},"type":"if","locations":[{"start":{"line":88,"column":2},"end":{"line":92,"column":3}},{"start":{},"end":{}}],"line":88},"16":{"loc":{"start":{"line":90,"column":6},"end":{"line":90,"column":51}},"type":"cond-expr","locations":[{"start":{"line":90,"column":20},"end":{"line":90,"column":35}},{"start":{"line":90,"column":38},"end":{"line":90,"column":51}}],"line":90}},"s":{"0":4,"1":4,"2":4,"3":11,"4":11,"5":6,"6":15,"7":2,"8":2,"9":11,"10":0,"11":11,"12":11,"13":4,"14":7,"15":1,"16":6,"17":3,"18":3,"19":3,"20":2,"21":1,"22":4,"23":4},"f":{"0":11,"1":6,"2":15,"3":2,"4":11},"b":{"0":[5,6],"1":[6,0],"2":[15,0],"3":[2],"4":[2,0],"5":[2,0],"6":[5],"7":[0,11],"8":[11,11],"9":[4,7],"10":[11,7],"11":[1,6],"12":[7,1],"13":[3,3],"14":[6,3],"15":[2,1],"16":[1,1]},"_coverageSchema":"1a1c01bbd47fc00a2c39e90264f33305004495a9","hash":"03008a09537cf6eb935e5819909a34e0e490e3fb"}
,"/Users/maai/Documents/GitHub/kitchen-assistant/src/frontend/src/test/render.tsx": {"path":"/Users/maai/Documents/GitHub/kitchen-assistant/src/frontend/src/test/render.tsx","statementMap":{"0":{"start":{"line":5,"column":23},"end":{"line":8,"column":1}},"1":{"start":{"line":11,"column":2},"end":{"line":11,"column":91}}},"fnMap":{"0":{"name":"renderWithProviders","decl":{"start":{"line":10,"column":16},"end":{"line":10,"column":35}},"loc":{"start":{"line":10,"column":54},"end":{"line":12,"column":1}},"line":10}},"branchMap":{},"s":{"0":10,"1":22},"f":{"0":22},"b":{},"_coverageSchema":"1a1c01bbd47fc00a2c39e90264f33305004495a9","hash":"4c55fd66052cc3e7d47edaa16efa9de30145e89b"}
}
