TN:
SF:src/components/layout/AppScaffold.tsx
FN:16,BottomTabBar
FN:28,(anonymous_1)
FN:31,(anonymous_2)
FN:49,AppScaffold
FNF:4
FNH:4
FNDA:2,BottomTabBar
FNDA:8,(anonymous_1)
FNDA:2,(anonymous_2)
FNDA:2,AppScaffold
DA:9,1
DA:17,2
DA:19,2
DA:29,8
DA:30,8
DA:31,2
DA:64,2
LF:7
LH:7
BRDA:36,0,0,2
BRDA:36,0,1,6
BRDA:38,1,0,2
BRDA:38,1,1,6
BRF:4
BRH:4
end_of_record
TN:
SF:src/components/ui/ToastHost.tsx
FN:7,toneColors
FN:31,ToastHost
FN:32,(anonymous_2)
FN:33,(anonymous_3)
FN:35,(anonymous_4)
FN:36,(anonymous_5)
FN:37,(anonymous_6)
FN:42,(anonymous_7)
FN:43,(anonymous_8)
FN:49,(anonymous_9)
FN:52,(anonymous_10)
FNF:11
FNH:11
FNDA:2,toneColors
FNDA:6,ToastHost
FNDA:22,(anonymous_2)
FNDA:22,(anonymous_3)
FNDA:6,(anonymous_4)
FNDA:2,(anonymous_5)
FNDA:1,(anonymous_6)
FNDA:6,(anonymous_7)
FNDA:2,(anonymous_8)
FNDA:2,(anonymous_9)
FNDA:1,(anonymous_10)
DA:8,2
DA:9,1
DA:16,1
DA:17,1
DA:24,0
DA:32,22
DA:33,22
DA:35,6
DA:36,6
DA:37,2
DA:38,1
DA:42,6
DA:43,6
DA:47,6
DA:50,2
DA:51,2
DA:52,1
LF:17
LH:16
BRDA:8,0,0,1
BRDA:8,0,1,1
BRDA:16,1,0,1
BRDA:16,1,1,0
BRDA:67,2,0,2
BRDA:67,2,1,0
BRF:6
BRH:4
end_of_record
TN:
SF:src/components/ui/primitives.tsx
FN:29,SectionCard
FN:57,SectionHeading
FN:83,FieldLabel
FN:91,TextField
FN:151,SearchField
FN:187,SegmentedControl
FN:205,(anonymous_6)
FN:208,(anonymous_7)
FN:227,ChoiceChip
FN:261,StatChip
FN:295,PillBadge
FN:326,ActionButton
FN:364,StickyFooter
FN:372,LoadingState
FN:383,EmptyState
FN:405,OverlayCard
FN:425,ConfirmDialog
FN:480,InfoLine
FNF:18
FNH:14
FNDA:3,SectionCard
FNDA:3,SectionHeading
FNDA:2,FieldLabel
FNDA:2,TextField
FNDA:1,SearchField
FNDA:1,SegmentedControl
FNDA:2,(anonymous_6)
FNDA:1,(anonymous_7)
FNDA:1,ChoiceChip
FNDA:0,StatChip
FNDA:1,PillBadge
FNDA:3,ActionButton
FNDA:0,StickyFooter
FNDA:0,LoadingState
FNDA:1,EmptyState
FNDA:2,OverlayCard
FNDA:2,ConfirmDialog
FNDA:0,InfoLine
DA:5,3
DA:37,3
DA:39,3
DA:66,3
DA:84,2
DA:106,2
DA:160,1
DA:196,1
DA:206,2
DA:207,2
DA:208,1
DA:238,1
DA:272,0
DA:303,1
DA:311,1
DA:334,3
DA:342,3
DA:365,0
DA:373,0
DA:392,1
DA:416,2
DA:442,2
DA:443,1
DA:446,1
DA:490,0
DA:492,0
LF:26
LH:21
BRDA:31,0,0,2
BRDA:37,1,0,0
BRDA:37,1,1,3
BRDA:37,2,0,1
BRDA:37,2,1,2
BRDA:42,3,0,0
BRDA:42,3,1,3
BRDA:72,4,0,3
BRDA:72,4,1,0
BRDA:108,5,0,2
BRDA:108,5,1,0
BRDA:109,6,0,1
BRDA:109,6,1,1
BRDA:214,7,0,1
BRDA:214,7,1,1
BRDA:216,8,0,1
BRDA:216,8,1,1
BRDA:242,9,0,0
BRDA:242,9,1,1
BRDA:243,10,0,0
BRDA:243,10,1,1
BRDA:251,11,0,1
BRDA:251,11,1,0
BRDA:279,12,0,0
BRDA:279,12,1,0
BRDA:281,13,0,0
BRDA:281,13,1,0
BRDA:297,14,0,0
BRDA:303,15,0,1
BRDA:303,15,1,0
BRDA:305,16,0,0
BRDA:305,16,1,0
BRDA:307,17,0,0
BRDA:307,17,1,0
BRDA:330,18,0,0
BRDA:331,19,0,1
BRDA:334,20,0,0
BRDA:334,20,1,3
BRDA:336,21,0,2
BRDA:336,21,1,1
BRDA:338,22,0,1
BRDA:338,22,1,0
BRDA:348,23,0,0
BRDA:348,23,1,3
BRDA:353,24,0,2
BRDA:353,24,1,1
BRDA:354,25,0,0
BRDA:354,25,1,3
BRDA:420,26,0,1
BRDA:420,26,1,1
BRDA:430,27,0,1
BRDA:442,28,0,1
BRDA:442,28,1,1
BRDA:483,29,0,0
BRDA:490,30,0,0
BRDA:490,30,1,0
BRDA:490,31,0,0
BRDA:490,31,1,0
BRF:58
BRH:31
end_of_record
TN:
SF:src/lib/store/uiStore.ts
FN:20,(anonymous_0)
FN:22,(anonymous_1)
FN:23,(anonymous_2)
FN:32,(anonymous_3)
FN:33,(anonymous_4)
FN:34,(anonymous_5)
FNF:6
FNH:6
FNDA:1,(anonymous_0)
FNDA:2,(anonymous_1)
FNDA:2,(anonymous_2)
FNDA:2,(anonymous_3)
FNDA:2,(anonymous_4)
FNDA:2,(anonymous_5)
DA:18,1
DA:20,1
DA:23,2
DA:33,2
DA:34,2
LF:5
LH:5
BRF:0
BRH:0
end_of_record
TN:
SF:src/test/render.tsx
FN:10,renderWithProviders
FNF:1
FNH:1
FNDA:9,renderWithProviders
DA:5,3
DA:11,9
LF:2
LH:2
BRF:0
BRH:0
end_of_record
