TN:
SF:app/(app)/_layout.tsx
FN:4,AppRoutesLayout
FNF:1
FNH:1
FNDA:1,AppRoutesLayout
DA:5,1
LF:1
LH:1
BRF:0
BRH:0
end_of_record
TN:
SF:app/(app)/kitchen/_layout.tsx
FN:4,KitchenRoutesLayout
FNF:1
FNH:1
FNDA:1,KitchenRoutesLayout
DA:5,1
LF:1
LH:1
BRF:0
BRH:0
end_of_record
TN:
SF:app/(app)/planner/_layout.tsx
FN:4,PlannerRoutesLayout
FNF:1
FNH:1
FNDA:1,PlannerRoutesLayout
DA:5,1
LF:1
LH:1
BRF:0
BRH:0
end_of_record
TN:
SF:app/(app)/recipes/_layout.tsx
FN:4,RecipesRoutesLayout
FNF:1
FNH:1
FNDA:1,RecipesRoutesLayout
DA:5,1
LF:1
LH:1
BRF:0
BRH:0
end_of_record
TN:
SF:navigation/routeOptions.ts
FNF:0
FNH:0
DA:3,1
DA:9,1
DA:15,1
DA:21,1
LF:4
LH:4
BRF:0
BRH:0
end_of_record
TN:
SF:src/components/layout/AppScaffold.tsx
FN:24,AppTabBar
FN:37,(anonymous_1)
FN:40,(anonymous_2)
FN:63,AppScaffold
FNF:4
FNH:4
FNDA:23,AppTabBar
FNDA:92,(anonymous_1)
FNDA:2,(anonymous_2)
FNDA:19,AppScaffold
DA:10,7
DA:17,7
DA:25,23
DA:27,23
DA:38,92
DA:39,92
DA:40,2
DA:80,19
DA:81,19
DA:83,19
LF:10
LH:10
BRDA:50,0,0,23
BRDA:50,0,1,69
BRDA:52,1,0,23
BRDA:52,1,1,69
BRDA:52,2,0,23
BRDA:52,2,1,69
BRDA:70,3,0,19
BRDA:81,4,0,13
BRDA:81,4,1,6
BRDA:81,5,0,1
BRDA:81,5,1,18
BRDA:85,6,0,0
BRDA:85,6,1,19
BRDA:85,7,0,0
BRDA:85,7,1,19
BRDA:85,8,0,0
BRDA:85,8,1,19
BRDA:88,9,0,0
BRDA:88,9,1,19
BRDA:88,10,0,0
BRDA:88,10,1,19
BRDA:91,11,0,0
BRDA:91,11,1,19
BRDA:91,12,0,0
BRDA:91,12,1,19
BRDA:101,13,0,19
BRDA:101,13,1,0
BRDA:104,14,0,0
BRDA:104,14,1,19
BRDA:106,15,0,0
BRDA:106,15,1,19
BRDA:113,16,0,18
BRDA:113,16,1,1
BRF:33
BRH:23
end_of_record
TN:
SF:src/components/ui/ToastHost.tsx
FN:7,toneColors
FN:31,ToastHost
FN:32,(anonymous_2)
FN:33,(anonymous_3)
FN:35,(anonymous_4)
FN:36,(anonymous_5)
FN:37,(anonymous_6)
FN:42,(anonymous_7)
FN:43,(anonymous_8)
FN:49,(anonymous_9)
FN:52,(anonymous_10)
FNF:11
FNH:11
FNDA:2,toneColors
FNDA:6,ToastHost
FNDA:22,(anonymous_2)
FNDA:22,(anonymous_3)
FNDA:6,(anonymous_4)
FNDA:2,(anonymous_5)
FNDA:1,(anonymous_6)
FNDA:6,(anonymous_7)
FNDA:2,(anonymous_8)
FNDA:2,(anonymous_9)
FNDA:1,(anonymous_10)
DA:8,2
DA:9,1
DA:16,1
DA:17,1
DA:24,0
DA:32,22
DA:33,22
DA:35,6
DA:36,6
DA:37,2
DA:38,1
DA:42,6
DA:43,6
DA:47,6
DA:50,2
DA:51,2
DA:52,1
LF:17
LH:16
BRDA:8,0,0,1
BRDA:8,0,1,1
BRDA:16,1,0,1
BRDA:16,1,1,0
BRDA:63,2,0,2
BRDA:63,2,1,0
BRF:6
BRH:4
end_of_record
TN:
SF:src/components/ui/primitives.tsx
FN:49,toneStyles
FN:91,AppIcon
FN:103,SectionCard
FN:126,SectionHeading
FN:152,FieldLabel
FN:160,TextField
FN:229,SearchField
FN:263,SegmentedControl
FN:274,(anonymous_8)
FN:278,(anonymous_9)
FN:301,ChoiceChip
FN:335,StatChip
FN:387,PillBadge
FN:422,ActionButton
FN:441,(anonymous_14)
FN:476,StickyFooter
FN:484,LoadingState
FN:495,EmptyState
FN:517,OverlayCard
FN:537,ConfirmDialog
FN:588,InfoLine
FNF:21
FNH:20
FNDA:56,toneStyles
FNDA:131,AppIcon
FNDA:56,SectionCard
FNDA:12,SectionHeading
FNDA:17,FieldLabel
FNDA:11,TextField
FNDA:11,SearchField
FNDA:1,SegmentedControl
FNDA:2,(anonymous_8)
FNDA:1,(anonymous_9)
FNDA:25,ChoiceChip
FNDA:12,StatChip
FNDA:4,PillBadge
FNDA:52,ActionButton
FNDA:52,(anonymous_14)
FNDA:12,StickyFooter
FNDA:0,LoadingState
FNDA:1,EmptyState
FNDA:1,OverlayCard
FNDA:5,ConfirmDialog
FNDA:9,InfoLine
DA:6,9
DA:50,56
DA:51,4
DA:57,52
DA:58,2
DA:64,50
DA:65,2
DA:71,48
DA:72,0
DA:78,48
DA:79,6
DA:85,42
DA:100,131
DA:110,56
DA:112,56
DA:135,12
DA:153,17
DA:179,11
DA:238,11
DA:272,1
DA:275,2
DA:277,2
DA:278,1
DA:312,25
DA:347,12
DA:348,12
DA:355,12
DA:363,12
DA:395,4
DA:405,4
DA:431,52
DA:441,52
DA:442,52
DA:443,49
DA:450,3
DA:453,52
DA:477,12
DA:485,0
DA:504,1
DA:528,1
DA:554,5
DA:555,4
DA:558,1
DA:598,9
DA:600,9
LF:45
LH:43
BRDA:50,0,0,4
BRDA:50,0,1,52
BRDA:50,1,0,56
BRDA:50,1,1,52
BRDA:57,2,0,2
BRDA:57,2,1,50
BRDA:64,3,0,2
BRDA:64,3,1,48
BRDA:71,4,0,0
BRDA:71,4,1,48
BRDA:78,5,0,6
BRDA:78,5,1,42
BRDA:93,6,0,0
BRDA:94,7,0,0
BRDA:105,8,0,42
BRDA:141,9,0,6
BRDA:141,9,1,6
BRDA:167,10,0,11
BRDA:181,11,0,11
BRDA:181,11,1,0
BRDA:182,12,0,3
BRDA:182,12,1,8
BRDA:287,13,0,1
BRDA:287,13,1,1
BRDA:288,14,0,1
BRDA:288,14,1,1
BRDA:290,15,0,1
BRDA:290,15,1,1
BRDA:316,16,0,2
BRDA:316,16,1,23
BRDA:317,17,0,2
BRDA:317,17,1,23
BRDA:325,18,0,1
BRDA:325,18,1,24
BRDA:347,19,0,4
BRDA:347,19,1,8
BRDA:347,20,0,4
BRDA:347,20,1,4
BRDA:348,21,0,4
BRDA:348,21,1,8
BRDA:349,22,0,1
BRDA:349,22,1,3
BRDA:351,23,0,3
BRDA:351,23,1,0
BRDA:355,24,0,4
BRDA:355,24,1,8
BRDA:356,25,0,1
BRDA:356,25,1,3
BRDA:358,26,0,3
BRDA:358,26,1,0
BRDA:376,27,0,4
BRDA:376,27,1,8
BRDA:389,28,0,0
BRDA:395,29,0,2
BRDA:395,29,1,2
BRDA:397,30,0,2
BRDA:397,30,1,0
BRDA:399,31,0,0
BRDA:399,31,1,0
BRDA:401,32,0,0
BRDA:401,32,1,0
BRDA:426,33,0,14
BRDA:427,34,0,28
BRDA:428,35,0,45
BRDA:431,36,0,18
BRDA:431,36,1,34
BRDA:433,37,0,14
BRDA:433,37,1,20
BRDA:435,38,0,7
BRDA:435,38,1,13
BRDA:437,39,0,6
BRDA:437,39,1,7
BRDA:442,40,0,49
BRDA:442,40,1,3
BRDA:442,41,0,52
BRDA:442,41,1,4
BRDA:444,42,0,4
BRDA:444,42,1,45
BRDA:459,43,0,7
BRDA:459,43,1,45
BRDA:463,44,0,7
BRDA:463,44,1,45
BRDA:464,45,0,24
BRDA:464,45,1,28
BRDA:465,46,0,7
BRDA:465,46,1,45
BRDA:466,47,0,2
BRDA:466,47,1,50
BRDA:532,48,0,0
BRDA:532,48,1,1
BRDA:542,49,0,4
BRDA:554,50,0,4
BRDA:554,50,1,1
BRDA:591,51,0,6
BRDA:598,52,0,0
BRDA:598,52,1,9
BRDA:598,53,0,3
BRDA:598,53,1,6
BRF:98
BRH:84
end_of_record
TN:
SF:src/features/home/HomeScreen.tsx
FN:17,Divider
FN:21,formatMealSlot
FN:29,HomeScreen
FN:35,(anonymous_3)
FN:36,(anonymous_4)
FN:60,(anonymous_5)
FN:71,(anonymous_6)
FN:123,(anonymous_7)
FN:138,(anonymous_8)
FN:171,(anonymous_9)
FNF:10
FNH:8
FNDA:0,Divider
FNDA:2,formatMealSlot
FNDA:4,HomeScreen
FNDA:2,(anonymous_3)
FNDA:2,(anonymous_4)
FNDA:0,(anonymous_5)
FNDA:1,(anonymous_6)
FNDA:2,(anonymous_7)
FNDA:2,(anonymous_8)
FNDA:2,(anonymous_9)
DA:18,0
DA:22,2
DA:23,1
DA:26,1
DA:30,4
DA:31,4
DA:32,4
DA:33,4
DA:35,4
DA:36,2
DA:37,2
DA:38,2
DA:40,0
DA:42,2
DA:46,2
DA:49,4
DA:51,4
DA:61,0
DA:62,0
DA:71,1
DA:124,2
DA:126,2
DA:128,2
DA:131,2
DA:133,2
DA:139,2
DA:140,2
DA:172,2
LF:28
LH:24
BRDA:22,0,0,1
BRDA:22,0,1,1
BRDA:22,1,0,2
BRDA:22,1,1,1
BRDA:40,2,0,0
BRDA:40,2,1,0
BRDA:49,3,0,4
BRDA:49,3,1,2
BRDA:69,4,0,2
BRDA:69,4,1,2
BRDA:76,5,0,2
BRDA:76,5,1,2
BRDA:82,6,0,0
BRDA:82,6,1,2
BRDA:88,7,0,2
BRDA:88,7,1,0
BRDA:118,8,0,0
BRDA:118,8,1,2
BRDA:126,9,0,2
BRDA:126,9,1,0
BRDA:128,10,0,2
BRDA:128,10,1,0
BRDA:128,11,0,2
BRDA:128,11,1,2
BRDA:134,12,0,2
BRDA:134,12,1,1
BRDA:134,13,0,2
BRDA:134,13,1,0
BRDA:135,14,0,0
BRDA:135,14,1,2
BRDA:139,15,0,2
BRDA:139,15,1,0
BRDA:149,16,0,2
BRDA:149,16,1,0
BRF:34
BRH:23
end_of_record
TN:
SF:src/features/kitchen/EditOcrItemScreen.tsx
FN:24,EditOcrItemScreen
FN:27,(anonymous_1)
FN:35,(anonymous_2)
FN:36,(anonymous_3)
FN:38,(anonymous_4)
FN:52,(anonymous_5)
FN:83,(anonymous_6)
FN:185,(anonymous_7)
FN:191,(anonymous_8)
FN:233,(anonymous_9)
FNF:10
FNH:7
FNDA:3,EditOcrItemScreen
FNDA:10,(anonymous_1)
FNDA:1,(anonymous_2)
FNDA:1,(anonymous_3)
FNDA:1,(anonymous_4)
FNDA:2,(anonymous_5)
FNDA:0,(anonymous_6)
FNDA:0,(anonymous_7)
FNDA:1,(anonymous_8)
FNDA:0,(anonymous_9)
DA:25,3
DA:26,3
DA:27,10
DA:28,3
DA:29,3
DA:30,3
DA:31,3
DA:32,3
DA:33,3
DA:35,3
DA:36,1
DA:37,1
DA:38,1
DA:39,1
DA:40,0
DA:42,1
DA:43,1
DA:44,1
DA:45,1
DA:46,1
DA:49,1
DA:52,3
DA:53,3
DA:55,3
DA:60,3
DA:61,1
DA:70,2
DA:185,0
DA:192,1
DA:193,0
DA:200,0
DA:203,1
DA:204,0
DA:210,0
DA:213,1
DA:220,1
DA:225,1
DA:234,0
DA:235,0
DA:240,0
LF:40
LH:31
BRDA:39,0,0,0
BRDA:39,0,1,1
BRDA:46,1,0,1
BRDA:46,1,1,1
BRDA:55,2,0,3
BRDA:55,2,1,2
BRDA:55,2,2,2
BRDA:55,2,3,2
BRDA:55,2,4,0
BRDA:60,3,0,1
BRDA:60,3,1,2
BRDA:126,4,0,2
BRDA:126,4,1,0
BRDA:158,5,0,0
BRDA:158,5,1,2
BRDA:161,6,0,0
BRDA:161,6,1,2
BRDA:190,7,0,2
BRDA:190,7,1,2
BRDA:192,8,0,0
BRDA:192,8,1,1
BRDA:195,9,0,0
BRDA:195,9,1,0
BRDA:203,10,0,0
BRDA:203,10,1,1
BRDA:215,11,0,1
BRDA:215,11,1,0
BRDA:251,12,0,2
BRDA:251,12,1,0
BRF:29
BRH:18
end_of_record
TN:
SF:src/features/kitchen/KitchenHubScreen.tsx
FN:33,Divider
FN:37,quantityLabel
FN:41,dayDiff
FN:53,inventoryHint
FN:77,KitchenHubScreen
FN:79,(anonymous_5)
FN:89,(anonymous_6)
FN:108,(anonymous_7)
FN:112,(anonymous_8)
FN:116,(anonymous_9)
FN:125,(anonymous_10)
FN:127,(anonymous_11)
FN:133,(anonymous_12)
FN:140,(anonymous_13)
FN:162,(anonymous_14)
FN:171,(anonymous_15)
FN:195,(anonymous_16)
FN:216,(anonymous_17)
FN:237,(anonymous_18)
FN:243,(anonymous_19)
FN:249,(anonymous_20)
FN:290,(anonymous_21)
FN:298,(anonymous_22)
FN:299,(anonymous_23)
FN:301,(anonymous_24)
FN:327,(anonymous_25)
FN:365,(anonymous_26)
FN:370,(anonymous_27)
FNF:28
FNH:13
FNDA:0,Divider
FNDA:3,quantityLabel
FNDA:3,dayDiff
FNDA:3,inventoryHint
FNDA:5,KitchenHubScreen
FNDA:15,(anonymous_5)
FNDA:2,(anonymous_6)
FNDA:1,(anonymous_7)
FNDA:2,(anonymous_8)
FNDA:1,(anonymous_9)
FNDA:2,(anonymous_10)
FNDA:0,(anonymous_11)
FNDA:0,(anonymous_12)
FNDA:0,(anonymous_13)
FNDA:0,(anonymous_14)
FNDA:0,(anonymous_15)
FNDA:0,(anonymous_16)
FNDA:0,(anonymous_17)
FNDA:0,(anonymous_18)
FNDA:0,(anonymous_19)
FNDA:1,(anonymous_20)
FNDA:0,(anonymous_21)
FNDA:0,(anonymous_22)
FNDA:0,(anonymous_23)
FNDA:0,(anonymous_24)
FNDA:0,(anonymous_25)
FNDA:3,(anonymous_26)
FNDA:1,(anonymous_27)
DA:27,1
DA:34,0
DA:38,3
DA:42,3
DA:43,3
DA:46,0
DA:47,0
DA:48,0
DA:49,0
DA:50,0
DA:54,3
DA:55,0
DA:58,3
DA:60,3
DA:61,3
DA:67,0
DA:68,0
DA:71,0
DA:78,5
DA:79,15
DA:80,5
DA:81,5
DA:82,5
DA:83,5
DA:84,5
DA:85,5
DA:86,5
DA:87,5
DA:89,5
DA:90,2
DA:91,2
DA:92,2
DA:93,2
DA:98,2
DA:99,2
DA:100,2
DA:102,0
DA:104,2
DA:108,5
DA:109,1
DA:112,5
DA:113,2
DA:116,5
DA:117,1
DA:118,0
DA:121,1
DA:122,1
DA:125,5
DA:126,2
DA:127,2
DA:129,2
DA:130,2
DA:133,0
DA:137,5
DA:141,0
DA:142,0
DA:143,0
DA:149,0
DA:150,0
DA:156,0
DA:157,0
DA:162,0
DA:172,0
DA:173,0
DA:174,0
DA:180,0
DA:181,0
DA:187,0
DA:195,0
DA:203,5
DA:217,0
DA:218,0
DA:219,0
DA:237,0
DA:243,0
DA:249,1
DA:291,0
DA:292,0
DA:299,0
DA:300,0
DA:301,0
DA:328,0
DA:329,0
DA:334,0
DA:366,3
DA:367,3
DA:370,1
LF:87
LH:46
BRDA:42,0,0,3
BRDA:42,0,1,0
BRDA:54,1,0,0
BRDA:54,1,1,3
BRDA:58,2,0,3
BRDA:58,2,1,3
BRDA:60,3,0,3
BRDA:60,3,1,0
BRDA:62,4,0,0
BRDA:62,4,1,3
BRDA:62,5,0,1
BRDA:62,5,1,2
BRDA:63,6,0,0
BRDA:63,6,1,3
BRDA:63,7,0,1
BRDA:63,7,1,2
BRDA:67,8,0,0
BRDA:67,8,1,0
BRDA:73,9,0,0
BRDA:73,9,1,0
BRDA:89,10,0,2
BRDA:96,11,0,0
BRDA:96,11,1,2
BRDA:102,12,0,0
BRDA:102,12,1,0
BRDA:117,13,0,0
BRDA:117,13,1,1
BRDA:127,14,0,2
BRDA:127,14,1,1
BRDA:129,15,0,2
BRDA:129,15,1,0
BRDA:137,16,0,0
BRDA:137,16,1,5
BRDA:141,17,0,0
BRDA:141,17,1,0
BRDA:160,18,0,0
BRDA:160,18,1,0
BRDA:172,19,0,0
BRDA:172,19,1,0
BRDA:190,20,0,2
BRDA:190,20,1,3
BRDA:195,21,0,0
BRDA:195,21,1,0
BRDA:197,22,0,2
BRDA:197,22,1,3
BRDA:207,23,0,0
BRDA:207,23,1,5
BRDA:218,24,0,0
BRDA:218,24,1,0
BRDA:223,25,0,0
BRDA:223,25,1,5
BRDA:225,26,0,2
BRDA:225,26,1,3
BRDA:231,27,0,4
BRDA:231,27,1,1
BRDA:255,28,0,0
BRDA:255,28,1,5
BRDA:260,29,0,2
BRDA:260,29,1,3
BRDA:266,30,0,0
BRDA:266,30,1,3
BRDA:272,31,0,0
BRDA:272,31,1,3
BRDA:283,32,0,0
BRDA:283,32,1,0
BRDA:294,33,0,0
BRDA:294,33,1,0
BRDA:300,34,0,0
BRDA:300,34,1,0
BRDA:309,35,0,0
BRDA:309,35,1,0
BRDA:310,36,0,0
BRDA:310,36,1,0
BRDA:311,37,0,0
BRDA:311,37,1,0
BRDA:317,38,0,0
BRDA:317,38,1,0
BRDA:358,39,0,1
BRDA:358,39,1,2
BRDA:359,40,0,3
BRDA:359,40,1,0
BRDA:363,41,0,3
BRDA:363,41,1,0
BRDA:369,42,0,0
BRDA:369,42,1,3
BRDA:376,43,0,3
BRDA:376,43,1,0
BRDA:376,44,0,3
BRDA:376,44,1,0
BRDA:378,45,0,3
BRDA:378,45,1,0
BRF:91
BRH:41
end_of_record
TN:
SF:src/features/kitchen/KitchenItemScreen.tsx
FN:50,(anonymous_0)
FN:54,normalizeInventoryEditUnit
FN:61,Divider
FN:65,quantitySummary
FN:75,dayDiff
FN:93,sourceLabel
FN:105,KitchenItemScreen
FN:108,(anonymous_7)
FN:119,(anonymous_8)
FN:120,(anonymous_9)
FN:132,(anonymous_10)
FN:141,(anonymous_11)
FN:156,(anonymous_12)
FN:221,(anonymous_13)
FN:227,(anonymous_14)
FN:279,(anonymous_15)
FN:323,(anonymous_16)
FN:338,(anonymous_17)
FN:354,(anonymous_18)
FN:355,(anonymous_19)
FNF:20
FNH:13
FNDA:3,(anonymous_0)
FNDA:1,normalizeInventoryEditUnit
FNDA:0,Divider
FNDA:3,quantitySummary
FNDA:3,dayDiff
FNDA:3,sourceLabel
FNDA:4,KitchenItemScreen
FNDA:13,(anonymous_7)
FNDA:1,(anonymous_8)
FNDA:1,(anonymous_9)
FNDA:1,(anonymous_10)
FNDA:2,(anonymous_11)
FNDA:1,(anonymous_12)
FNDA:0,(anonymous_13)
FNDA:3,(anonymous_14)
FNDA:0,(anonymous_15)
FNDA:0,(anonymous_16)
FNDA:0,(anonymous_17)
FNDA:0,(anonymous_18)
FNDA:0,(anonymous_19)
DA:29,1
DA:35,1
DA:50,3
DA:55,1
DA:56,1
DA:62,0
DA:66,3
DA:68,3
DA:69,0
DA:72,3
DA:76,3
DA:77,3
DA:80,0
DA:81,0
DA:82,0
DA:83,0
DA:84,0
DA:86,0
DA:87,0
DA:90,0
DA:94,3
DA:95,0
DA:98,3
DA:99,0
DA:102,3
DA:106,4
DA:107,4
DA:108,13
DA:109,4
DA:110,4
DA:111,4
DA:112,4
DA:113,4
DA:114,4
DA:115,4
DA:116,4
DA:117,4
DA:119,4
DA:120,1
DA:121,1
DA:122,1
DA:123,1
DA:124,1
DA:125,1
DA:126,1
DA:127,1
DA:130,1
DA:131,1
DA:132,1
DA:134,0
DA:138,1
DA:141,4
DA:142,2
DA:143,1
DA:146,1
DA:149,4
DA:151,4
DA:156,4
DA:157,1
DA:158,0
DA:161,1
DA:162,0
DA:169,0
DA:172,1
DA:173,0
DA:179,0
DA:182,1
DA:190,1
DA:195,1
DA:198,4
DA:199,1
DA:208,3
DA:228,3
DA:279,0
DA:324,0
DA:325,0
DA:328,0
DA:333,0
DA:338,0
DA:354,0
DA:356,0
DA:357,0
DA:362,0
LF:83
LH:55
BRDA:56,0,0,1
BRDA:56,0,1,0
BRDA:68,1,0,0
BRDA:68,1,1,3
BRDA:69,2,0,0
BRDA:69,2,1,0
BRDA:69,3,0,0
BRDA:69,3,1,0
BRDA:72,4,0,3
BRDA:72,4,1,0
BRDA:76,5,0,3
BRDA:76,5,1,0
BRDA:86,6,0,0
BRDA:86,6,1,0
BRDA:94,7,0,0
BRDA:94,7,1,3
BRDA:98,8,0,0
BRDA:98,8,1,3
BRDA:124,9,0,1
BRDA:124,9,1,0
BRDA:130,10,0,0
BRDA:130,10,1,1
BRDA:130,11,0,1
BRDA:130,11,1,1
BRDA:134,12,0,0
BRDA:134,12,1,0
BRDA:142,13,0,1
BRDA:142,13,1,1
BRDA:146,14,0,0
BRDA:146,14,1,1
BRDA:146,15,0,1
BRDA:146,15,1,1
BRDA:151,16,0,4
BRDA:151,16,1,3
BRDA:151,16,2,3
BRDA:151,16,3,3
BRDA:151,16,4,0
BRDA:157,17,0,0
BRDA:157,17,1,1
BRDA:161,18,0,0
BRDA:161,18,1,1
BRDA:164,19,0,0
BRDA:164,19,1,0
BRDA:172,20,0,0
BRDA:172,20,1,1
BRDA:172,21,0,1
BRDA:172,21,1,1
BRDA:184,22,0,1
BRDA:184,22,1,0
BRDA:185,23,0,1
BRDA:185,23,1,0
BRDA:198,24,0,1
BRDA:198,24,1,3
BRDA:201,25,0,0
BRDA:201,25,1,1
BRDA:202,26,0,1
BRDA:202,26,1,1
BRDA:223,27,0,3
BRDA:223,27,1,0
BRDA:227,28,0,3
BRDA:227,28,1,0
BRDA:229,29,0,0
BRDA:229,29,1,3
BRDA:231,30,0,3
BRDA:231,30,1,0
BRDA:231,31,0,3
BRDA:231,31,1,0
BRDA:235,32,0,3
BRDA:235,32,1,0
BRDA:237,33,0,0
BRDA:237,33,1,0
BRDA:237,34,0,0
BRDA:237,34,1,0
BRDA:262,35,0,3
BRDA:262,35,1,0
BRDA:297,36,0,0
BRDA:297,36,1,3
BRDA:300,37,0,0
BRDA:300,37,1,3
BRDA:347,38,0,3
BRDA:347,38,1,0
BRF:81
BRH:41
end_of_record
TN:
SF:src/features/kitchen/components/MeasurementUnitDropdown.tsx
FN:16,MeasurementUnitDropdown
FN:32,(anonymous_1)
FN:33,(anonymous_2)
FN:46,(anonymous_3)
FN:46,(anonymous_4)
FN:70,(anonymous_5)
FN:77,(anonymous_6)
FN:85,(anonymous_7)
FNF:8
FNH:8
FNDA:4,MeasurementUnitDropdown
FNDA:2,(anonymous_1)
FNDA:6,(anonymous_2)
FNDA:1,(anonymous_3)
FNDA:1,(anonymous_4)
FNDA:3,(anonymous_5)
FNDA:10,(anonymous_6)
FNDA:1,(anonymous_7)
DA:31,4
DA:32,4
DA:33,6
DA:34,2
DA:37,4
DA:46,1
DA:71,3
DA:78,10
DA:80,10
DA:86,1
DA:87,1
LF:11
LH:11
BRDA:20,0,0,4
BRDA:21,1,0,0
BRDA:22,2,0,0
BRDA:34,3,0,2
BRDA:34,3,1,0
BRDA:53,4,0,1
BRDA:53,4,1,3
BRDA:58,5,0,4
BRDA:58,5,1,0
BRDA:62,6,0,1
BRDA:62,6,1,3
BRDA:68,7,0,1
BRDA:68,7,1,3
BRDA:72,8,0,2
BRDA:72,8,1,1
BRDA:95,9,0,1
BRDA:95,9,1,9
BRDA:96,10,0,1
BRDA:96,10,1,9
BRDA:101,11,0,1
BRDA:101,11,1,9
BRDA:107,12,0,1
BRDA:107,12,1,9
BRF:23
BRH:19
end_of_record
TN:
SF:src/features/kitchen/components/MeasurementUnitPicker.tsx
FN:9,MeasurementUnitPicker
FN:26,(anonymous_1)
FN:32,(anonymous_2)
FN:37,(anonymous_3)
FNF:4
FNH:4
FNDA:2,MeasurementUnitPicker
FNDA:6,(anonymous_1)
FNDA:24,(anonymous_2)
FNDA:1,(anonymous_3)
DA:20,2
DA:27,6
DA:33,24
DA:37,1
LF:4
LH:4
BRDA:12,0,0,2
BRDA:13,1,0,0
BRF:2
BRH:1
end_of_record
TN:
SF:src/features/planner/PlannerScreen.tsx
FN:17,Divider
FN:21,PlannerScreen
FN:23,(anonymous_2)
FN:28,(anonymous_3)
FN:29,(anonymous_4)
FN:50,(anonymous_5)
FN:54,(anonymous_6)
FN:113,(anonymous_7)
FN:121,(anonymous_8)
FNF:9
FNH:8
FNDA:0,Divider
FNDA:2,PlannerScreen
FNDA:7,(anonymous_2)
FNDA:1,(anonymous_3)
FNDA:1,(anonymous_4)
FNDA:1,(anonymous_5)
FNDA:1,(anonymous_6)
FNDA:1,(anonymous_7)
FNDA:1,(anonymous_8)
DA:18,0
DA:22,2
DA:23,7
DA:24,2
DA:25,2
DA:26,2
DA:28,2
DA:29,1
DA:30,1
DA:31,1
DA:33,0
DA:35,1
DA:39,1
DA:42,2
DA:50,1
DA:55,1
DA:56,1
DA:61,1
DA:114,1
DA:121,1
LF:20
LH:18
BRDA:33,0,0,0
BRDA:33,0,1,0
BRDA:48,1,0,1
BRDA:48,1,1,1
BRDA:70,2,0,1
BRDA:70,2,1,1
BRDA:76,3,0,0
BRDA:76,3,1,1
BRDA:82,4,0,1
BRDA:82,4,1,0
BRDA:115,5,0,0
BRDA:115,5,1,1
BRF:12
BRH:7
end_of_record
TN:
SF:src/features/recipes/RecipeDetailScreen.tsx
FN:18,estimateMinutes
FN:22,RecipeDetailScreen
FN:25,(anonymous_2)
FN:30,(anonymous_3)
FN:34,(anonymous_4)
FN:50,(anonymous_5)
FN:62,(anonymous_6)
FN:92,(anonymous_7)
FN:113,(anonymous_8)
FN:136,(anonymous_9)
FN:170,(anonymous_10)
FN:174,(anonymous_11)
FNF:12
FNH:10
FNDA:4,estimateMinutes
FNDA:5,RecipeDetailScreen
FNDA:17,(anonymous_2)
FNDA:1,(anonymous_3)
FNDA:1,(anonymous_4)
FNDA:0,(anonymous_5)
FNDA:0,(anonymous_6)
FNDA:4,(anonymous_7)
FNDA:4,(anonymous_8)
FNDA:1,(anonymous_9)
FNDA:20,(anonymous_10)
FNDA:1,(anonymous_11)
DA:19,4
DA:23,5
DA:24,5
DA:25,17
DA:26,5
DA:27,5
DA:28,5
DA:30,5
DA:31,1
DA:34,5
DA:35,1
DA:38,5
DA:51,0
DA:52,0
DA:53,0
DA:62,0
DA:93,4
DA:114,4
DA:137,1
DA:138,1
DA:139,1
DA:140,1
DA:141,1
DA:147,1
DA:171,20
DA:175,1
DA:176,1
DA:177,1
DA:178,1
DA:179,1
DA:185,1
LF:31
LH:27
BRDA:44,0,0,4
BRDA:44,0,1,1
BRDA:70,1,0,4
BRDA:70,1,1,1
BRDA:82,2,0,4
BRDA:82,2,1,0
BRDA:83,3,0,4
BRDA:83,3,1,0
BRDA:135,4,0,0
BRDA:135,4,1,4
BRDA:142,5,0,1
BRDA:142,5,1,0
BRDA:152,6,0,2
BRDA:152,6,1,2
BRDA:154,7,0,0
BRDA:154,7,1,2
BRDA:165,8,0,4
BRDA:165,8,1,0
BRDA:198,9,0,4
BRDA:198,9,1,16
BRDA:199,10,0,4
BRDA:199,10,1,16
BRDA:200,11,0,5
BRDA:200,11,1,15
BRDA:203,12,0,13
BRDA:203,12,1,7
BRDA:203,13,0,20
BRDA:203,13,1,20
BRDA:205,14,0,13
BRDA:205,14,1,7
BRDA:205,15,0,20
BRDA:205,15,1,20
BRDA:207,16,0,4
BRDA:207,16,1,16
BRDA:214,17,0,1
BRDA:214,17,1,3
BRF:36
BRH:30
end_of_record
TN:
SF:src/hooks/useKeyboardVisible.ts
FN:5,keyboardOverlapHeight
FN:12,useKeyboardMetrics
FN:19,(anonymous_2)
FN:22,(anonymous_3)
FN:28,(anonymous_4)
FN:36,(anonymous_5)
FN:44,(anonymous_6)
FN:54,useKeyboardVisible
FNF:8
FNH:3
FNDA:0,keyboardOverlapHeight
FNDA:23,useKeyboardMetrics
FNDA:7,(anonymous_2)
FNDA:0,(anonymous_3)
FNDA:0,(anonymous_4)
FNDA:0,(anonymous_5)
FNDA:7,(anonymous_6)
FNDA:0,useKeyboardVisible
DA:6,0
DA:7,0
DA:9,0
DA:13,23
DA:14,23
DA:19,23
DA:20,7
DA:21,7
DA:22,7
DA:23,0
DA:28,7
DA:29,0
DA:35,7
DA:37,0
DA:44,7
DA:45,7
DA:46,7
DA:47,7
DA:51,23
DA:55,0
LF:20
LH:13
BRDA:6,0,0,0
BRDA:6,0,1,0
BRDA:7,1,0,0
BRDA:7,1,1,0
BRDA:20,2,0,7
BRDA:20,2,1,0
BRDA:21,3,0,7
BRDA:21,3,1,0
BRDA:35,4,0,7
BRDA:35,4,1,0
BRF:10
BRH:3
end_of_record
TN:
SF:src/lib/authSession.ts
FN:16,getStorageItem
FN:24,setStorageItem
FN:33,removeStorageItem
FN:42,getChunkCountKey
FN:46,getChunkKey
FN:50,getChunkCount
FN:61,clearChunkedValue
FN:66,(anonymous_7)
FN:75,getNativeItem
FN:83,(anonymous_9)
FN:88,(anonymous_10)
FN:95,setNativeItem
FN:105,(anonymous_12)
FN:110,(anonymous_13)
FN:117,removeNativeItem
FN:122,getRawItem
FN:130,setRawItem
FN:139,removeRawItem
FN:148,getStoredAuthSession
FN:158,setStoredAuthSession
FN:162,clearStoredAuthSession
FNF:21
FNH:18
FNDA:0,getStorageItem
FNDA:0,setStorageItem
FNDA:0,removeStorageItem
FNDA:15,getChunkCountKey
FNDA:16,getChunkKey
FNDA:8,getChunkCount
FNDA:5,clearChunkedValue
FNDA:4,(anonymous_7)
FNDA:3,getNativeItem
FNDA:4,(anonymous_9)
FNDA:4,(anonymous_10)
FNDA:4,setNativeItem
FNDA:8,(anonymous_12)
FNDA:8,(anonymous_13)
FNDA:1,removeNativeItem
FNDA:3,getRawItem
FNDA:4,setRawItem
FNDA:1,removeRawItem
FNDA:3,getStoredAuthSession
FNDA:4,setStoredAuthSession
FNDA:1,clearStoredAuthSession
DA:11,3
DA:12,3
DA:13,3
DA:14,3
DA:17,0
DA:18,0
DA:21,0
DA:25,0
DA:26,0
DA:27,0
DA:30,0
DA:34,0
DA:35,0
DA:36,0
DA:39,0
DA:43,15
DA:47,16
DA:51,8
DA:53,8
DA:54,6
DA:57,2
DA:58,2
DA:62,5
DA:64,5
DA:65,1
DA:67,4
DA:72,5
DA:76,3
DA:78,3
DA:79,2
DA:82,1
DA:84,4
DA:88,4
DA:89,0
DA:92,1
DA:96,4
DA:98,4
DA:99,2
DA:100,2
DA:103,2
DA:104,2
DA:105,2
DA:106,8
DA:109,2
DA:111,8
DA:114,2
DA:118,1
DA:119,1
DA:123,3
DA:124,0
DA:127,3
DA:131,4
DA:132,0
DA:133,0
DA:136,4
DA:140,1
DA:141,0
DA:142,0
DA:145,1
DA:149,3
DA:151,3
DA:152,1
DA:155,2
DA:159,4
DA:163,1
LF:65
LH:48
BRDA:17,0,0,0
BRDA:17,0,1,0
BRDA:17,1,0,0
BRDA:17,1,1,0
BRDA:21,2,0,0
BRDA:21,2,1,0
BRDA:25,3,0,0
BRDA:25,3,1,0
BRDA:25,4,0,0
BRDA:25,4,1,0
BRDA:34,5,0,0
BRDA:34,5,1,0
BRDA:34,6,0,0
BRDA:34,6,1,0
BRDA:53,7,0,6
BRDA:53,7,1,2
BRDA:58,8,0,2
BRDA:58,8,1,0
BRDA:58,9,0,2
BRDA:58,9,1,2
BRDA:64,10,0,1
BRDA:64,10,1,4
BRDA:78,11,0,2
BRDA:78,11,1,1
BRDA:79,12,0,2
BRDA:79,12,1,1
BRDA:88,13,0,0
BRDA:88,13,1,1
BRDA:98,14,0,2
BRDA:98,14,1,2
BRDA:123,15,0,0
BRDA:123,15,1,3
BRDA:131,16,0,0
BRDA:131,16,1,4
BRDA:140,17,0,0
BRDA:140,17,1,1
BRDA:151,18,0,1
BRDA:151,18,1,2
BRF:38
BRH:19
end_of_record
TN:
SF:src/lib/services/recipesService.ts
FN:12,listRecipes
FN:16,getRecipe
FN:20,getActiveGeneration
FN:24,startGeneration
FN:28,getGeneration
FN:32,getGenerationRevisions
FN:36,createGenerationRevision
FN:43,acceptGeneration
FN:47,setFavorite
FN:55,cookRecipe
FN:59,rateRecipe
FNF:11
FNH:3
FNDA:1,listRecipes
FNDA:0,getRecipe
FNDA:0,getActiveGeneration
FNDA:0,startGeneration
FNDA:0,getGeneration
FNDA:0,getGenerationRevisions
FNDA:0,createGenerationRevision
FNDA:0,acceptGeneration
FNDA:2,setFavorite
FNDA:0,cookRecipe
FNDA:1,rateRecipe
DA:13,1
DA:17,0
DA:21,0
DA:25,0
DA:29,0
DA:33,0
DA:40,0
DA:44,0
DA:48,2
DA:49,1
DA:52,1
DA:56,0
DA:60,1
DA:63,1
LF:14
LH:6
BRDA:12,0,0,0
BRDA:48,1,0,1
BRDA:48,1,1,1
BRF:3
BRH:2
end_of_record
TN:
SF:src/lib/store/uiStore.ts
FN:20,(anonymous_0)
FN:22,(anonymous_1)
FN:23,(anonymous_2)
FN:32,(anonymous_3)
FN:33,(anonymous_4)
FN:34,(anonymous_5)
FNF:6
FNH:6
FNDA:6,(anonymous_0)
FNDA:7,(anonymous_1)
FNDA:7,(anonymous_2)
FNDA:2,(anonymous_3)
FNDA:2,(anonymous_4)
FNDA:2,(anonymous_5)
DA:18,6
DA:20,6
DA:23,7
DA:33,2
DA:34,2
LF:5
LH:5
BRF:0
BRH:0
end_of_record
TN:
SF:src/lib/utils/measurement.ts
FN:38,formatNumber
FN:44,isSupportedMeasurementUnit
FN:50,isCountMeasurementUnit
FN:56,normalizeEditableMeasurementUnit
FN:64,formatMeasurement
FNF:5
FNH:5
FNDA:11,formatNumber
FNDA:6,isSupportedMeasurementUnit
FNDA:15,isCountMeasurementUnit
FNDA:2,normalizeEditableMeasurementUnit
FNDA:11,formatMeasurement
DA:1,4
DA:16,4
DA:27,4
DA:40,11
DA:41,11
DA:45,6
DA:51,15
DA:60,2
DA:61,2
DA:69,11
DA:70,0
DA:73,11
DA:75,11
DA:76,4
DA:79,7
DA:80,1
DA:83,6
DA:84,3
DA:87,3
DA:88,3
DA:89,2
DA:94,1
DA:97,4
DA:99,4
LF:24
LH:23
BRDA:40,0,0,5
BRDA:40,0,1,6
BRDA:40,1,0,6
BRDA:40,1,1,0
BRDA:52,2,0,15
BRDA:52,2,1,0
BRDA:58,3,0,2
BRDA:60,4,0,2
BRDA:60,4,1,0
BRDA:61,5,0,2
BRDA:61,5,1,0
BRDA:67,6,0,5
BRDA:69,7,0,0
BRDA:69,7,1,11
BRDA:69,8,0,11
BRDA:69,8,1,11
BRDA:75,9,0,4
BRDA:75,9,1,7
BRDA:75,10,0,11
BRDA:75,10,1,7
BRDA:79,11,0,1
BRDA:79,11,1,6
BRDA:79,12,0,7
BRDA:79,12,1,1
BRDA:83,13,0,3
BRDA:83,13,1,3
BRDA:83,14,0,6
BRDA:83,14,1,3
BRDA:88,15,0,2
BRDA:88,15,1,1
BRDA:90,16,0,1
BRDA:90,16,1,1
BRF:32
BRH:27
end_of_record
TN:
SF:src/test/render.tsx
FN:10,renderWithProviders
FNF:1
FNH:1
FNDA:22,renderWithProviders
DA:5,10
DA:11,22
LF:2
LH:2
BRF:0
BRH:0
end_of_record
